<?xml version="1.0" encoding="UTF-8"?><testsuites>
<testsuite xmlns:xsi="http://www.w3.org/2001/XMLSchema-instance" xsi:noNamespaceSchemaLocation="https://maven.apache.org/surefire/maven-surefire-plugin/xsd/surefire-test-report.xsd" name="sk.stuba.fei.uim.vsa.pr2.StudentResourceTest" time="10.083" tests="10" errors="0" skipped="0" failures="6">
  <properties>
[...]
</properties>
  <testcase name="shouldGetNotFoundForNonExistingStudent" classname="sk.stuba.fei.uim.vsa.pr2.StudentResourceTest" time="1.67">
    <failure message="expected: &lt;true&gt; but was: &lt;false&gt;" type="org.opentest4j.AssertionFailedError"><![CDATA[org.opentest4j.AssertionFailedError: expected: <true> but was: <false>
	at sk.stuba.fei.uim.vsa.pr2.StudentResourceTest.shouldGetNotFoundForNonExistingStudent(StudentResourceTest.java:166)
]]></failure>
    <system-out><![CDATA[2023-05-18 11:04:12.101  INFO --- [           main] s.s.fei.uim.vsa.pr2.utils.ResourceTest   : Starting HTTP server for testing
2023-05-18 11:04:12.101  INFO --- [           main] s.s.fei.uim.vsa.pr2.Project2Application  : Starting Grizzly2 HTTP server...
2023-05-18 11:04:12.101  INFO --- [           main] s.s.fei.uim.vsa.pr2.Project2Application  : Server listening on http://docker-desktop:8080/api
2023-05-18 11:04:12.139  INFO --- [           main] org.reflections.Reflections              : Reflections took 18 ms to scan 2 urls, producing 18 keys and 35 values
2023-05-18 11:04:12.139  INFO --- [           main] .s.f.u.v.p.JAXRSApplicationConfiguration : Registered resource classes: [class sk.stuba.fei.uim.vsa.pr2.api.resources.TeacherResource, class sk.stuba.fei.uim.vsa.pr2.api.resources.StudentResource, class sk.stuba.fei.uim.vsa.pr2.api.resources.SearchResource, class sk.stuba.fei.uim.vsa.pr2.api.resources.ThesisResource]
2023-05-18 11:04:12.140  INFO --- [           main] .s.f.u.v.p.JAXRSApplicationConfiguration : Registered feature providers: [class sk.stuba.fei.uim.vsa.pr2.auth.AuthFilter]
[EL Fine]: moxy: 2023-05-18 11:04:12.216--Thread(Thread[main,5,main])--SAXParserFactory instance: com.sun.org.apache.xerces.internal.jaxp.SAXParserFactoryImpl@5300cac
2023-05-18 11:04:12.251  INFO --- [           main] s.s.fei.uim.vsa.pr2.utils.ResourceTest   : Creating client for HTTP server
2023-05-18 11:04:12.253  INFO --- [           main] s.s.fei.uim.vsa.pr2.utils.ResourceTest   : Client created JerseyWebTarget { http://docker-desktop:8080/api }
[EL Fine]: moxy: 2023-05-18 11:04:12.29--Thread(Thread[main,5,main])--SAXParserFactory instance: com.sun.org.apache.xerces.internal.jaxp.SAXParserFactoryImpl@10a0fe30
[EL Fine]: sql: 2023-05-18 11:04:13.318--ServerSession(764358458)--Connection(399149970)--Thread(Thread[grizzly-http-server-0,5,main])--SELECT ID, AISID, EMAIL, NAME, PASSWORD, SEMESTER, STUDYPROGRAM, STUDYYEAR FROM STUDENT WHERE (AISID = ?)
	bind => [70127]
[EL Fine]: sql: 2023-05-18 11:04:13.323--ServerSession(764358458)--Connection(399149970)--Thread(Thread[grizzly-http-server-0,5,main])--SELECT ID, AISID, EMAIL, NAME, PASSWORD, SEMESTER, STUDYPROGRAM, STUDYYEAR FROM STUDENT WHERE (EMAIL = ?)
	bind => [xstudent@stuba.sk]
[EL Fine]: sql: 2023-05-18 11:04:13.324--ServerSession(764358458)--Connection(399149970)--Thread(Thread[grizzly-http-server-0,5,main])--SELECT ID, AISID, EMAIL, NAME, PASSWORD, SEMESTER, STUDYPROGRAM, STUDYYEAR FROM STUDENT WHERE (AISID = ?)
	bind => [70127]
[EL Fine]: sql: 2023-05-18 11:04:13.326--ClientSession(683569012)--Connection(399149970)--Thread(Thread[grizzly-http-server-0,5,main])--UPDATE SEQUENCE SET SEQ_COUNT = SEQ_COUNT + ? WHERE SEQ_NAME = ?
	bind => [50, SEQ_GEN]
[EL Fine]: sql: 2023-05-18 11:04:13.328--ClientSession(683569012)--Connection(399149970)--Thread(Thread[grizzly-http-server-0,5,main])--SELECT SEQ_COUNT FROM SEQUENCE WHERE SEQ_NAME = ?
	bind => [SEQ_GEN]
[EL Fine]: sql: 2023-05-18 11:04:13.341--ClientSession(683569012)--Connection(399149970)--Thread(Thread[grizzly-http-server-0,5,main])--INSERT INTO STUDENT (ID, AISID, EMAIL, NAME, PASSWORD, SEMESTER, STUDYPROGRAM, STUDYYEAR) VALUES (?, ?, ?, ?, ?, ?, ?, ?)
	bind => [1, 70127, xstudent@stuba.sk, Test Student, $2a$13$eSZV/TknXpHDHQgC47r16uNiT6TB3lv6..eahCn/KVJD8n5JxPsiW, 18, API, 8]
com.fasterxml.jackson.databind.ObjectMapper@4bdc493a
[EL Fine]: sql: 2023-05-18 11:04:13.421--ServerSession(764358458)--Connection(399149970)--Thread(Thread[grizzly-http-server-1,5,main])--SELECT ID, AISID, EMAIL, NAME, PASSWORD, SEMESTER, STUDYPROGRAM, STUDYYEAR FROM STUDENT WHERE (EMAIL = ?)
	bind => [xstudent@stuba.sk]
[EL Fine]: sql: 2023-05-18 11:04:13.423--ServerSession(764358458)--Connection(399149970)--Thread(Thread[grizzly-http-server-1,5,main])--SELECT ID, AISID, DEPARTMENT, EMAIL, INSTITUTE, NAME, PASSWORD FROM TEACHER WHERE (EMAIL = ?)
	bind => [xstudent@stuba.sk]
]]></system-out>
    <system-err><![CDATA[May 18, 2023 11:04:12 AM org.glassfish.grizzly.http.server.NetworkListener start
INFO: Started listener bound to [docker-desktop:8080]
May 18, 2023 11:04:12 AM org.glassfish.grizzly.http.server.HttpServer start
INFO: [HttpServer-1] Started.
]]></system-err>
  </testcase>
  <testcase name="shouldCreateStudent" classname="sk.stuba.fei.uim.vsa.pr2.StudentResourceTest" time="0.619"/>
  <testcase name="shouldReturnUnauthorized" classname="sk.stuba.fei.uim.vsa.pr2.StudentResourceTest" time="0.083"/>
  <testcase name="shouldReturnForbiddenToDeleteWithWrongStudent" classname="sk.stuba.fei.uim.vsa.pr2.StudentResourceTest" time="1.731">
    <failure message="expected: &lt;true&gt; but was: &lt;false&gt;" type="org.opentest4j.AssertionFailedError"><![CDATA[org.opentest4j.AssertionFailedError: expected: <true> but was: <false>
	at sk.stuba.fei.uim.vsa.pr2.StudentResourceTest.shouldReturnForbiddenToDeleteWithWrongStudent(StudentResourceTest.java:225)
]]></failure>
    <system-out><![CDATA[[EL Fine]: sql: 2023-05-18 11:04:15.287--ServerSession(764358458)--Connection(399149970)--Thread(Thread[grizzly-http-server-4,5,main])--SELECT ID, AISID, EMAIL, NAME, PASSWORD, SEMESTER, STUDYPROGRAM, STUDYYEAR FROM STUDENT WHERE (AISID = ?)
	bind => [70127]
[EL Fine]: sql: 2023-05-18 11:04:15.288--ServerSession(764358458)--Connection(399149970)--Thread(Thread[grizzly-http-server-4,5,main])--SELECT ID, AISID, EMAIL, NAME, PASSWORD, SEMESTER, STUDYPROGRAM, STUDYYEAR FROM STUDENT WHERE (EMAIL = ?)
	bind => [xstudent@stuba.sk]
[EL Fine]: sql: 2023-05-18 11:04:15.288--ServerSession(764358458)--Connection(399149970)--Thread(Thread[grizzly-http-server-4,5,main])--SELECT ID, AISID, EMAIL, NAME, PASSWORD, SEMESTER, STUDYPROGRAM, STUDYYEAR FROM STUDENT WHERE (AISID = ?)
	bind => [70127]
[EL Fine]: sql: 2023-05-18 11:04:15.289--ClientSession(2091008008)--Connection(399149970)--Thread(Thread[grizzly-http-server-4,5,main])--INSERT INTO STUDENT (ID, AISID, EMAIL, NAME, PASSWORD, SEMESTER, STUDYPROGRAM, STUDYYEAR) VALUES (?, ?, ?, ?, ?, ?, ?, ?)
	bind => [3, 70127, xstudent@stuba.sk, Test Student, $2a$13$4ZAtofxe8udNwsbfjUzTuuDtVOiLCXkDpzCl39VgKpijAkAC8DO6., 18, API, 8]
[EL Fine]: sql: 2023-05-18 11:04:15.847--ServerSession(764358458)--Connection(399149970)--Thread(Thread[grizzly-http-server-5,5,main])--SELECT ID, AISID, EMAIL, NAME, PASSWORD, SEMESTER, STUDYPROGRAM, STUDYYEAR FROM STUDENT WHERE (AISID = ?)
	bind => [81230]
[EL Fine]: sql: 2023-05-18 11:04:15.848--ServerSession(764358458)--Connection(399149970)--Thread(Thread[grizzly-http-server-5,5,main])--SELECT ID, AISID, EMAIL, NAME, PASSWORD, SEMESTER, STUDYPROGRAM, STUDYYEAR FROM STUDENT WHERE (EMAIL = ?)
	bind => [xstu@stuba.sk]
[EL Fine]: sql: 2023-05-18 11:04:15.849--ServerSession(764358458)--Connection(399149970)--Thread(Thread[grizzly-http-server-5,5,main])--SELECT ID, AISID, EMAIL, NAME, PASSWORD, SEMESTER, STUDYPROGRAM, STUDYYEAR FROM STUDENT WHERE (AISID = ?)
	bind => [81230]
[EL Fine]: sql: 2023-05-18 11:04:15.849--ClientSession(645534268)--Connection(399149970)--Thread(Thread[grizzly-http-server-5,5,main])--INSERT INTO STUDENT (ID, AISID, EMAIL, NAME, PASSWORD, SEMESTER, STUDYPROGRAM, STUDYYEAR) VALUES (?, ?, ?, ?, ?, ?, ?, ?)
	bind => [4, 81230, xstu@stuba.sk, Testovaci Studenttt, $2a$13$2ca7/WQyBDg5uL6A/T7.mueMAg2V.9h0xS0BChIk2W2LCEmXRcG.i, 6, B-API, 3]
com.fasterxml.jackson.databind.ObjectMapper@4bdc493a
[EL Fine]: sql: 2023-05-18 11:04:15.864--ServerSession(764358458)--Connection(399149970)--Thread(Thread[grizzly-http-server-6,5,main])--SELECT ID, AISID, EMAIL, NAME, PASSWORD, SEMESTER, STUDYPROGRAM, STUDYYEAR FROM STUDENT WHERE (EMAIL = ?)
	bind => [xstu@stuba.sk]
[EL Fine]: sql: 2023-05-18 11:04:15.865--ServerSession(764358458)--Connection(399149970)--Thread(Thread[grizzly-http-server-6,5,main])--SELECT ID, AISID, DEPARTMENT, EMAIL, INSTITUTE, NAME, PASSWORD FROM TEACHER WHERE (EMAIL = ?)
	bind => [xstu@stuba.sk]
]]></system-out>
  </testcase>
  <testcase name="shouldGetAllStudents" classname="sk.stuba.fei.uim.vsa.pr2.StudentResourceTest" time="1.617">
    <failure message="expected: &lt;200&gt; but was: &lt;401&gt;" type="org.opentest4j.AssertionFailedError"><![CDATA[org.opentest4j.AssertionFailedError: expected: <200> but was: <401>
	at sk.stuba.fei.uim.vsa.pr2.StudentResourceTest.shouldGetAllStudents(StudentResourceTest.java:94)
]]></failure>
    <system-out><![CDATA[[EL Fine]: sql: 2023-05-18 11:04:16.989--ServerSession(764358458)--Connection(399149970)--Thread(Thread[grizzly-http-server-7,5,main])--SELECT ID, AISID, EMAIL, NAME, PASSWORD, SEMESTER, STUDYPROGRAM, STUDYYEAR FROM STUDENT WHERE (AISID = ?)
	bind => [70127]
[EL Fine]: sql: 2023-05-18 11:04:16.99--ServerSession(764358458)--Connection(399149970)--Thread(Thread[grizzly-http-server-7,5,main])--SELECT ID, AISID, EMAIL, NAME, PASSWORD, SEMESTER, STUDYPROGRAM, STUDYYEAR FROM STUDENT WHERE (EMAIL = ?)
	bind => [xstudent@stuba.sk]
[EL Fine]: sql: 2023-05-18 11:04:16.991--ServerSession(764358458)--Connection(399149970)--Thread(Thread[grizzly-http-server-7,5,main])--SELECT ID, AISID, EMAIL, NAME, PASSWORD, SEMESTER, STUDYPROGRAM, STUDYYEAR FROM STUDENT WHERE (AISID = ?)
	bind => [70127]
[EL Fine]: sql: 2023-05-18 11:04:16.991--ClientSession(1055359446)--Connection(399149970)--Thread(Thread[grizzly-http-server-7,5,main])--INSERT INTO STUDENT (ID, AISID, EMAIL, NAME, PASSWORD, SEMESTER, STUDYPROGRAM, STUDYYEAR) VALUES (?, ?, ?, ?, ?, ?, ?, ?)
	bind => [5, 70127, xstudent@stuba.sk, Test Student, $2a$13$bXqY3dxsHBobuIEGIfHg4.KNfcN6NISUDks/p0NSlgXJgiB8ilBkC, 18, API, 8]
[EL Fine]: sql: 2023-05-18 11:04:17.514--ServerSession(764358458)--Connection(399149970)--Thread(Thread[grizzly-http-server-8,5,main])--SELECT ID, AISID, EMAIL, NAME, PASSWORD, SEMESTER, STUDYPROGRAM, STUDYYEAR FROM STUDENT WHERE (AISID = ?)
	bind => [81230]
[EL Fine]: sql: 2023-05-18 11:04:17.514--ServerSession(764358458)--Connection(399149970)--Thread(Thread[grizzly-http-server-8,5,main])--SELECT ID, AISID, EMAIL, NAME, PASSWORD, SEMESTER, STUDYPROGRAM, STUDYYEAR FROM STUDENT WHERE (EMAIL = ?)
	bind => [xstu@stuba.sk]
[EL Fine]: sql: 2023-05-18 11:04:17.515--ServerSession(764358458)--Connection(399149970)--Thread(Thread[grizzly-http-server-8,5,main])--SELECT ID, AISID, EMAIL, NAME, PASSWORD, SEMESTER, STUDYPROGRAM, STUDYYEAR FROM STUDENT WHERE (AISID = ?)
	bind => [81230]
[EL Fine]: sql: 2023-05-18 11:04:17.516--ClientSession(1026536134)--Connection(399149970)--Thread(Thread[grizzly-http-server-8,5,main])--INSERT INTO STUDENT (ID, AISID, EMAIL, NAME, PASSWORD, SEMESTER, STUDYPROGRAM, STUDYYEAR) VALUES (?, ?, ?, ?, ?, ?, ?, ?)
	bind => [6, 81230, xstu@stuba.sk, Testovaci Studenttt, $2a$13$9snqwhHgA6PiIjeeaBnk8OHFnibv3TvmXMV3uwdFM4bbSa7OF/ZAq, 6, B-API, 3]
com.fasterxml.jackson.databind.ObjectMapper@4bdc493a
[EL Fine]: sql: 2023-05-18 11:04:17.53--ServerSession(764358458)--Connection(399149970)--Thread(Thread[grizzly-http-server-9,5,main])--SELECT ID, AISID, EMAIL, NAME, PASSWORD, SEMESTER, STUDYPROGRAM, STUDYYEAR FROM STUDENT WHERE (EMAIL = ?)
	bind => [xstudent@stuba.sk]
[EL Fine]: sql: 2023-05-18 11:04:17.531--ServerSession(764358458)--Connection(399149970)--Thread(Thread[grizzly-http-server-9,5,main])--SELECT ID, AISID, DEPARTMENT, EMAIL, INSTITUTE, NAME, PASSWORD FROM TEACHER WHERE (EMAIL = ?)
	bind => [xstudent@stuba.sk]
]]></system-out>
  </testcase>
  <testcase name="shouldCreateStudentWithOnlyRequiredProperties" classname="sk.stuba.fei.uim.vsa.pr2.StudentResourceTest" time="0.562"/>
  <testcase name="shouldGetEmptyList" classname="sk.stuba.fei.uim.vsa.pr2.StudentResourceTest" time="1.164">
    <failure message="expected: &lt;200&gt; but was: &lt;401&gt;" type="org.opentest4j.AssertionFailedError"><![CDATA[org.opentest4j.AssertionFailedError: expected: <200> but was: <401>
	at sk.stuba.fei.uim.vsa.pr2.StudentResourceTest.shouldGetEmptyList(StudentResourceTest.java:126)
]]></failure>
    <system-out><![CDATA[[EL Fine]: sql: 2023-05-18 11:04:19.169--ServerSession(764358458)--Connection(399149970)--Thread(Thread[grizzly-http-server-11,5,main])--SELECT ID, AISID, DEPARTMENT, EMAIL, INSTITUTE, NAME, PASSWORD FROM TEACHER WHERE (AISID = ?)
	bind => [45678]
[EL Fine]: sql: 2023-05-18 11:04:19.171--ServerSession(764358458)--Connection(399149970)--Thread(Thread[grizzly-http-server-11,5,main])--SELECT ID, AISID, DEPARTMENT, EMAIL, INSTITUTE, NAME, PASSWORD FROM TEACHER WHERE (EMAIL = ?)
	bind => [ucitel.test@stuba.sk]
[EL Fine]: sql: 2023-05-18 11:04:19.171--ServerSession(764358458)--Connection(399149970)--Thread(Thread[grizzly-http-server-11,5,main])--SELECT ID, AISID, DEPARTMENT, EMAIL, INSTITUTE, NAME, PASSWORD FROM TEACHER WHERE (AISID = ?)
	bind => [45678]
[EL Fine]: sql: 2023-05-18 11:04:19.172--ClientSession(1537612660)--Connection(399149970)--Thread(Thread[grizzly-http-server-11,5,main])--INSERT INTO TEACHER (ID, AISID, DEPARTMENT, EMAIL, INSTITUTE, NAME, PASSWORD) VALUES (?, ?, ?, ?, ?, ?, ?)
	bind => [8, 45678, SI, ucitel.test@stuba.sk, UIM, Testovaci ucitel, $2a$13$Xl0mOSq05kFkOZdEGKJkpunRUN4adnmb7NrJskZKY4Np1KAyfpNRW]
com.fasterxml.jackson.databind.ObjectMapper@4bdc493a
[EL Fine]: sql: 2023-05-18 11:04:19.201--ServerSession(764358458)--Connection(399149970)--Thread(Thread[grizzly-http-server-12,5,main])--SELECT ID, AISID, EMAIL, NAME, PASSWORD, SEMESTER, STUDYPROGRAM, STUDYYEAR FROM STUDENT WHERE (EMAIL = ?)
	bind => [ucitel.test@stuba.sk]
[EL Fine]: sql: 2023-05-18 11:04:19.202--ServerSession(764358458)--Connection(399149970)--Thread(Thread[grizzly-http-server-12,5,main])--SELECT ID, AISID, DEPARTMENT, EMAIL, INSTITUTE, NAME, PASSWORD FROM TEACHER WHERE (EMAIL = ?)
	bind => [ucitel.test@stuba.sk]
]]></system-out>
  </testcase>
  <testcase name="shouldCallWithoutBodyAndReturnError" classname="sk.stuba.fei.uim.vsa.pr2.StudentResourceTest" time="0.101"/>
  <testcase name="shouldDeleteStudent" classname="sk.stuba.fei.uim.vsa.pr2.StudentResourceTest" time="1.191">
    <failure message="expected: &lt;200&gt; but was: &lt;401&gt;" type="org.opentest4j.AssertionFailedError"><![CDATA[org.opentest4j.AssertionFailedError: expected: <200> but was: <401>
	at sk.stuba.fei.uim.vsa.pr2.StudentResourceTest.shouldDeleteStudent(StudentResourceTest.java:181)
]]></failure>
    <system-out><![CDATA[[EL Fine]: sql: 2023-05-18 11:04:20.493--ServerSession(764358458)--Connection(399149970)--Thread(Thread[grizzly-http-server-14,5,main])--SELECT ID, AISID, EMAIL, NAME, PASSWORD, SEMESTER, STUDYPROGRAM, STUDYYEAR FROM STUDENT WHERE (AISID = ?)
	bind => [70127]
[EL Fine]: sql: 2023-05-18 11:04:20.494--ServerSession(764358458)--Connection(399149970)--Thread(Thread[grizzly-http-server-14,5,main])--SELECT ID, AISID, EMAIL, NAME, PASSWORD, SEMESTER, STUDYPROGRAM, STUDYYEAR FROM STUDENT WHERE (EMAIL = ?)
	bind => [xstudent@stuba.sk]
[EL Fine]: sql: 2023-05-18 11:04:20.494--ServerSession(764358458)--Connection(399149970)--Thread(Thread[grizzly-http-server-14,5,main])--SELECT ID, AISID, EMAIL, NAME, PASSWORD, SEMESTER, STUDYPROGRAM, STUDYYEAR FROM STUDENT WHERE (AISID = ?)
	bind => [70127]
[EL Fine]: sql: 2023-05-18 11:04:20.495--ClientSession(1809894213)--Connection(399149970)--Thread(Thread[grizzly-http-server-14,5,main])--INSERT INTO STUDENT (ID, AISID, EMAIL, NAME, PASSWORD, SEMESTER, STUDYPROGRAM, STUDYYEAR) VALUES (?, ?, ?, ?, ?, ?, ?, ?)
	bind => [9, 70127, xstudent@stuba.sk, Test Student, $2a$13$r2l8LWF4dwBZzSwKmgJkROJ7HJiQT.HxhHmqYsPpfA3edLx2V12/S, 18, API, 8]
com.fasterxml.jackson.databind.ObjectMapper@4bdc493a
[EL Fine]: sql: 2023-05-18 11:04:20.51--ServerSession(764358458)--Connection(399149970)--Thread(Thread[grizzly-http-server-15,5,main])--SELECT ID, AISID, EMAIL, NAME, PASSWORD, SEMESTER, STUDYPROGRAM, STUDYYEAR FROM STUDENT WHERE (EMAIL = ?)
	bind => [xstudent@stuba.sk]
[EL Fine]: sql: 2023-05-18 11:04:20.511--ServerSession(764358458)--Connection(399149970)--Thread(Thread[grizzly-http-server-15,5,main])--SELECT ID, AISID, DEPARTMENT, EMAIL, INSTITUTE, NAME, PASSWORD FROM TEACHER WHERE (EMAIL = ?)
	bind => [xstudent@stuba.sk]
]]></system-out>
  </testcase>
  <testcase name="shouldGetStudent" classname="sk.stuba.fei.uim.vsa.pr2.StudentResourceTest" time="1.165">
    <failure message="expected: &lt;200&gt; but was: &lt;401&gt;" type="org.opentest4j.AssertionFailedError"><![CDATA[org.opentest4j.AssertionFailedError: expected: <200> but was: <401>
	at sk.stuba.fei.uim.vsa.pr2.StudentResourceTest.shouldGetStudent(StudentResourceTest.java:145)
]]></failure>
    <system-out><![CDATA[[EL Fine]: sql: 2023-05-18 11:04:21.64--ServerSession(764358458)--Connection(399149970)--Thread(Thread[grizzly-http-server-16,5,main])--SELECT ID, AISID, EMAIL, NAME, PASSWORD, SEMESTER, STUDYPROGRAM, STUDYYEAR FROM STUDENT WHERE (AISID = ?)
	bind => [70127]
[EL Fine]: sql: 2023-05-18 11:04:21.641--ServerSession(764358458)--Connection(399149970)--Thread(Thread[grizzly-http-server-16,5,main])--SELECT ID, AISID, EMAIL, NAME, PASSWORD, SEMESTER, STUDYPROGRAM, STUDYYEAR FROM STUDENT WHERE (EMAIL = ?)
	bind => [xstudent@stuba.sk]
[EL Fine]: sql: 2023-05-18 11:04:21.642--ServerSession(764358458)--Connection(399149970)--Thread(Thread[grizzly-http-server-16,5,main])--SELECT ID, AISID, EMAIL, NAME, PASSWORD, SEMESTER, STUDYPROGRAM, STUDYYEAR FROM STUDENT WHERE (AISID = ?)
	bind => [70127]
[EL Fine]: sql: 2023-05-18 11:04:21.643--ClientSession(600945004)--Connection(399149970)--Thread(Thread[grizzly-http-server-16,5,main])--INSERT INTO STUDENT (ID, AISID, EMAIL, NAME, PASSWORD, SEMESTER, STUDYPROGRAM, STUDYYEAR) VALUES (?, ?, ?, ?, ?, ?, ?, ?)
	bind => [10, 70127, xstudent@stuba.sk, Test Student, $2a$13$5Xb/5GJXaRyTHggnMGuzSuMk7ue3o26CahZa6M2fsWF7tWZz6ffqS, 18, API, 8]
com.fasterxml.jackson.databind.ObjectMapper@4bdc493a
[EL Fine]: sql: 2023-05-18 11:04:21.66--ServerSession(764358458)--Connection(399149970)--Thread(Thread[grizzly-http-server-17,5,main])--SELECT ID, AISID, EMAIL, NAME, PASSWORD, SEMESTER, STUDYPROGRAM, STUDYYEAR FROM STUDENT WHERE (EMAIL = ?)
	bind => [xstudent@stuba.sk]
[EL Fine]: sql: 2023-05-18 11:04:21.661--ServerSession(764358458)--Connection(399149970)--Thread(Thread[grizzly-http-server-17,5,main])--SELECT ID, AISID, DEPARTMENT, EMAIL, INSTITUTE, NAME, PASSWORD FROM TEACHER WHERE (EMAIL = ?)
	bind => [xstudent@stuba.sk]
]]></system-out>
  </testcase>
</testsuite>
<testsuite xmlns:xsi="http://www.w3.org/2001/XMLSchema-instance" xsi:noNamespaceSchemaLocation="https://maven.apache.org/surefire/maven-surefire-plugin/xsd/surefire-test-report.xsd" name="sk.stuba.fei.uim.vsa.pr2.ThesisResourceTest" time="22.986" tests="21" errors="0" skipped="0" failures="20">
  <properties>
[...]
</properties>
  <testcase name="shouldCallCreateThesisWithLoggedStudent" classname="sk.stuba.fei.uim.vsa.pr2.ThesisResourceTest" time="1.355">
    <failure message="expected: &lt;true&gt; but was: &lt;false&gt;" type="org.opentest4j.AssertionFailedError"><![CDATA[org.opentest4j.AssertionFailedError: expected: <true> but was: <false>
	at sk.stuba.fei.uim.vsa.pr2.ThesisResourceTest.shouldCallCreateThesisWithLoggedStudent(ThesisResourceTest.java:130)
]]></failure>
    <system-out><![CDATA[2023-05-18 11:04:22.207  INFO --- [           main] s.s.fei.uim.vsa.pr2.utils.ResourceTest   : Starting HTTP server for testing
2023-05-18 11:04:22.207  INFO --- [           main] s.s.fei.uim.vsa.pr2.Project2Application  : Starting Grizzly2 HTTP server...
2023-05-18 11:04:22.207  INFO --- [           main] s.s.fei.uim.vsa.pr2.Project2Application  : Server listening on http://docker-desktop:8080/api
2023-05-18 11:04:22.224  INFO --- [           main] org.reflections.Reflections              : Reflections took 9 ms to scan 2 urls, producing 18 keys and 35 values
2023-05-18 11:04:22.225  INFO --- [           main] .s.f.u.v.p.JAXRSApplicationConfiguration : Registered resource classes: [class sk.stuba.fei.uim.vsa.pr2.api.resources.TeacherResource, class sk.stuba.fei.uim.vsa.pr2.api.resources.StudentResource, class sk.stuba.fei.uim.vsa.pr2.api.resources.SearchResource, class sk.stuba.fei.uim.vsa.pr2.api.resources.ThesisResource]
2023-05-18 11:04:22.225  INFO --- [           main] .s.f.u.v.p.JAXRSApplicationConfiguration : Registered feature providers: [class sk.stuba.fei.uim.vsa.pr2.auth.AuthFilter]
2023-05-18 11:04:22.293  INFO --- [           main] s.s.fei.uim.vsa.pr2.utils.ResourceTest   : Creating client for HTTP server
2023-05-18 11:04:22.293  INFO --- [           main] s.s.fei.uim.vsa.pr2.utils.ResourceTest   : Client created JerseyWebTarget { http://docker-desktop:8080/api }
[EL Fine]: sql: 2023-05-18 11:04:23.073--ServerSession(764358458)--Connection(399149970)--Thread(Thread[grizzly-http-server-0,5,main])--SELECT ID, AISID, EMAIL, NAME, PASSWORD, SEMESTER, STUDYPROGRAM, STUDYYEAR FROM STUDENT WHERE (AISID = ?)
	bind => [70127]
[EL Fine]: sql: 2023-05-18 11:04:23.074--ServerSession(764358458)--Connection(399149970)--Thread(Thread[grizzly-http-server-0,5,main])--SELECT ID, AISID, EMAIL, NAME, PASSWORD, SEMESTER, STUDYPROGRAM, STUDYYEAR FROM STUDENT WHERE (EMAIL = ?)
	bind => [xstudent@stuba.sk]
[EL Fine]: sql: 2023-05-18 11:04:23.074--ServerSession(764358458)--Connection(399149970)--Thread(Thread[grizzly-http-server-0,5,main])--SELECT ID, AISID, EMAIL, NAME, PASSWORD, SEMESTER, STUDYPROGRAM, STUDYYEAR FROM STUDENT WHERE (AISID = ?)
	bind => [70127]
[EL Fine]: sql: 2023-05-18 11:04:23.075--ClientSession(1949600029)--Connection(399149970)--Thread(Thread[grizzly-http-server-0,5,main])--INSERT INTO STUDENT (ID, AISID, EMAIL, NAME, PASSWORD, SEMESTER, STUDYPROGRAM, STUDYYEAR) VALUES (?, ?, ?, ?, ?, ?, ?, ?)
	bind => [11, 70127, xstudent@stuba.sk, Test Student, $2a$13$Ki7CxcCUw5ckSPEFuCwcBODuM6OFpDvAVY0geBQKcO9pFvDbOPs5W, 18, API, 8]
com.fasterxml.jackson.databind.ObjectMapper@78307409
[EL Fine]: sql: 2023-05-18 11:04:23.1--ServerSession(764358458)--Connection(399149970)--Thread(Thread[grizzly-http-server-1,5,main])--SELECT ID, AISID, EMAIL, NAME, PASSWORD, SEMESTER, STUDYPROGRAM, STUDYYEAR FROM STUDENT WHERE (EMAIL = ?)
	bind => [xstudent@stuba.sk]
[EL Fine]: sql: 2023-05-18 11:04:23.101--ServerSession(764358458)--Connection(399149970)--Thread(Thread[grizzly-http-server-1,5,main])--SELECT ID, AISID, DEPARTMENT, EMAIL, INSTITUTE, NAME, PASSWORD FROM TEACHER WHERE (EMAIL = ?)
	bind => [xstudent@stuba.sk]
]]></system-out>
    <system-err><![CDATA[May 18, 2023 11:04:22 AM org.glassfish.grizzly.http.server.NetworkListener start
INFO: Started listener bound to [docker-desktop:8080]
May 18, 2023 11:04:22 AM org.glassfish.grizzly.http.server.HttpServer start
INFO: [HttpServer-2] Started.
]]></system-err>
  </testcase>
  <testcase name="shouldGetNotFoundForNonExistingThesis" classname="sk.stuba.fei.uim.vsa.pr2.ThesisResourceTest" time="1.205">
    <failure message="expected: &lt;201&gt; but was: &lt;401&gt;" type="org.opentest4j.AssertionFailedError"><![CDATA[org.opentest4j.AssertionFailedError: expected: <201> but was: <401>
	at sk.stuba.fei.uim.vsa.pr2.ThesisResourceTest.createThesis(ThesisResourceTest.java:642)
	at sk.stuba.fei.uim.vsa.pr2.ThesisResourceTest.shouldGetNotFoundForNonExistingThesis(ThesisResourceTest.java:226)
]]></failure>
    <system-out><![CDATA[[EL Fine]: sql: 2023-05-18 11:04:24.308--ServerSession(764358458)--Connection(399149970)--Thread(Thread[grizzly-http-server-2,5,main])--SELECT ID, AISID, DEPARTMENT, EMAIL, INSTITUTE, NAME, PASSWORD FROM TEACHER WHERE (AISID = ?)
	bind => [45678]
[EL Fine]: sql: 2023-05-18 11:04:24.309--ServerSession(764358458)--Connection(399149970)--Thread(Thread[grizzly-http-server-2,5,main])--SELECT ID, AISID, DEPARTMENT, EMAIL, INSTITUTE, NAME, PASSWORD FROM TEACHER WHERE (EMAIL = ?)
	bind => [ucitel.test@stuba.sk]
[EL Fine]: sql: 2023-05-18 11:04:24.31--ServerSession(764358458)--Connection(399149970)--Thread(Thread[grizzly-http-server-2,5,main])--SELECT ID, AISID, DEPARTMENT, EMAIL, INSTITUTE, NAME, PASSWORD FROM TEACHER WHERE (AISID = ?)
	bind => [45678]
[EL Fine]: sql: 2023-05-18 11:04:24.311--ClientSession(983172510)--Connection(399149970)--Thread(Thread[grizzly-http-server-2,5,main])--INSERT INTO TEACHER (ID, AISID, DEPARTMENT, EMAIL, INSTITUTE, NAME, PASSWORD) VALUES (?, ?, ?, ?, ?, ?, ?)
	bind => [12, 45678, SI, ucitel.test@stuba.sk, UIM, Testovaci ucitel, $2a$13$pQhV7R9/ucR9rP8bzXpLS.mzHv9KOEFcopH7Qai.nB137mFc1bbS.]
com.fasterxml.jackson.databind.ObjectMapper@78307409
[EL Fine]: sql: 2023-05-18 11:04:24.327--ServerSession(764358458)--Connection(399149970)--Thread(Thread[grizzly-http-server-3,5,main])--SELECT ID, AISID, EMAIL, NAME, PASSWORD, SEMESTER, STUDYPROGRAM, STUDYYEAR FROM STUDENT WHERE (EMAIL = ?)
	bind => [ucitel.test@stuba.sk]
[EL Fine]: sql: 2023-05-18 11:04:24.328--ServerSession(764358458)--Connection(399149970)--Thread(Thread[grizzly-http-server-3,5,main])--SELECT ID, AISID, DEPARTMENT, EMAIL, INSTITUTE, NAME, PASSWORD FROM TEACHER WHERE (EMAIL = ?)
	bind => [ucitel.test@stuba.sk]
]]></system-out>
  </testcase>
  <testcase name="shouldFindThesisByStudent" classname="sk.stuba.fei.uim.vsa.pr2.ThesisResourceTest" time="1.266">
    <failure message="expected: &lt;201&gt; but was: &lt;401&gt;" type="org.opentest4j.AssertionFailedError"><![CDATA[org.opentest4j.AssertionFailedError: expected: <201> but was: <401>
	at sk.stuba.fei.uim.vsa.pr2.ThesisResourceTest.createThesis(ThesisResourceTest.java:642)
	at sk.stuba.fei.uim.vsa.pr2.ThesisResourceTest.shouldFindThesisByStudent(ThesisResourceTest.java:528)
]]></failure>
    <system-out><![CDATA[[EL Fine]: sql: 2023-05-18 11:04:25.57--ServerSession(764358458)--Connection(399149970)--Thread(Thread[grizzly-http-server-5,5,main])--SELECT ID, AISID, DEPARTMENT, EMAIL, INSTITUTE, NAME, PASSWORD FROM TEACHER WHERE (AISID = ?)
	bind => [45678]
[EL Fine]: sql: 2023-05-18 11:04:25.571--ServerSession(764358458)--Connection(399149970)--Thread(Thread[grizzly-http-server-5,5,main])--SELECT ID, AISID, DEPARTMENT, EMAIL, INSTITUTE, NAME, PASSWORD FROM TEACHER WHERE (EMAIL = ?)
	bind => [ucitel.test@stuba.sk]
[EL Fine]: sql: 2023-05-18 11:04:25.572--ServerSession(764358458)--Connection(399149970)--Thread(Thread[grizzly-http-server-5,5,main])--SELECT ID, AISID, DEPARTMENT, EMAIL, INSTITUTE, NAME, PASSWORD FROM TEACHER WHERE (AISID = ?)
	bind => [45678]
[EL Fine]: sql: 2023-05-18 11:04:25.572--ClientSession(790166364)--Connection(399149970)--Thread(Thread[grizzly-http-server-5,5,main])--INSERT INTO TEACHER (ID, AISID, DEPARTMENT, EMAIL, INSTITUTE, NAME, PASSWORD) VALUES (?, ?, ?, ?, ?, ?, ?)
	bind => [13, 45678, SI, ucitel.test@stuba.sk, UIM, Testovaci ucitel, $2a$13$fSaxSAuEpjpCrgika94tR.0sdUPx2rt/PS/WpsJMIks2k5iQNp6RK]
com.fasterxml.jackson.databind.ObjectMapper@78307409
[EL Fine]: sql: 2023-05-18 11:04:25.586--ServerSession(764358458)--Connection(399149970)--Thread(Thread[grizzly-http-server-6,5,main])--SELECT ID, AISID, EMAIL, NAME, PASSWORD, SEMESTER, STUDYPROGRAM, STUDYYEAR FROM STUDENT WHERE (EMAIL = ?)
	bind => [ucitel.test@stuba.sk]
[EL Fine]: sql: 2023-05-18 11:04:25.587--ServerSession(764358458)--Connection(399149970)--Thread(Thread[grizzly-http-server-6,5,main])--SELECT ID, AISID, DEPARTMENT, EMAIL, INSTITUTE, NAME, PASSWORD FROM TEACHER WHERE (EMAIL = ?)
	bind => [ucitel.test@stuba.sk]
]]></system-out>
  </testcase>
  <testcase name="shouldCreateThesis" classname="sk.stuba.fei.uim.vsa.pr2.ThesisResourceTest" time="1.205">
    <failure message="expected: &lt;201&gt; but was: &lt;401&gt;" type="org.opentest4j.AssertionFailedError"><![CDATA[org.opentest4j.AssertionFailedError: expected: <201> but was: <401>
	at sk.stuba.fei.uim.vsa.pr2.ThesisResourceTest.createThesis(ThesisResourceTest.java:642)
	at sk.stuba.fei.uim.vsa.pr2.ThesisResourceTest.shouldCreateThesis(ThesisResourceTest.java:35)
]]></failure>
    <system-out><![CDATA[[EL Fine]: sql: 2023-05-18 11:04:26.799--ServerSession(764358458)--Connection(399149970)--Thread(Thread[grizzly-http-server-7,5,main])--SELECT ID, AISID, DEPARTMENT, EMAIL, INSTITUTE, NAME, PASSWORD FROM TEACHER WHERE (AISID = ?)
	bind => [45678]
[EL Fine]: sql: 2023-05-18 11:04:26.8--ServerSession(764358458)--Connection(399149970)--Thread(Thread[grizzly-http-server-7,5,main])--SELECT ID, AISID, DEPARTMENT, EMAIL, INSTITUTE, NAME, PASSWORD FROM TEACHER WHERE (EMAIL = ?)
	bind => [ucitel.test@stuba.sk]
[EL Fine]: sql: 2023-05-18 11:04:26.801--ServerSession(764358458)--Connection(399149970)--Thread(Thread[grizzly-http-server-7,5,main])--SELECT ID, AISID, DEPARTMENT, EMAIL, INSTITUTE, NAME, PASSWORD FROM TEACHER WHERE (AISID = ?)
	bind => [45678]
[EL Fine]: sql: 2023-05-18 11:04:26.802--ClientSession(1855571463)--Connection(399149970)--Thread(Thread[grizzly-http-server-7,5,main])--INSERT INTO TEACHER (ID, AISID, DEPARTMENT, EMAIL, INSTITUTE, NAME, PASSWORD) VALUES (?, ?, ?, ?, ?, ?, ?)
	bind => [14, 45678, SI, ucitel.test@stuba.sk, UIM, Testovaci ucitel, $2a$13$R3BYYR2wyDNBLqESPvTGVediLQACgQ8ljqIr9b3v038sIBEDuxQm.]
com.fasterxml.jackson.databind.ObjectMapper@78307409
[EL Fine]: sql: 2023-05-18 11:04:26.816--ServerSession(764358458)--Connection(399149970)--Thread(Thread[grizzly-http-server-8,5,main])--SELECT ID, AISID, EMAIL, NAME, PASSWORD, SEMESTER, STUDYPROGRAM, STUDYYEAR FROM STUDENT WHERE (EMAIL = ?)
	bind => [ucitel.test@stuba.sk]
[EL Fine]: sql: 2023-05-18 11:04:26.817--ServerSession(764358458)--Connection(399149970)--Thread(Thread[grizzly-http-server-8,5,main])--SELECT ID, AISID, DEPARTMENT, EMAIL, INSTITUTE, NAME, PASSWORD FROM TEACHER WHERE (EMAIL = ?)
	bind => [ucitel.test@stuba.sk]
]]></system-out>
  </testcase>
  <testcase name="shouldReturnUnauthorized" classname="sk.stuba.fei.uim.vsa.pr2.ThesisResourceTest" time="0.094"/>
  <testcase name="shouldFindThesisByTeacher" classname="sk.stuba.fei.uim.vsa.pr2.ThesisResourceTest" time="1.138">
    <failure message="expected: &lt;201&gt; but was: &lt;401&gt;" type="org.opentest4j.AssertionFailedError"><![CDATA[org.opentest4j.AssertionFailedError: expected: <201> but was: <401>
	at sk.stuba.fei.uim.vsa.pr2.ThesisResourceTest.createThesis(ThesisResourceTest.java:642)
	at sk.stuba.fei.uim.vsa.pr2.ThesisResourceTest.shouldFindThesisByTeacher(ThesisResourceTest.java:486)
]]></failure>
    <system-out><![CDATA[[EL Fine]: sql: 2023-05-18 11:04:28.054--ServerSession(764358458)--Connection(399149970)--Thread(Thread[grizzly-http-server-11,5,main])--SELECT ID, AISID, DEPARTMENT, EMAIL, INSTITUTE, NAME, PASSWORD FROM TEACHER WHERE (AISID = ?)
	bind => [45678]
[EL Fine]: sql: 2023-05-18 11:04:28.055--ServerSession(764358458)--Connection(399149970)--Thread(Thread[grizzly-http-server-11,5,main])--SELECT ID, AISID, DEPARTMENT, EMAIL, INSTITUTE, NAME, PASSWORD FROM TEACHER WHERE (EMAIL = ?)
	bind => [ucitel.test@stuba.sk]
[EL Fine]: sql: 2023-05-18 11:04:28.055--ServerSession(764358458)--Connection(399149970)--Thread(Thread[grizzly-http-server-11,5,main])--SELECT ID, AISID, DEPARTMENT, EMAIL, INSTITUTE, NAME, PASSWORD FROM TEACHER WHERE (AISID = ?)
	bind => [45678]
[EL Fine]: sql: 2023-05-18 11:04:28.056--ClientSession(720911376)--Connection(399149970)--Thread(Thread[grizzly-http-server-11,5,main])--INSERT INTO TEACHER (ID, AISID, DEPARTMENT, EMAIL, INSTITUTE, NAME, PASSWORD) VALUES (?, ?, ?, ?, ?, ?, ?)
	bind => [15, 45678, SI, ucitel.test@stuba.sk, UIM, Testovaci ucitel, $2a$13$kdAAWA0vwbGTdcgMqRSWd.IQIDqpm8ck7QRHJrSQkr5qRynDZR3Lu]
com.fasterxml.jackson.databind.ObjectMapper@78307409
[EL Fine]: sql: 2023-05-18 11:04:28.072--ServerSession(764358458)--Connection(399149970)--Thread(Thread[grizzly-http-server-12,5,main])--SELECT ID, AISID, EMAIL, NAME, PASSWORD, SEMESTER, STUDYPROGRAM, STUDYYEAR FROM STUDENT WHERE (EMAIL = ?)
	bind => [ucitel.test@stuba.sk]
[EL Fine]: sql: 2023-05-18 11:04:28.073--ServerSession(764358458)--Connection(399149970)--Thread(Thread[grizzly-http-server-12,5,main])--SELECT ID, AISID, DEPARTMENT, EMAIL, INSTITUTE, NAME, PASSWORD FROM TEACHER WHERE (EMAIL = ?)
	bind => [ucitel.test@stuba.sk]
]]></system-out>
  </testcase>
  <testcase name="shouldAssignThesisWithStudent" classname="sk.stuba.fei.uim.vsa.pr2.ThesisResourceTest" time="1.083">
    <failure message="expected: &lt;201&gt; but was: &lt;401&gt;" type="org.opentest4j.AssertionFailedError"><![CDATA[org.opentest4j.AssertionFailedError: expected: <201> but was: <401>
	at sk.stuba.fei.uim.vsa.pr2.ThesisResourceTest.createThesis(ThesisResourceTest.java:642)
	at sk.stuba.fei.uim.vsa.pr2.ThesisResourceTest.shouldAssignThesisWithStudent(ThesisResourceTest.java:323)
]]></failure>
    <system-out><![CDATA[[EL Fine]: sql: 2023-05-18 11:04:29.163--ServerSession(764358458)--Connection(399149970)--Thread(Thread[grizzly-http-server-13,5,main])--SELECT ID, AISID, DEPARTMENT, EMAIL, INSTITUTE, NAME, PASSWORD FROM TEACHER WHERE (AISID = ?)
	bind => [45678]
[EL Fine]: sql: 2023-05-18 11:04:29.164--ServerSession(764358458)--Connection(399149970)--Thread(Thread[grizzly-http-server-13,5,main])--SELECT ID, AISID, DEPARTMENT, EMAIL, INSTITUTE, NAME, PASSWORD FROM TEACHER WHERE (EMAIL = ?)
	bind => [ucitel.test@stuba.sk]
[EL Fine]: sql: 2023-05-18 11:04:29.165--ServerSession(764358458)--Connection(399149970)--Thread(Thread[grizzly-http-server-13,5,main])--SELECT ID, AISID, DEPARTMENT, EMAIL, INSTITUTE, NAME, PASSWORD FROM TEACHER WHERE (AISID = ?)
	bind => [45678]
[EL Fine]: sql: 2023-05-18 11:04:29.165--ClientSession(1673622310)--Connection(399149970)--Thread(Thread[grizzly-http-server-13,5,main])--INSERT INTO TEACHER (ID, AISID, DEPARTMENT, EMAIL, INSTITUTE, NAME, PASSWORD) VALUES (?, ?, ?, ?, ?, ?, ?)
	bind => [16, 45678, SI, ucitel.test@stuba.sk, UIM, Testovaci ucitel, $2a$13$tkK2.2hJ7W8CnziiYema7uU/aGj.l20WWpE7y1X9MjDKohH1vzwoO]
com.fasterxml.jackson.databind.ObjectMapper@78307409
[EL Fine]: sql: 2023-05-18 11:04:29.18--ServerSession(764358458)--Connection(399149970)--Thread(Thread[grizzly-http-server-14,5,main])--SELECT ID, AISID, EMAIL, NAME, PASSWORD, SEMESTER, STUDYPROGRAM, STUDYYEAR FROM STUDENT WHERE (EMAIL = ?)
	bind => [ucitel.test@stuba.sk]
[EL Fine]: sql: 2023-05-18 11:04:29.181--ServerSession(764358458)--Connection(399149970)--Thread(Thread[grizzly-http-server-14,5,main])--SELECT ID, AISID, DEPARTMENT, EMAIL, INSTITUTE, NAME, PASSWORD FROM TEACHER WHERE (EMAIL = ?)
	bind => [ucitel.test@stuba.sk]
]]></system-out>
  </testcase>
  <testcase name="shouldGetThesis" classname="sk.stuba.fei.uim.vsa.pr2.ThesisResourceTest" time="1.074">
    <failure message="expected: &lt;201&gt; but was: &lt;401&gt;" type="org.opentest4j.AssertionFailedError"><![CDATA[org.opentest4j.AssertionFailedError: expected: <201> but was: <401>
	at sk.stuba.fei.uim.vsa.pr2.ThesisResourceTest.createThesis(ThesisResourceTest.java:642)
	at sk.stuba.fei.uim.vsa.pr2.ThesisResourceTest.shouldGetThesis(ThesisResourceTest.java:194)
]]></failure>
    <system-out><![CDATA[[EL Fine]: sql: 2023-05-18 11:04:30.234--ServerSession(764358458)--Connection(399149970)--Thread(Thread[grizzly-http-server-15,5,main])--SELECT ID, AISID, DEPARTMENT, EMAIL, INSTITUTE, NAME, PASSWORD FROM TEACHER WHERE (AISID = ?)
	bind => [45678]
[EL Fine]: sql: 2023-05-18 11:04:30.235--ServerSession(764358458)--Connection(399149970)--Thread(Thread[grizzly-http-server-15,5,main])--SELECT ID, AISID, DEPARTMENT, EMAIL, INSTITUTE, NAME, PASSWORD FROM TEACHER WHERE (EMAIL = ?)
	bind => [ucitel.test@stuba.sk]
[EL Fine]: sql: 2023-05-18 11:04:30.236--ServerSession(764358458)--Connection(399149970)--Thread(Thread[grizzly-http-server-15,5,main])--SELECT ID, AISID, DEPARTMENT, EMAIL, INSTITUTE, NAME, PASSWORD FROM TEACHER WHERE (AISID = ?)
	bind => [45678]
[EL Fine]: sql: 2023-05-18 11:04:30.237--ClientSession(1209708946)--Connection(399149970)--Thread(Thread[grizzly-http-server-15,5,main])--INSERT INTO TEACHER (ID, AISID, DEPARTMENT, EMAIL, INSTITUTE, NAME, PASSWORD) VALUES (?, ?, ?, ?, ?, ?, ?)
	bind => [17, 45678, SI, ucitel.test@stuba.sk, UIM, Testovaci ucitel, $2a$13$k4UMbKggkld0l66vOCP86..CpG1nVvlKjcpgjrEQyjzggcWgNWJLa]
com.fasterxml.jackson.databind.ObjectMapper@78307409
[EL Fine]: sql: 2023-05-18 11:04:30.249--ServerSession(764358458)--Connection(399149970)--Thread(Thread[grizzly-http-server-16,5,main])--SELECT ID, AISID, EMAIL, NAME, PASSWORD, SEMESTER, STUDYPROGRAM, STUDYYEAR FROM STUDENT WHERE (EMAIL = ?)
	bind => [ucitel.test@stuba.sk]
[EL Fine]: sql: 2023-05-18 11:04:30.25--ServerSession(764358458)--Connection(399149970)--Thread(Thread[grizzly-http-server-16,5,main])--SELECT ID, AISID, DEPARTMENT, EMAIL, INSTITUTE, NAME, PASSWORD FROM TEACHER WHERE (EMAIL = ?)
	bind => [ucitel.test@stuba.sk]
]]></system-out>
  </testcase>
  <testcase name="shouldAssignThesisWithTeacher" classname="sk.stuba.fei.uim.vsa.pr2.ThesisResourceTest" time="1.174">
    <failure message="expected: &lt;201&gt; but was: &lt;401&gt;" type="org.opentest4j.AssertionFailedError"><![CDATA[org.opentest4j.AssertionFailedError: expected: <201> but was: <401>
	at sk.stuba.fei.uim.vsa.pr2.ThesisResourceTest.createThesis(ThesisResourceTest.java:642)
	at sk.stuba.fei.uim.vsa.pr2.ThesisResourceTest.shouldAssignThesisWithTeacher(ThesisResourceTest.java:285)
]]></failure>
    <system-out><![CDATA[[EL Fine]: sql: 2023-05-18 11:04:31.334--ServerSession(764358458)--Connection(399149970)--Thread(Thread[grizzly-http-server-17,5,main])--SELECT ID, AISID, DEPARTMENT, EMAIL, INSTITUTE, NAME, PASSWORD FROM TEACHER WHERE (AISID = ?)
	bind => [45678]
[EL Fine]: sql: 2023-05-18 11:04:31.335--ServerSession(764358458)--Connection(399149970)--Thread(Thread[grizzly-http-server-17,5,main])--SELECT ID, AISID, DEPARTMENT, EMAIL, INSTITUTE, NAME, PASSWORD FROM TEACHER WHERE (EMAIL = ?)
	bind => [ucitel.test@stuba.sk]
[EL Fine]: sql: 2023-05-18 11:04:31.336--ServerSession(764358458)--Connection(399149970)--Thread(Thread[grizzly-http-server-17,5,main])--SELECT ID, AISID, DEPARTMENT, EMAIL, INSTITUTE, NAME, PASSWORD FROM TEACHER WHERE (AISID = ?)
	bind => [45678]
[EL Fine]: sql: 2023-05-18 11:04:31.336--ClientSession(998868598)--Connection(399149970)--Thread(Thread[grizzly-http-server-17,5,main])--INSERT INTO TEACHER (ID, AISID, DEPARTMENT, EMAIL, INSTITUTE, NAME, PASSWORD) VALUES (?, ?, ?, ?, ?, ?, ?)
	bind => [18, 45678, SI, ucitel.test@stuba.sk, UIM, Testovaci ucitel, $2a$13$bVIYEuM4Wadv7uJx7QAoiejDzWAmOJ0YNZzz7aadgCzddEnyGncWi]
com.fasterxml.jackson.databind.ObjectMapper@78307409
[EL Fine]: sql: 2023-05-18 11:04:31.35--ServerSession(764358458)--Connection(399149970)--Thread(Thread[grizzly-http-server-18,5,main])--SELECT ID, AISID, EMAIL, NAME, PASSWORD, SEMESTER, STUDYPROGRAM, STUDYYEAR FROM STUDENT WHERE (EMAIL = ?)
	bind => [ucitel.test@stuba.sk]
[EL Fine]: sql: 2023-05-18 11:04:31.351--ServerSession(764358458)--Connection(399149970)--Thread(Thread[grizzly-http-server-18,5,main])--SELECT ID, AISID, DEPARTMENT, EMAIL, INSTITUTE, NAME, PASSWORD FROM TEACHER WHERE (EMAIL = ?)
	bind => [ucitel.test@stuba.sk]
]]></system-out>
  </testcase>
  <testcase name="shouldCallDeleteThesisWithAnotherTeacher" classname="sk.stuba.fei.uim.vsa.pr2.ThesisResourceTest" time="1.16">
    <failure message="expected: &lt;201&gt; but was: &lt;401&gt;" type="org.opentest4j.AssertionFailedError"><![CDATA[org.opentest4j.AssertionFailedError: expected: <201> but was: <401>
	at sk.stuba.fei.uim.vsa.pr2.ThesisResourceTest.createThesis(ThesisResourceTest.java:642)
	at sk.stuba.fei.uim.vsa.pr2.ThesisResourceTest.shouldCallDeleteThesisWithAnotherTeacher(ThesisResourceTest.java:259)
]]></failure>
    <system-out><![CDATA[[EL Fine]: sql: 2023-05-18 11:04:32.529--ServerSession(764358458)--Connection(399149970)--Thread(Thread[grizzly-http-server-19,5,main])--SELECT ID, AISID, DEPARTMENT, EMAIL, INSTITUTE, NAME, PASSWORD FROM TEACHER WHERE (AISID = ?)
	bind => [45678]
[EL Fine]: sql: 2023-05-18 11:04:32.53--ServerSession(764358458)--Connection(399149970)--Thread(Thread[grizzly-http-server-19,5,main])--SELECT ID, AISID, DEPARTMENT, EMAIL, INSTITUTE, NAME, PASSWORD FROM TEACHER WHERE (EMAIL = ?)
	bind => [ucitel.test@stuba.sk]
[EL Fine]: sql: 2023-05-18 11:04:32.531--ServerSession(764358458)--Connection(399149970)--Thread(Thread[grizzly-http-server-19,5,main])--SELECT ID, AISID, DEPARTMENT, EMAIL, INSTITUTE, NAME, PASSWORD FROM TEACHER WHERE (AISID = ?)
	bind => [45678]
[EL Fine]: sql: 2023-05-18 11:04:32.532--ClientSession(105146301)--Connection(399149970)--Thread(Thread[grizzly-http-server-19,5,main])--INSERT INTO TEACHER (ID, AISID, DEPARTMENT, EMAIL, INSTITUTE, NAME, PASSWORD) VALUES (?, ?, ?, ?, ?, ?, ?)
	bind => [19, 45678, SI, ucitel.test@stuba.sk, UIM, Testovaci ucitel, $2a$13$2zoFB32RqWAbohPtbK2Ee.6hpXSiBoHQ2rM7kmhG1WroKZLVUlqh6]
com.fasterxml.jackson.databind.ObjectMapper@78307409
[EL Fine]: sql: 2023-05-18 11:04:32.545--ServerSession(764358458)--Connection(399149970)--Thread(Thread[grizzly-http-server-20,5,main])--SELECT ID, AISID, EMAIL, NAME, PASSWORD, SEMESTER, STUDYPROGRAM, STUDYYEAR FROM STUDENT WHERE (EMAIL = ?)
	bind => [ucitel.test@stuba.sk]
[EL Fine]: sql: 2023-05-18 11:04:32.546--ServerSession(764358458)--Connection(399149970)--Thread(Thread[grizzly-http-server-20,5,main])--SELECT ID, AISID, DEPARTMENT, EMAIL, INSTITUTE, NAME, PASSWORD FROM TEACHER WHERE (EMAIL = ?)
	bind => [ucitel.test@stuba.sk]
]]></system-out>
  </testcase>
  <testcase name="shouldGetEmptyList" classname="sk.stuba.fei.uim.vsa.pr2.ThesisResourceTest" time="1.084">
    <failure message="expected: &lt;200&gt; but was: &lt;401&gt;" type="org.opentest4j.AssertionFailedError"><![CDATA[org.opentest4j.AssertionFailedError: expected: <200> but was: <401>
	at sk.stuba.fei.uim.vsa.pr2.ThesisResourceTest.shouldGetEmptyList(ThesisResourceTest.java:179)
]]></failure>
    <system-out><![CDATA[[EL Fine]: sql: 2023-05-18 11:04:33.642--ServerSession(764358458)--Connection(399149970)--Thread(Thread[grizzly-http-server-21,5,main])--SELECT ID, AISID, DEPARTMENT, EMAIL, INSTITUTE, NAME, PASSWORD FROM TEACHER WHERE (AISID = ?)
	bind => [45678]
[EL Fine]: sql: 2023-05-18 11:04:33.643--ServerSession(764358458)--Connection(399149970)--Thread(Thread[grizzly-http-server-21,5,main])--SELECT ID, AISID, DEPARTMENT, EMAIL, INSTITUTE, NAME, PASSWORD FROM TEACHER WHERE (EMAIL = ?)
	bind => [ucitel.test@stuba.sk]
[EL Fine]: sql: 2023-05-18 11:04:33.643--ServerSession(764358458)--Connection(399149970)--Thread(Thread[grizzly-http-server-21,5,main])--SELECT ID, AISID, DEPARTMENT, EMAIL, INSTITUTE, NAME, PASSWORD FROM TEACHER WHERE (AISID = ?)
	bind => [45678]
[EL Fine]: sql: 2023-05-18 11:04:33.644--ClientSession(2039721852)--Connection(399149970)--Thread(Thread[grizzly-http-server-21,5,main])--INSERT INTO TEACHER (ID, AISID, DEPARTMENT, EMAIL, INSTITUTE, NAME, PASSWORD) VALUES (?, ?, ?, ?, ?, ?, ?)
	bind => [20, 45678, SI, ucitel.test@stuba.sk, UIM, Testovaci ucitel, $2a$13$zTKSzfOlmWzWHYM./b4u9OAW8F4.F1MnAGT230cMwCj0uuvgvILn6]
com.fasterxml.jackson.databind.ObjectMapper@78307409
[EL Fine]: sql: 2023-05-18 11:04:33.662--ServerSession(764358458)--Connection(399149970)--Thread(Thread[grizzly-http-server-22,5,main])--SELECT ID, AISID, EMAIL, NAME, PASSWORD, SEMESTER, STUDYPROGRAM, STUDYYEAR FROM STUDENT WHERE (EMAIL = ?)
	bind => [ucitel.test@stuba.sk]
[EL Fine]: sql: 2023-05-18 11:04:33.663--ServerSession(764358458)--Connection(399149970)--Thread(Thread[grizzly-http-server-22,5,main])--SELECT ID, AISID, DEPARTMENT, EMAIL, INSTITUTE, NAME, PASSWORD FROM TEACHER WHERE (EMAIL = ?)
	bind => [ucitel.test@stuba.sk]
]]></system-out>
  </testcase>
  <testcase name="shouldCallFindThesesWithEmptyCriteria" classname="sk.stuba.fei.uim.vsa.pr2.ThesisResourceTest" time="1.08">
    <failure message="expected: &lt;201&gt; but was: &lt;401&gt;" type="org.opentest4j.AssertionFailedError"><![CDATA[org.opentest4j.AssertionFailedError: expected: <201> but was: <401>
	at sk.stuba.fei.uim.vsa.pr2.ThesisResourceTest.createThesis(ThesisResourceTest.java:642)
	at sk.stuba.fei.uim.vsa.pr2.ThesisResourceTest.shouldCallFindThesesWithEmptyCriteria(ThesisResourceTest.java:579)
]]></failure>
    <system-out><![CDATA[[EL Fine]: sql: 2023-05-18 11:04:34.731--ServerSession(764358458)--Connection(399149970)--Thread(Thread[grizzly-http-server-24,5,main])--SELECT ID, AISID, DEPARTMENT, EMAIL, INSTITUTE, NAME, PASSWORD FROM TEACHER WHERE (AISID = ?)
	bind => [45678]
[EL Fine]: sql: 2023-05-18 11:04:34.732--ServerSession(764358458)--Connection(399149970)--Thread(Thread[grizzly-http-server-24,5,main])--SELECT ID, AISID, DEPARTMENT, EMAIL, INSTITUTE, NAME, PASSWORD FROM TEACHER WHERE (EMAIL = ?)
	bind => [ucitel.test@stuba.sk]
[EL Fine]: sql: 2023-05-18 11:04:34.733--ServerSession(764358458)--Connection(399149970)--Thread(Thread[grizzly-http-server-24,5,main])--SELECT ID, AISID, DEPARTMENT, EMAIL, INSTITUTE, NAME, PASSWORD FROM TEACHER WHERE (AISID = ?)
	bind => [45678]
[EL Fine]: sql: 2023-05-18 11:04:34.734--ClientSession(1161068785)--Connection(399149970)--Thread(Thread[grizzly-http-server-24,5,main])--INSERT INTO TEACHER (ID, AISID, DEPARTMENT, EMAIL, INSTITUTE, NAME, PASSWORD) VALUES (?, ?, ?, ?, ?, ?, ?)
	bind => [21, 45678, SI, ucitel.test@stuba.sk, UIM, Testovaci ucitel, $2a$13$/x9CuOJiI/miHkKlQjkOMO3BnvTq4cxaPnMca0.H7w4q1MCDmWFIm]
com.fasterxml.jackson.databind.ObjectMapper@78307409
[EL Fine]: sql: 2023-05-18 11:04:34.749--ServerSession(764358458)--Connection(399149970)--Thread(Thread[grizzly-http-server-25,5,main])--SELECT ID, AISID, EMAIL, NAME, PASSWORD, SEMESTER, STUDYPROGRAM, STUDYYEAR FROM STUDENT WHERE (EMAIL = ?)
	bind => [ucitel.test@stuba.sk]
[EL Fine]: sql: 2023-05-18 11:04:34.749--ServerSession(764358458)--Connection(399149970)--Thread(Thread[grizzly-http-server-25,5,main])--SELECT ID, AISID, DEPARTMENT, EMAIL, INSTITUTE, NAME, PASSWORD FROM TEACHER WHERE (EMAIL = ?)
	bind => [ucitel.test@stuba.sk]
]]></system-out>
  </testcase>
  <testcase name="shouldCreateThesisWithOnlyRequiredProperties" classname="sk.stuba.fei.uim.vsa.pr2.ThesisResourceTest" time="1.096">
    <failure message="expected: &lt;201&gt; but was: &lt;401&gt;" type="org.opentest4j.AssertionFailedError"><![CDATA[org.opentest4j.AssertionFailedError: expected: <201> but was: <401>
	at sk.stuba.fei.uim.vsa.pr2.ThesisResourceTest.shouldCreateThesisWithOnlyRequiredProperties(ThesisResourceTest.java:68)
]]></failure>
    <system-out><![CDATA[[EL Fine]: sql: 2023-05-18 11:04:35.818--ServerSession(764358458)--Connection(399149970)--Thread(Thread[grizzly-http-server-26,5,main])--SELECT ID, AISID, DEPARTMENT, EMAIL, INSTITUTE, NAME, PASSWORD FROM TEACHER WHERE (AISID = ?)
	bind => [45678]
[EL Fine]: sql: 2023-05-18 11:04:35.82--ServerSession(764358458)--Connection(399149970)--Thread(Thread[grizzly-http-server-26,5,main])--SELECT ID, AISID, DEPARTMENT, EMAIL, INSTITUTE, NAME, PASSWORD FROM TEACHER WHERE (EMAIL = ?)
	bind => [ucitel.test@stuba.sk]
[EL Fine]: sql: 2023-05-18 11:04:35.82--ServerSession(764358458)--Connection(399149970)--Thread(Thread[grizzly-http-server-26,5,main])--SELECT ID, AISID, DEPARTMENT, EMAIL, INSTITUTE, NAME, PASSWORD FROM TEACHER WHERE (AISID = ?)
	bind => [45678]
[EL Fine]: sql: 2023-05-18 11:04:35.821--ClientSession(1267988516)--Connection(399149970)--Thread(Thread[grizzly-http-server-26,5,main])--INSERT INTO TEACHER (ID, AISID, DEPARTMENT, EMAIL, INSTITUTE, NAME, PASSWORD) VALUES (?, ?, ?, ?, ?, ?, ?)
	bind => [22, 45678, SI, ucitel.test@stuba.sk, UIM, Testovaci ucitel, $2a$13$lq5dkZf84BtwUf0HGBDvAexMic7qCls7nc4roK1dtkISuPPDc34lm]
com.fasterxml.jackson.databind.ObjectMapper@78307409
[EL Fine]: sql: 2023-05-18 11:04:35.834--ServerSession(764358458)--Connection(399149970)--Thread(Thread[grizzly-http-server-27,5,main])--SELECT ID, AISID, EMAIL, NAME, PASSWORD, SEMESTER, STUDYPROGRAM, STUDYYEAR FROM STUDENT WHERE (EMAIL = ?)
	bind => [ucitel.test@stuba.sk]
[EL Fine]: sql: 2023-05-18 11:04:35.835--ServerSession(764358458)--Connection(399149970)--Thread(Thread[grizzly-http-server-27,5,main])--SELECT ID, AISID, DEPARTMENT, EMAIL, INSTITUTE, NAME, PASSWORD FROM TEACHER WHERE (EMAIL = ?)
	bind => [ucitel.test@stuba.sk]
]]></system-out>
  </testcase>
  <testcase name="shouldCallWithoutBodyAndReturnError" classname="sk.stuba.fei.uim.vsa.pr2.ThesisResourceTest" time="1.089">
    <failure message="expected: &lt;true&gt; but was: &lt;false&gt;" type="org.opentest4j.AssertionFailedError"><![CDATA[org.opentest4j.AssertionFailedError: expected: <true> but was: <false>
	at sk.stuba.fei.uim.vsa.pr2.ThesisResourceTest.shouldCallWithoutBodyAndReturnError(ThesisResourceTest.java:112)
]]></failure>
    <system-out><![CDATA[[EL Fine]: sql: 2023-05-18 11:04:36.914--ServerSession(764358458)--Connection(399149970)--Thread(Thread[grizzly-http-server-28,5,main])--SELECT ID, AISID, DEPARTMENT, EMAIL, INSTITUTE, NAME, PASSWORD FROM TEACHER WHERE (AISID = ?)
	bind => [45678]
[EL Fine]: sql: 2023-05-18 11:04:36.915--ServerSession(764358458)--Connection(399149970)--Thread(Thread[grizzly-http-server-28,5,main])--SELECT ID, AISID, DEPARTMENT, EMAIL, INSTITUTE, NAME, PASSWORD FROM TEACHER WHERE (EMAIL = ?)
	bind => [ucitel.test@stuba.sk]
[EL Fine]: sql: 2023-05-18 11:04:36.916--ServerSession(764358458)--Connection(399149970)--Thread(Thread[grizzly-http-server-28,5,main])--SELECT ID, AISID, DEPARTMENT, EMAIL, INSTITUTE, NAME, PASSWORD FROM TEACHER WHERE (AISID = ?)
	bind => [45678]
[EL Fine]: sql: 2023-05-18 11:04:36.917--ClientSession(239471083)--Connection(399149970)--Thread(Thread[grizzly-http-server-28,5,main])--INSERT INTO TEACHER (ID, AISID, DEPARTMENT, EMAIL, INSTITUTE, NAME, PASSWORD) VALUES (?, ?, ?, ?, ?, ?, ?)
	bind => [23, 45678, SI, ucitel.test@stuba.sk, UIM, Testovaci ucitel, $2a$13$1fGnp9rGF6jUdavgZG7HpOxTK.k9kpSWPVJsOXiiaHPL.OvsRvXE6]
com.fasterxml.jackson.databind.ObjectMapper@78307409
[EL Fine]: sql: 2023-05-18 11:04:36.931--ServerSession(764358458)--Connection(399149970)--Thread(Thread[grizzly-http-server-29,5,main])--SELECT ID, AISID, EMAIL, NAME, PASSWORD, SEMESTER, STUDYPROGRAM, STUDYYEAR FROM STUDENT WHERE (EMAIL = ?)
	bind => [ucitel.test@stuba.sk]
[EL Fine]: sql: 2023-05-18 11:04:36.931--ServerSession(764358458)--Connection(399149970)--Thread(Thread[grizzly-http-server-29,5,main])--SELECT ID, AISID, DEPARTMENT, EMAIL, INSTITUTE, NAME, PASSWORD FROM TEACHER WHERE (EMAIL = ?)
	bind => [ucitel.test@stuba.sk]
]]></system-out>
  </testcase>
  <testcase name="shouldSubmitThesisWithStudent" classname="sk.stuba.fei.uim.vsa.pr2.ThesisResourceTest" time="1.08">
    <failure message="expected: &lt;201&gt; but was: &lt;401&gt;" type="org.opentest4j.AssertionFailedError"><![CDATA[org.opentest4j.AssertionFailedError: expected: <201> but was: <401>
	at sk.stuba.fei.uim.vsa.pr2.ThesisResourceTest.createThesis(ThesisResourceTest.java:642)
	at sk.stuba.fei.uim.vsa.pr2.ThesisResourceTest.shouldSubmitThesisWithStudent(ThesisResourceTest.java:409)
]]></failure>
    <system-out><![CDATA[[EL Fine]: sql: 2023-05-18 11:04:37.998--ServerSession(764358458)--Connection(399149970)--Thread(Thread[grizzly-http-server-30,5,main])--SELECT ID, AISID, DEPARTMENT, EMAIL, INSTITUTE, NAME, PASSWORD FROM TEACHER WHERE (AISID = ?)
	bind => [45678]
[EL Fine]: sql: 2023-05-18 11:04:37.999--ServerSession(764358458)--Connection(399149970)--Thread(Thread[grizzly-http-server-30,5,main])--SELECT ID, AISID, DEPARTMENT, EMAIL, INSTITUTE, NAME, PASSWORD FROM TEACHER WHERE (EMAIL = ?)
	bind => [ucitel.test@stuba.sk]
[EL Fine]: sql: 2023-05-18 11:04:37.999--ServerSession(764358458)--Connection(399149970)--Thread(Thread[grizzly-http-server-30,5,main])--SELECT ID, AISID, DEPARTMENT, EMAIL, INSTITUTE, NAME, PASSWORD FROM TEACHER WHERE (AISID = ?)
	bind => [45678]
[EL Fine]: sql: 2023-05-18 11:04:38.0--ClientSession(1513674486)--Connection(399149970)--Thread(Thread[grizzly-http-server-30,5,main])--INSERT INTO TEACHER (ID, AISID, DEPARTMENT, EMAIL, INSTITUTE, NAME, PASSWORD) VALUES (?, ?, ?, ?, ?, ?, ?)
	bind => [24, 45678, SI, ucitel.test@stuba.sk, UIM, Testovaci ucitel, $2a$13$JVyqfhOADqvFRIIiXXTQJ.vroLDmnVG6AqKt5u9TusB3DHqeLthoK]
com.fasterxml.jackson.databind.ObjectMapper@78307409
[EL Fine]: sql: 2023-05-18 11:04:38.01--ServerSession(764358458)--Connection(399149970)--Thread(Thread[grizzly-http-server-31,5,main])--SELECT ID, AISID, EMAIL, NAME, PASSWORD, SEMESTER, STUDYPROGRAM, STUDYYEAR FROM STUDENT WHERE (EMAIL = ?)
	bind => [ucitel.test@stuba.sk]
[EL Fine]: sql: 2023-05-18 11:04:38.01--ServerSession(764358458)--Connection(399149970)--Thread(Thread[grizzly-http-server-31,5,main])--SELECT ID, AISID, DEPARTMENT, EMAIL, INSTITUTE, NAME, PASSWORD FROM TEACHER WHERE (EMAIL = ?)
	bind => [ucitel.test@stuba.sk]
]]></system-out>
  </testcase>
  <testcase name="shouldCallDeleteThesisWithStudent" classname="sk.stuba.fei.uim.vsa.pr2.ThesisResourceTest" time="1.127">
    <failure message="expected: &lt;201&gt; but was: &lt;401&gt;" type="org.opentest4j.AssertionFailedError"><![CDATA[org.opentest4j.AssertionFailedError: expected: <201> but was: <401>
	at sk.stuba.fei.uim.vsa.pr2.ThesisResourceTest.createThesis(ThesisResourceTest.java:642)
	at sk.stuba.fei.uim.vsa.pr2.ThesisResourceTest.shouldCallDeleteThesisWithStudent(ThesisResourceTest.java:272)
]]></failure>
    <system-out><![CDATA[[EL Fine]: sql: 2023-05-18 11:04:39.07--ServerSession(764358458)--Connection(399149970)--Thread(Thread[grizzly-http-server-32,5,main])--SELECT ID, AISID, DEPARTMENT, EMAIL, INSTITUTE, NAME, PASSWORD FROM TEACHER WHERE (AISID = ?)
	bind => [45678]
[EL Fine]: sql: 2023-05-18 11:04:39.072--ServerSession(764358458)--Connection(399149970)--Thread(Thread[grizzly-http-server-32,5,main])--SELECT ID, AISID, DEPARTMENT, EMAIL, INSTITUTE, NAME, PASSWORD FROM TEACHER WHERE (EMAIL = ?)
	bind => [ucitel.test@stuba.sk]
[EL Fine]: sql: 2023-05-18 11:04:39.072--ServerSession(764358458)--Connection(399149970)--Thread(Thread[grizzly-http-server-32,5,main])--SELECT ID, AISID, DEPARTMENT, EMAIL, INSTITUTE, NAME, PASSWORD FROM TEACHER WHERE (AISID = ?)
	bind => [45678]
[EL Fine]: sql: 2023-05-18 11:04:39.073--ClientSession(567015101)--Connection(399149970)--Thread(Thread[grizzly-http-server-32,5,main])--INSERT INTO TEACHER (ID, AISID, DEPARTMENT, EMAIL, INSTITUTE, NAME, PASSWORD) VALUES (?, ?, ?, ?, ?, ?, ?)
	bind => [25, 45678, SI, ucitel.test@stuba.sk, UIM, Testovaci ucitel, $2a$13$rnDjMTi6VdBOwRB.t7Xp8uCa9U4XXrXCh00izDzAKJxnYn5Q2uxKe]
com.fasterxml.jackson.databind.ObjectMapper@78307409
[EL Fine]: sql: 2023-05-18 11:04:39.085--ServerSession(764358458)--Connection(399149970)--Thread(Thread[grizzly-http-server-33,5,main])--SELECT ID, AISID, EMAIL, NAME, PASSWORD, SEMESTER, STUDYPROGRAM, STUDYYEAR FROM STUDENT WHERE (EMAIL = ?)
	bind => [ucitel.test@stuba.sk]
[EL Fine]: sql: 2023-05-18 11:04:39.085--ServerSession(764358458)--Connection(399149970)--Thread(Thread[grizzly-http-server-33,5,main])--SELECT ID, AISID, DEPARTMENT, EMAIL, INSTITUTE, NAME, PASSWORD FROM TEACHER WHERE (EMAIL = ?)
	bind => [ucitel.test@stuba.sk]
]]></system-out>
  </testcase>
  <testcase name="shouldSubmitThesisWithTeacher" classname="sk.stuba.fei.uim.vsa.pr2.ThesisResourceTest" time="1.092">
    <failure message="expected: &lt;201&gt; but was: &lt;401&gt;" type="org.opentest4j.AssertionFailedError"><![CDATA[org.opentest4j.AssertionFailedError: expected: <201> but was: <401>
	at sk.stuba.fei.uim.vsa.pr2.ThesisResourceTest.createThesis(ThesisResourceTest.java:642)
	at sk.stuba.fei.uim.vsa.pr2.ThesisResourceTest.shouldSubmitThesisWithTeacher(ThesisResourceTest.java:363)
]]></failure>
    <system-out><![CDATA[[EL Fine]: sql: 2023-05-18 11:04:40.215--ServerSession(764358458)--Connection(399149970)--Thread(Thread[grizzly-http-server-34,5,main])--SELECT ID, AISID, DEPARTMENT, EMAIL, INSTITUTE, NAME, PASSWORD FROM TEACHER WHERE (AISID = ?)
	bind => [45678]
[EL Fine]: sql: 2023-05-18 11:04:40.216--ServerSession(764358458)--Connection(399149970)--Thread(Thread[grizzly-http-server-34,5,main])--SELECT ID, AISID, DEPARTMENT, EMAIL, INSTITUTE, NAME, PASSWORD FROM TEACHER WHERE (EMAIL = ?)
	bind => [ucitel.test@stuba.sk]
[EL Fine]: sql: 2023-05-18 11:04:40.217--ServerSession(764358458)--Connection(399149970)--Thread(Thread[grizzly-http-server-34,5,main])--SELECT ID, AISID, DEPARTMENT, EMAIL, INSTITUTE, NAME, PASSWORD FROM TEACHER WHERE (AISID = ?)
	bind => [45678]
[EL Fine]: sql: 2023-05-18 11:04:40.219--ClientSession(1662853206)--Connection(399149970)--Thread(Thread[grizzly-http-server-34,5,main])--INSERT INTO TEACHER (ID, AISID, DEPARTMENT, EMAIL, INSTITUTE, NAME, PASSWORD) VALUES (?, ?, ?, ?, ?, ?, ?)
	bind => [26, 45678, SI, ucitel.test@stuba.sk, UIM, Testovaci ucitel, $2a$13$rMIQKF/Uc59l35jdZNl.5uIfzYxICtJTuydT5k3bDue1Us/bmY6FO]
com.fasterxml.jackson.databind.ObjectMapper@78307409
[EL Fine]: sql: 2023-05-18 11:04:40.233--ServerSession(764358458)--Connection(399149970)--Thread(Thread[grizzly-http-server-35,5,main])--SELECT ID, AISID, EMAIL, NAME, PASSWORD, SEMESTER, STUDYPROGRAM, STUDYYEAR FROM STUDENT WHERE (EMAIL = ?)
	bind => [ucitel.test@stuba.sk]
[EL Fine]: sql: 2023-05-18 11:04:40.233--ServerSession(764358458)--Connection(399149970)--Thread(Thread[grizzly-http-server-35,5,main])--SELECT ID, AISID, DEPARTMENT, EMAIL, INSTITUTE, NAME, PASSWORD FROM TEACHER WHERE (EMAIL = ?)
	bind => [ucitel.test@stuba.sk]
]]></system-out>
  </testcase>
  <testcase name="shouldDeleteThesis" classname="sk.stuba.fei.uim.vsa.pr2.ThesisResourceTest" time="1.131">
    <failure message="expected: &lt;201&gt; but was: &lt;401&gt;" type="org.opentest4j.AssertionFailedError"><![CDATA[org.opentest4j.AssertionFailedError: expected: <201> but was: <401>
	at sk.stuba.fei.uim.vsa.pr2.ThesisResourceTest.createThesis(ThesisResourceTest.java:642)
	at sk.stuba.fei.uim.vsa.pr2.ThesisResourceTest.shouldDeleteThesis(ThesisResourceTest.java:238)
]]></failure>
    <system-out><![CDATA[[EL Fine]: sql: 2023-05-18 11:04:41.331--ServerSession(764358458)--Connection(399149970)--Thread(Thread[grizzly-http-server-36,5,main])--SELECT ID, AISID, DEPARTMENT, EMAIL, INSTITUTE, NAME, PASSWORD FROM TEACHER WHERE (AISID = ?)
	bind => [45678]
[EL Fine]: sql: 2023-05-18 11:04:41.332--ServerSession(764358458)--Connection(399149970)--Thread(Thread[grizzly-http-server-36,5,main])--SELECT ID, AISID, DEPARTMENT, EMAIL, INSTITUTE, NAME, PASSWORD FROM TEACHER WHERE (EMAIL = ?)
	bind => [ucitel.test@stuba.sk]
[EL Fine]: sql: 2023-05-18 11:04:41.333--ServerSession(764358458)--Connection(399149970)--Thread(Thread[grizzly-http-server-36,5,main])--SELECT ID, AISID, DEPARTMENT, EMAIL, INSTITUTE, NAME, PASSWORD FROM TEACHER WHERE (AISID = ?)
	bind => [45678]
[EL Fine]: sql: 2023-05-18 11:04:41.334--ClientSession(1305825110)--Connection(399149970)--Thread(Thread[grizzly-http-server-36,5,main])--INSERT INTO TEACHER (ID, AISID, DEPARTMENT, EMAIL, INSTITUTE, NAME, PASSWORD) VALUES (?, ?, ?, ?, ?, ?, ?)
	bind => [27, 45678, SI, ucitel.test@stuba.sk, UIM, Testovaci ucitel, $2a$13$YbRzwObjiZ/JvDzE9klSSOUqDRrJ0ndiwHI3WV4.1kh9LDFLo11Ea]
com.fasterxml.jackson.databind.ObjectMapper@78307409
[EL Fine]: sql: 2023-05-18 11:04:41.344--ServerSession(764358458)--Connection(399149970)--Thread(Thread[grizzly-http-server-37,5,main])--SELECT ID, AISID, EMAIL, NAME, PASSWORD, SEMESTER, STUDYPROGRAM, STUDYYEAR FROM STUDENT WHERE (EMAIL = ?)
	bind => [ucitel.test@stuba.sk]
[EL Fine]: sql: 2023-05-18 11:04:41.345--ServerSession(764358458)--Connection(399149970)--Thread(Thread[grizzly-http-server-37,5,main])--SELECT ID, AISID, DEPARTMENT, EMAIL, INSTITUTE, NAME, PASSWORD FROM TEACHER WHERE (EMAIL = ?)
	bind => [ucitel.test@stuba.sk]
]]></system-out>
  </testcase>
  <testcase name="shouldCallFindThesesWithWrongCriteria" classname="sk.stuba.fei.uim.vsa.pr2.ThesisResourceTest" time="1.119">
    <failure message="expected: &lt;201&gt; but was: &lt;401&gt;" type="org.opentest4j.AssertionFailedError"><![CDATA[org.opentest4j.AssertionFailedError: expected: <201> but was: <401>
	at sk.stuba.fei.uim.vsa.pr2.ThesisResourceTest.createThesis(ThesisResourceTest.java:642)
	at sk.stuba.fei.uim.vsa.pr2.ThesisResourceTest.shouldCallFindThesesWithWrongCriteria(ThesisResourceTest.java:619)
]]></failure>
    <system-out><![CDATA[[EL Fine]: sql: 2023-05-18 11:04:42.453--ServerSession(764358458)--Connection(399149970)--Thread(Thread[grizzly-http-server-39,5,main])--SELECT ID, AISID, DEPARTMENT, EMAIL, INSTITUTE, NAME, PASSWORD FROM TEACHER WHERE (AISID = ?)
	bind => [45678]
[EL Fine]: sql: 2023-05-18 11:04:42.454--ServerSession(764358458)--Connection(399149970)--Thread(Thread[grizzly-http-server-39,5,main])--SELECT ID, AISID, DEPARTMENT, EMAIL, INSTITUTE, NAME, PASSWORD FROM TEACHER WHERE (EMAIL = ?)
	bind => [ucitel.test@stuba.sk]
[EL Fine]: sql: 2023-05-18 11:04:42.454--ServerSession(764358458)--Connection(399149970)--Thread(Thread[grizzly-http-server-39,5,main])--SELECT ID, AISID, DEPARTMENT, EMAIL, INSTITUTE, NAME, PASSWORD FROM TEACHER WHERE (AISID = ?)
	bind => [45678]
[EL Fine]: sql: 2023-05-18 11:04:42.455--ClientSession(1229935522)--Connection(399149970)--Thread(Thread[grizzly-http-server-39,5,main])--INSERT INTO TEACHER (ID, AISID, DEPARTMENT, EMAIL, INSTITUTE, NAME, PASSWORD) VALUES (?, ?, ?, ?, ?, ?, ?)
	bind => [28, 45678, SI, ucitel.test@stuba.sk, UIM, Testovaci ucitel, $2a$13$1pYS.LBnnoQGufel/OfsP.mYNaIUAju8X1p/rXL8Bcmxgmd6Icw9a]
com.fasterxml.jackson.databind.ObjectMapper@78307409
[EL Fine]: sql: 2023-05-18 11:04:42.468--ServerSession(764358458)--Connection(399149970)--Thread(Thread[grizzly-http-server-0,5,main])--SELECT ID, AISID, EMAIL, NAME, PASSWORD, SEMESTER, STUDYPROGRAM, STUDYYEAR FROM STUDENT WHERE (EMAIL = ?)
	bind => [ucitel.test@stuba.sk]
[EL Fine]: sql: 2023-05-18 11:04:42.469--ServerSession(764358458)--Connection(399149970)--Thread(Thread[grizzly-http-server-0,5,main])--SELECT ID, AISID, DEPARTMENT, EMAIL, INSTITUTE, NAME, PASSWORD FROM TEACHER WHERE (EMAIL = ?)
	bind => [ucitel.test@stuba.sk]
]]></system-out>
  </testcase>
  <testcase name="shouldSubmitThesisWithTeacherAndWithWrongStudent" classname="sk.stuba.fei.uim.vsa.pr2.ThesisResourceTest" time="1.142">
    <failure message="expected: &lt;201&gt; but was: &lt;401&gt;" type="org.opentest4j.AssertionFailedError"><![CDATA[org.opentest4j.AssertionFailedError: expected: <201> but was: <401>
	at sk.stuba.fei.uim.vsa.pr2.ThesisResourceTest.createThesis(ThesisResourceTest.java:642)
	at sk.stuba.fei.uim.vsa.pr2.ThesisResourceTest.shouldSubmitThesisWithTeacherAndWithWrongStudent(ThesisResourceTest.java:457)
]]></failure>
    <system-out><![CDATA[[EL Fine]: sql: 2023-05-18 11:04:43.563--ServerSession(764358458)--Connection(399149970)--Thread(Thread[grizzly-http-server-1,5,main])--SELECT ID, AISID, DEPARTMENT, EMAIL, INSTITUTE, NAME, PASSWORD FROM TEACHER WHERE (AISID = ?)
	bind => [45678]
[EL Fine]: sql: 2023-05-18 11:04:43.565--ServerSession(764358458)--Connection(399149970)--Thread(Thread[grizzly-http-server-1,5,main])--SELECT ID, AISID, DEPARTMENT, EMAIL, INSTITUTE, NAME, PASSWORD FROM TEACHER WHERE (EMAIL = ?)
	bind => [ucitel.test@stuba.sk]
[EL Fine]: sql: 2023-05-18 11:04:43.567--ServerSession(764358458)--Connection(399149970)--Thread(Thread[grizzly-http-server-1,5,main])--SELECT ID, AISID, DEPARTMENT, EMAIL, INSTITUTE, NAME, PASSWORD FROM TEACHER WHERE (AISID = ?)
	bind => [45678]
[EL Fine]: sql: 2023-05-18 11:04:43.568--ClientSession(983465606)--Connection(399149970)--Thread(Thread[grizzly-http-server-1,5,main])--INSERT INTO TEACHER (ID, AISID, DEPARTMENT, EMAIL, INSTITUTE, NAME, PASSWORD) VALUES (?, ?, ?, ?, ?, ?, ?)
	bind => [29, 45678, SI, ucitel.test@stuba.sk, UIM, Testovaci ucitel, $2a$13$P8bJqs7I6Pa61UJ/9VPa4uzFDWjTsgyagwfvLQ8mIIvr9Jq87lSeK]
com.fasterxml.jackson.databind.ObjectMapper@78307409
[EL Fine]: sql: 2023-05-18 11:04:43.626--ServerSession(764358458)--Connection(399149970)--Thread(Thread[grizzly-http-server-2,5,main])--SELECT ID, AISID, EMAIL, NAME, PASSWORD, SEMESTER, STUDYPROGRAM, STUDYYEAR FROM STUDENT WHERE (EMAIL = ?)
	bind => [ucitel.test@stuba.sk]
[EL Fine]: sql: 2023-05-18 11:04:43.627--ServerSession(764358458)--Connection(399149970)--Thread(Thread[grizzly-http-server-2,5,main])--SELECT ID, AISID, DEPARTMENT, EMAIL, INSTITUTE, NAME, PASSWORD FROM TEACHER WHERE (EMAIL = ?)
	bind => [ucitel.test@stuba.sk]
]]></system-out>
  </testcase>
  <testcase name="shouldGetAllTheses" classname="sk.stuba.fei.uim.vsa.pr2.ThesisResourceTest" time="1.076">
    <failure message="expected: &lt;201&gt; but was: &lt;401&gt;" type="org.opentest4j.AssertionFailedError"><![CDATA[org.opentest4j.AssertionFailedError: expected: <201> but was: <401>
	at sk.stuba.fei.uim.vsa.pr2.ThesisResourceTest.createThesis(ThesisResourceTest.java:642)
	at sk.stuba.fei.uim.vsa.pr2.ThesisResourceTest.shouldGetAllTheses(ThesisResourceTest.java:140)
]]></failure>
    <system-out><![CDATA[[EL Fine]: sql: 2023-05-18 11:04:44.679--ServerSession(764358458)--Connection(399149970)--Thread(Thread[grizzly-http-server-3,5,main])--SELECT ID, AISID, DEPARTMENT, EMAIL, INSTITUTE, NAME, PASSWORD FROM TEACHER WHERE (AISID = ?)
	bind => [45678]
[EL Fine]: sql: 2023-05-18 11:04:44.681--ServerSession(764358458)--Connection(399149970)--Thread(Thread[grizzly-http-server-3,5,main])--SELECT ID, AISID, DEPARTMENT, EMAIL, INSTITUTE, NAME, PASSWORD FROM TEACHER WHERE (EMAIL = ?)
	bind => [ucitel.test@stuba.sk]
[EL Fine]: sql: 2023-05-18 11:04:44.681--ServerSession(764358458)--Connection(399149970)--Thread(Thread[grizzly-http-server-3,5,main])--SELECT ID, AISID, DEPARTMENT, EMAIL, INSTITUTE, NAME, PASSWORD FROM TEACHER WHERE (AISID = ?)
	bind => [45678]
[EL Fine]: sql: 2023-05-18 11:04:44.682--ClientSession(798227584)--Connection(399149970)--Thread(Thread[grizzly-http-server-3,5,main])--INSERT INTO TEACHER (ID, AISID, DEPARTMENT, EMAIL, INSTITUTE, NAME, PASSWORD) VALUES (?, ?, ?, ?, ?, ?, ?)
	bind => [30, 45678, SI, ucitel.test@stuba.sk, UIM, Testovaci ucitel, $2a$13$0ttweJ0IHKhjn9TssdacZuIHOMGWuORDotKn4LdeO.dLGzatCtIVy]
com.fasterxml.jackson.databind.ObjectMapper@78307409
[EL Fine]: sql: 2023-05-18 11:04:44.692--ServerSession(764358458)--Connection(399149970)--Thread(Thread[grizzly-http-server-4,5,main])--SELECT ID, AISID, EMAIL, NAME, PASSWORD, SEMESTER, STUDYPROGRAM, STUDYYEAR FROM STUDENT WHERE (EMAIL = ?)
	bind => [ucitel.test@stuba.sk]
[EL Fine]: sql: 2023-05-18 11:04:44.693--ServerSession(764358458)--Connection(399149970)--Thread(Thread[grizzly-http-server-4,5,main])--SELECT ID, AISID, DEPARTMENT, EMAIL, INSTITUTE, NAME, PASSWORD FROM TEACHER WHERE (EMAIL = ?)
	bind => [ucitel.test@stuba.sk]
]]></system-out>
  </testcase>
</testsuite>
<testsuite xmlns:xsi="http://www.w3.org/2001/XMLSchema-instance" xsi:noNamespaceSchemaLocation="https://maven.apache.org/surefire/maven-surefire-plugin/xsd/surefire-test-report.xsd" name="sk.stuba.fei.uim.vsa.pr2.SanityCheckTest" time="1.973" tests="3" errors="0" skipped="0" failures="0">
  <properties>
[...]
</properties>
  <testcase name="testValidityOfPOMFile" classname="sk.stuba.fei.uim.vsa.pr2.SanityCheckTest" time="0.013"/>
  <testcase name="testForResourcesAvailability" classname="sk.stuba.fei.uim.vsa.pr2.SanityCheckTest" time="0.192"/>
  <testcase name="testPersistentUnit" classname="sk.stuba.fei.uim.vsa.pr2.SanityCheckTest" time="0.001"/>
</testsuite>
<testsuite xmlns:xsi="http://www.w3.org/2001/XMLSchema-instance" xsi:noNamespaceSchemaLocation="https://maven.apache.org/surefire/maven-surefire-plugin/xsd/surefire-test-report.xsd" name="sk.stuba.fei.uim.vsa.pr2.TeacherResourceTest" time="10.884" tests="11" errors="0" skipped="0" failures="7">
  <properties>
[...]
</properties>
  <testcase name="shouldCreateTeacherWithOnlyRequiredProperties" classname="sk.stuba.fei.uim.vsa.pr2.TeacherResourceTest" time="0.69"/>
  <testcase name="shouldGetTeacher" classname="sk.stuba.fei.uim.vsa.pr2.TeacherResourceTest" time="1.108">
    <failure message="expected: &lt;200&gt; but was: &lt;401&gt;" type="org.opentest4j.AssertionFailedError"><![CDATA[org.opentest4j.AssertionFailedError: expected: <200> but was: <401>
	at sk.stuba.fei.uim.vsa.pr2.TeacherResourceTest.shouldGetTeacher(TeacherResourceTest.java:145)
]]></failure>
    <system-out><![CDATA[[EL Fine]: sql: 2023-05-18 11:04:46.582--ServerSession(764358458)--Connection(399149970)--Thread(Thread[grizzly-http-server-1,5,main])--SELECT ID, AISID, DEPARTMENT, EMAIL, INSTITUTE, NAME, PASSWORD FROM TEACHER WHERE (AISID = ?)
	bind => [45678]
[EL Fine]: sql: 2023-05-18 11:04:46.583--ServerSession(764358458)--Connection(399149970)--Thread(Thread[grizzly-http-server-1,5,main])--SELECT ID, AISID, DEPARTMENT, EMAIL, INSTITUTE, NAME, PASSWORD FROM TEACHER WHERE (EMAIL = ?)
	bind => [ucitel.test@stuba.sk]
[EL Fine]: sql: 2023-05-18 11:04:46.583--ServerSession(764358458)--Connection(399149970)--Thread(Thread[grizzly-http-server-1,5,main])--SELECT ID, AISID, DEPARTMENT, EMAIL, INSTITUTE, NAME, PASSWORD FROM TEACHER WHERE (AISID = ?)
	bind => [45678]
[EL Fine]: sql: 2023-05-18 11:04:46.584--ClientSession(665391048)--Connection(399149970)--Thread(Thread[grizzly-http-server-1,5,main])--INSERT INTO TEACHER (ID, AISID, DEPARTMENT, EMAIL, INSTITUTE, NAME, PASSWORD) VALUES (?, ?, ?, ?, ?, ?, ?)
	bind => [32, 45678, SI, ucitel.test@stuba.sk, UIM, Testovaci ucitel, $2a$13$FqZzaAFPpvI/d9AiyVeHzuln.T1AkX0FH19OLGX1nYa5uXg87fnDO]
com.fasterxml.jackson.databind.ObjectMapper@24dc7285
[EL Fine]: sql: 2023-05-18 11:04:46.597--ServerSession(764358458)--Connection(399149970)--Thread(Thread[grizzly-http-server-2,5,main])--SELECT ID, AISID, EMAIL, NAME, PASSWORD, SEMESTER, STUDYPROGRAM, STUDYYEAR FROM STUDENT WHERE (EMAIL = ?)
	bind => [ucitel.test@stuba.sk]
[EL Fine]: sql: 2023-05-18 11:04:46.598--ServerSession(764358458)--Connection(399149970)--Thread(Thread[grizzly-http-server-2,5,main])--SELECT ID, AISID, DEPARTMENT, EMAIL, INSTITUTE, NAME, PASSWORD FROM TEACHER WHERE (EMAIL = ?)
	bind => [ucitel.test@stuba.sk]
]]></system-out>
  </testcase>
  <testcase name="deleteTeacher" classname="sk.stuba.fei.uim.vsa.pr2.TeacherResourceTest" time="1.172">
    <failure message="expected: &lt;200&gt; but was: &lt;401&gt;" type="org.opentest4j.AssertionFailedError"><![CDATA[org.opentest4j.AssertionFailedError: expected: <200> but was: <401>
	at sk.stuba.fei.uim.vsa.pr2.TeacherResourceTest.deleteTeacher(TeacherResourceTest.java:181)
]]></failure>
    <system-out><![CDATA[[EL Fine]: sql: 2023-05-18 11:04:47.692--ServerSession(764358458)--Connection(399149970)--Thread(Thread[grizzly-http-server-3,5,main])--SELECT ID, AISID, DEPARTMENT, EMAIL, INSTITUTE, NAME, PASSWORD FROM TEACHER WHERE (AISID = ?)
	bind => [45678]
[EL Fine]: sql: 2023-05-18 11:04:47.711--ServerSession(764358458)--Connection(399149970)--Thread(Thread[grizzly-http-server-3,5,main])--SELECT ID, AISID, DEPARTMENT, EMAIL, INSTITUTE, NAME, PASSWORD FROM TEACHER WHERE (EMAIL = ?)
	bind => [ucitel.test@stuba.sk]
[EL Fine]: sql: 2023-05-18 11:04:47.712--ServerSession(764358458)--Connection(399149970)--Thread(Thread[grizzly-http-server-3,5,main])--SELECT ID, AISID, DEPARTMENT, EMAIL, INSTITUTE, NAME, PASSWORD FROM TEACHER WHERE (AISID = ?)
	bind => [45678]
[EL Fine]: sql: 2023-05-18 11:04:47.717--ClientSession(102715308)--Connection(399149970)--Thread(Thread[grizzly-http-server-3,5,main])--INSERT INTO TEACHER (ID, AISID, DEPARTMENT, EMAIL, INSTITUTE, NAME, PASSWORD) VALUES (?, ?, ?, ?, ?, ?, ?)
	bind => [33, 45678, SI, ucitel.test@stuba.sk, UIM, Testovaci ucitel, $2a$13$OSBgvDcmcpAlm83k0Qwu9eXUUPLiQVCJQ.6Xx5ZruAibkUr7aBAsy]
com.fasterxml.jackson.databind.ObjectMapper@24dc7285
[EL Fine]: sql: 2023-05-18 11:04:47.747--ServerSession(764358458)--Connection(399149970)--Thread(Thread[grizzly-http-server-4,5,main])--SELECT ID, AISID, EMAIL, NAME, PASSWORD, SEMESTER, STUDYPROGRAM, STUDYYEAR FROM STUDENT WHERE (EMAIL = ?)
	bind => [ucitel.test@stuba.sk]
[EL Fine]: sql: 2023-05-18 11:04:47.75--ServerSession(764358458)--Connection(399149970)--Thread(Thread[grizzly-http-server-4,5,main])--SELECT ID, AISID, DEPARTMENT, EMAIL, INSTITUTE, NAME, PASSWORD FROM TEACHER WHERE (EMAIL = ?)
	bind => [ucitel.test@stuba.sk]
]]></system-out>
  </testcase>
  <testcase name="shouldGetNotFoundForNonExistingTeacher" classname="sk.stuba.fei.uim.vsa.pr2.TeacherResourceTest" time="1.082">
    <failure message="expected: &lt;true&gt; but was: &lt;false&gt;" type="org.opentest4j.AssertionFailedError"><![CDATA[org.opentest4j.AssertionFailedError: expected: <true> but was: <false>
	at sk.stuba.fei.uim.vsa.pr2.TeacherResourceTest.shouldGetNotFoundForNonExistingTeacher(TeacherResourceTest.java:166)
]]></failure>
    <system-out><![CDATA[[EL Fine]: sql: 2023-05-18 11:04:48.845--ServerSession(764358458)--Connection(399149970)--Thread(Thread[grizzly-http-server-5,5,main])--SELECT ID, AISID, DEPARTMENT, EMAIL, INSTITUTE, NAME, PASSWORD FROM TEACHER WHERE (AISID = ?)
	bind => [45678]
[EL Fine]: sql: 2023-05-18 11:04:48.846--ServerSession(764358458)--Connection(399149970)--Thread(Thread[grizzly-http-server-5,5,main])--SELECT ID, AISID, DEPARTMENT, EMAIL, INSTITUTE, NAME, PASSWORD FROM TEACHER WHERE (EMAIL = ?)
	bind => [ucitel.test@stuba.sk]
[EL Fine]: sql: 2023-05-18 11:04:48.847--ServerSession(764358458)--Connection(399149970)--Thread(Thread[grizzly-http-server-5,5,main])--SELECT ID, AISID, DEPARTMENT, EMAIL, INSTITUTE, NAME, PASSWORD FROM TEACHER WHERE (AISID = ?)
	bind => [45678]
[EL Fine]: sql: 2023-05-18 11:04:48.847--ClientSession(1554796213)--Connection(399149970)--Thread(Thread[grizzly-http-server-5,5,main])--INSERT INTO TEACHER (ID, AISID, DEPARTMENT, EMAIL, INSTITUTE, NAME, PASSWORD) VALUES (?, ?, ?, ?, ?, ?, ?)
	bind => [34, 45678, SI, ucitel.test@stuba.sk, UIM, Testovaci ucitel, $2a$13$qjC7x3XPywyD/QkZVVDKHOJU5pNlraVBgIsc8atfHqNSbrsVd1tpa]
com.fasterxml.jackson.databind.ObjectMapper@24dc7285
[EL Fine]: sql: 2023-05-18 11:04:48.861--ServerSession(764358458)--Connection(399149970)--Thread(Thread[grizzly-http-server-8,5,main])--SELECT ID, AISID, EMAIL, NAME, PASSWORD, SEMESTER, STUDYPROGRAM, STUDYYEAR FROM STUDENT WHERE (EMAIL = ?)
	bind => [ucitel.test@stuba.sk]
[EL Fine]: sql: 2023-05-18 11:04:48.861--ServerSession(764358458)--Connection(399149970)--Thread(Thread[grizzly-http-server-8,5,main])--SELECT ID, AISID, DEPARTMENT, EMAIL, INSTITUTE, NAME, PASSWORD FROM TEACHER WHERE (EMAIL = ?)
	bind => [ucitel.test@stuba.sk]
]]></system-out>
  </testcase>
  <testcase name="shouldReturnUnauthorized" classname="sk.stuba.fei.uim.vsa.pr2.TeacherResourceTest" time="0.098"/>
  <testcase name="shouldCreateTeacher" classname="sk.stuba.fei.uim.vsa.pr2.TeacherResourceTest" time="0.618"/>
  <testcase name="shouldReturnForbiddenToDeleteTeacherWithStudent" classname="sk.stuba.fei.uim.vsa.pr2.TeacherResourceTest" time="1.601">
    <failure message="expected: &lt;true&gt; but was: &lt;false&gt;" type="org.opentest4j.AssertionFailedError"><![CDATA[org.opentest4j.AssertionFailedError: expected: <true> but was: <false>
	at sk.stuba.fei.uim.vsa.pr2.TeacherResourceTest.shouldReturnForbiddenToDeleteTeacherWithStudent(TeacherResourceTest.java:239)
]]></failure>
    <system-out><![CDATA[[EL Fine]: sql: 2023-05-18 11:04:50.643--ServerSession(764358458)--Connection(399149970)--Thread(Thread[grizzly-http-server-9,5,main])--SELECT ID, AISID, DEPARTMENT, EMAIL, INSTITUTE, NAME, PASSWORD FROM TEACHER WHERE (AISID = ?)
	bind => [45678]
[EL Fine]: sql: 2023-05-18 11:04:50.644--ServerSession(764358458)--Connection(399149970)--Thread(Thread[grizzly-http-server-9,5,main])--SELECT ID, AISID, DEPARTMENT, EMAIL, INSTITUTE, NAME, PASSWORD FROM TEACHER WHERE (EMAIL = ?)
	bind => [ucitel.test@stuba.sk]
[EL Fine]: sql: 2023-05-18 11:04:50.645--ServerSession(764358458)--Connection(399149970)--Thread(Thread[grizzly-http-server-9,5,main])--SELECT ID, AISID, DEPARTMENT, EMAIL, INSTITUTE, NAME, PASSWORD FROM TEACHER WHERE (AISID = ?)
	bind => [45678]
[EL Fine]: sql: 2023-05-18 11:04:50.646--ClientSession(627535985)--Connection(399149970)--Thread(Thread[grizzly-http-server-9,5,main])--INSERT INTO TEACHER (ID, AISID, DEPARTMENT, EMAIL, INSTITUTE, NAME, PASSWORD) VALUES (?, ?, ?, ?, ?, ?, ?)
	bind => [36, 45678, SI, ucitel.test@stuba.sk, UIM, Testovaci ucitel, $2a$13$vhUecOqxdOaiUNzoPTfU4ulpvVY1s1nmvVndja59I5m8FkWcyvM.K]
[EL Fine]: sql: 2023-05-18 11:04:51.152--ServerSession(764358458)--Connection(399149970)--Thread(Thread[grizzly-http-server-10,5,main])--SELECT ID, AISID, EMAIL, NAME, PASSWORD, SEMESTER, STUDYPROGRAM, STUDYYEAR FROM STUDENT WHERE (AISID = ?)
	bind => [70127]
[EL Fine]: sql: 2023-05-18 11:04:51.153--ServerSession(764358458)--Connection(399149970)--Thread(Thread[grizzly-http-server-10,5,main])--SELECT ID, AISID, EMAIL, NAME, PASSWORD, SEMESTER, STUDYPROGRAM, STUDYYEAR FROM STUDENT WHERE (EMAIL = ?)
	bind => [xstudent@stuba.sk]
[EL Fine]: sql: 2023-05-18 11:04:51.153--ServerSession(764358458)--Connection(399149970)--Thread(Thread[grizzly-http-server-10,5,main])--SELECT ID, AISID, EMAIL, NAME, PASSWORD, SEMESTER, STUDYPROGRAM, STUDYYEAR FROM STUDENT WHERE (AISID = ?)
	bind => [70127]
[EL Fine]: sql: 2023-05-18 11:04:51.154--ClientSession(2122684616)--Connection(399149970)--Thread(Thread[grizzly-http-server-10,5,main])--INSERT INTO STUDENT (ID, AISID, EMAIL, NAME, PASSWORD, SEMESTER, STUDYPROGRAM, STUDYYEAR) VALUES (?, ?, ?, ?, ?, ?, ?, ?)
	bind => [37, 70127, xstudent@stuba.sk, Test Student, $2a$13$chOXCZJGLJ3wMuZzKGhoBO6WM8Jgt3NddDlZKaa0.4qdzJPtU48QC, 18, API, 8]
com.fasterxml.jackson.databind.ObjectMapper@24dc7285
[EL Fine]: sql: 2023-05-18 11:04:51.173--ServerSession(764358458)--Connection(399149970)--Thread(Thread[grizzly-http-server-11,5,main])--SELECT ID, AISID, EMAIL, NAME, PASSWORD, SEMESTER, STUDYPROGRAM, STUDYYEAR FROM STUDENT WHERE (EMAIL = ?)
	bind => [xstudent@stuba.sk]
[EL Fine]: sql: 2023-05-18 11:04:51.173--ServerSession(764358458)--Connection(399149970)--Thread(Thread[grizzly-http-server-11,5,main])--SELECT ID, AISID, DEPARTMENT, EMAIL, INSTITUTE, NAME, PASSWORD FROM TEACHER WHERE (EMAIL = ?)
	bind => [xstudent@stuba.sk]
]]></system-out>
  </testcase>
  <testcase name="shouldReturnForbiddenToDeleteWithWrongTeacher" classname="sk.stuba.fei.uim.vsa.pr2.TeacherResourceTest" time="1.655">
    <failure message="expected: &lt;true&gt; but was: &lt;false&gt;" type="org.opentest4j.AssertionFailedError"><![CDATA[org.opentest4j.AssertionFailedError: expected: <true> but was: <false>
	at sk.stuba.fei.uim.vsa.pr2.TeacherResourceTest.shouldReturnForbiddenToDeleteWithWrongTeacher(TeacherResourceTest.java:225)
]]></failure>
    <system-out><![CDATA[[EL Fine]: sql: 2023-05-18 11:04:52.254--ServerSession(764358458)--Connection(399149970)--Thread(Thread[grizzly-http-server-12,5,main])--SELECT ID, AISID, DEPARTMENT, EMAIL, INSTITUTE, NAME, PASSWORD FROM TEACHER WHERE (AISID = ?)
	bind => [45678]
[EL Fine]: sql: 2023-05-18 11:04:52.255--ServerSession(764358458)--Connection(399149970)--Thread(Thread[grizzly-http-server-12,5,main])--SELECT ID, AISID, DEPARTMENT, EMAIL, INSTITUTE, NAME, PASSWORD FROM TEACHER WHERE (EMAIL = ?)
	bind => [ucitel.test@stuba.sk]
[EL Fine]: sql: 2023-05-18 11:04:52.256--ServerSession(764358458)--Connection(399149970)--Thread(Thread[grizzly-http-server-12,5,main])--SELECT ID, AISID, DEPARTMENT, EMAIL, INSTITUTE, NAME, PASSWORD FROM TEACHER WHERE (AISID = ?)
	bind => [45678]
[EL Fine]: sql: 2023-05-18 11:04:52.257--ClientSession(342080855)--Connection(399149970)--Thread(Thread[grizzly-http-server-12,5,main])--INSERT INTO TEACHER (ID, AISID, DEPARTMENT, EMAIL, INSTITUTE, NAME, PASSWORD) VALUES (?, ?, ?, ?, ?, ?, ?)
	bind => [38, 45678, SI, ucitel.test@stuba.sk, UIM, Testovaci ucitel, $2a$13$FxV1FroWn908sqhjk9GNi.UliL4BNHTI10Y5UexBwAgwUR5vDHsim]
[EL Fine]: sql: 2023-05-18 11:04:52.804--ServerSession(764358458)--Connection(399149970)--Thread(Thread[grizzly-http-server-13,5,main])--SELECT ID, AISID, DEPARTMENT, EMAIL, INSTITUTE, NAME, PASSWORD FROM TEACHER WHERE (AISID = ?)
	bind => [123456]
[EL Fine]: sql: 2023-05-18 11:04:52.805--ServerSession(764358458)--Connection(399149970)--Thread(Thread[grizzly-http-server-13,5,main])--SELECT ID, AISID, DEPARTMENT, EMAIL, INSTITUTE, NAME, PASSWORD FROM TEACHER WHERE (EMAIL = ?)
	bind => [test.teacher@stuba.sk]
[EL Fine]: sql: 2023-05-18 11:04:52.805--ServerSession(764358458)--Connection(399149970)--Thread(Thread[grizzly-http-server-13,5,main])--SELECT ID, AISID, DEPARTMENT, EMAIL, INSTITUTE, NAME, PASSWORD FROM TEACHER WHERE (AISID = ?)
	bind => [123456]
[EL Fine]: sql: 2023-05-18 11:04:52.806--ClientSession(972879360)--Connection(399149970)--Thread(Thread[grizzly-http-server-13,5,main])--INSERT INTO TEACHER (ID, AISID, DEPARTMENT, EMAIL, INSTITUTE, NAME, PASSWORD) VALUES (?, ?, ?, ?, ?, ?, ?)
	bind => [39, 123456, BIS, test.teacher@stuba.sk, UIMM, Meno testovacieho uciteľa, $2a$13$47gPPxbc9FEYZR3A5wvGie/DyC.BX5aY5.QmoZ8Sk2yA8ENLrBGMu]
com.fasterxml.jackson.databind.ObjectMapper@24dc7285
[EL Fine]: sql: 2023-05-18 11:04:52.818--ServerSession(764358458)--Connection(399149970)--Thread(Thread[grizzly-http-server-15,5,main])--SELECT ID, AISID, EMAIL, NAME, PASSWORD, SEMESTER, STUDYPROGRAM, STUDYYEAR FROM STUDENT WHERE (EMAIL = ?)
	bind => [test.teacher@stuba.sk]
[EL Fine]: sql: 2023-05-18 11:04:52.819--ServerSession(764358458)--Connection(399149970)--Thread(Thread[grizzly-http-server-15,5,main])--SELECT ID, AISID, DEPARTMENT, EMAIL, INSTITUTE, NAME, PASSWORD FROM TEACHER WHERE (EMAIL = ?)
	bind => [test.teacher@stuba.sk]
]]></system-out>
  </testcase>
  <testcase name="shouldGetEmptyList" classname="sk.stuba.fei.uim.vsa.pr2.TeacherResourceTest" time="1.084">
    <failure message="expected: &lt;200&gt; but was: &lt;401&gt;" type="org.opentest4j.AssertionFailedError"><![CDATA[org.opentest4j.AssertionFailedError: expected: <200> but was: <401>
	at sk.stuba.fei.uim.vsa.pr2.TeacherResourceTest.shouldGetEmptyList(TeacherResourceTest.java:126)
]]></failure>
    <system-out><![CDATA[[EL Fine]: sql: 2023-05-18 11:04:53.896--ServerSession(764358458)--Connection(399149970)--Thread(Thread[grizzly-http-server-14,5,main])--SELECT ID, AISID, EMAIL, NAME, PASSWORD, SEMESTER, STUDYPROGRAM, STUDYYEAR FROM STUDENT WHERE (AISID = ?)
	bind => [70127]
[EL Fine]: sql: 2023-05-18 11:04:53.897--ServerSession(764358458)--Connection(399149970)--Thread(Thread[grizzly-http-server-14,5,main])--SELECT ID, AISID, EMAIL, NAME, PASSWORD, SEMESTER, STUDYPROGRAM, STUDYYEAR FROM STUDENT WHERE (EMAIL = ?)
	bind => [xstudent@stuba.sk]
[EL Fine]: sql: 2023-05-18 11:04:53.898--ServerSession(764358458)--Connection(399149970)--Thread(Thread[grizzly-http-server-14,5,main])--SELECT ID, AISID, EMAIL, NAME, PASSWORD, SEMESTER, STUDYPROGRAM, STUDYYEAR FROM STUDENT WHERE (AISID = ?)
	bind => [70127]
[EL Fine]: sql: 2023-05-18 11:04:53.899--ClientSession(1207057938)--Connection(399149970)--Thread(Thread[grizzly-http-server-14,5,main])--INSERT INTO STUDENT (ID, AISID, EMAIL, NAME, PASSWORD, SEMESTER, STUDYPROGRAM, STUDYYEAR) VALUES (?, ?, ?, ?, ?, ?, ?, ?)
	bind => [40, 70127, xstudent@stuba.sk, Test Student, $2a$13$1N8WWunHOhtQHibiV.g/COHRgd0UeTJh/JRdqmvyKb9UI5amc8Bza, 18, API, 8]
com.fasterxml.jackson.databind.ObjectMapper@24dc7285
[EL Fine]: sql: 2023-05-18 11:04:53.912--ServerSession(764358458)--Connection(399149970)--Thread(Thread[grizzly-http-server-16,5,main])--SELECT ID, AISID, EMAIL, NAME, PASSWORD, SEMESTER, STUDYPROGRAM, STUDYYEAR FROM STUDENT WHERE (EMAIL = ?)
	bind => [xstudent@stuba.sk]
[EL Fine]: sql: 2023-05-18 11:04:53.913--ServerSession(764358458)--Connection(399149970)--Thread(Thread[grizzly-http-server-16,5,main])--SELECT ID, AISID, DEPARTMENT, EMAIL, INSTITUTE, NAME, PASSWORD FROM TEACHER WHERE (EMAIL = ?)
	bind => [xstudent@stuba.sk]
]]></system-out>
  </testcase>
  <testcase name="shouldCallWithoutBodyAndReturnError" classname="sk.stuba.fei.uim.vsa.pr2.TeacherResourceTest" time="0.09"/>
  <testcase name="shouldGetAllTeachers" classname="sk.stuba.fei.uim.vsa.pr2.TeacherResourceTest" time="1.579">
    <failure message="expected: &lt;200&gt; but was: &lt;401&gt;" type="org.opentest4j.AssertionFailedError"><![CDATA[org.opentest4j.AssertionFailedError: expected: <200> but was: <401>
	at sk.stuba.fei.uim.vsa.pr2.TeacherResourceTest.shouldGetAllTeachers(TeacherResourceTest.java:94)
]]></failure>
    <system-out><![CDATA[[EL Fine]: sql: 2023-05-18 11:04:55.066--ServerSession(764358458)--Connection(399149970)--Thread(Thread[grizzly-http-server-18,5,main])--SELECT ID, AISID, DEPARTMENT, EMAIL, INSTITUTE, NAME, PASSWORD FROM TEACHER WHERE (AISID = ?)
	bind => [45678]
[EL Fine]: sql: 2023-05-18 11:04:55.067--ServerSession(764358458)--Connection(399149970)--Thread(Thread[grizzly-http-server-18,5,main])--SELECT ID, AISID, DEPARTMENT, EMAIL, INSTITUTE, NAME, PASSWORD FROM TEACHER WHERE (EMAIL = ?)
	bind => [ucitel.test@stuba.sk]
[EL Fine]: sql: 2023-05-18 11:04:55.067--ServerSession(764358458)--Connection(399149970)--Thread(Thread[grizzly-http-server-18,5,main])--SELECT ID, AISID, DEPARTMENT, EMAIL, INSTITUTE, NAME, PASSWORD FROM TEACHER WHERE (AISID = ?)
	bind => [45678]
[EL Fine]: sql: 2023-05-18 11:04:55.068--ClientSession(1697844685)--Connection(399149970)--Thread(Thread[grizzly-http-server-18,5,main])--INSERT INTO TEACHER (ID, AISID, DEPARTMENT, EMAIL, INSTITUTE, NAME, PASSWORD) VALUES (?, ?, ?, ?, ?, ?, ?)
	bind => [41, 45678, SI, ucitel.test@stuba.sk, UIM, Testovaci ucitel, $2a$13$TP/ol3DgJbN3q9/B8zcD1OIaXc2vuk.MRJF5NRgQJpgx/VG8GJ5zS]
[EL Fine]: sql: 2023-05-18 11:04:55.574--ServerSession(764358458)--Connection(399149970)--Thread(Thread[grizzly-http-server-19,5,main])--SELECT ID, AISID, DEPARTMENT, EMAIL, INSTITUTE, NAME, PASSWORD FROM TEACHER WHERE (AISID = ?)
	bind => [123456]
[EL Fine]: sql: 2023-05-18 11:04:55.575--ServerSession(764358458)--Connection(399149970)--Thread(Thread[grizzly-http-server-19,5,main])--SELECT ID, AISID, DEPARTMENT, EMAIL, INSTITUTE, NAME, PASSWORD FROM TEACHER WHERE (EMAIL = ?)
	bind => [test.teacher@stuba.sk]
[EL Fine]: sql: 2023-05-18 11:04:55.575--ServerSession(764358458)--Connection(399149970)--Thread(Thread[grizzly-http-server-19,5,main])--SELECT ID, AISID, DEPARTMENT, EMAIL, INSTITUTE, NAME, PASSWORD FROM TEACHER WHERE (AISID = ?)
	bind => [123456]
[EL Fine]: sql: 2023-05-18 11:04:55.576--ClientSession(177573593)--Connection(399149970)--Thread(Thread[grizzly-http-server-19,5,main])--INSERT INTO TEACHER (ID, AISID, DEPARTMENT, EMAIL, INSTITUTE, NAME, PASSWORD) VALUES (?, ?, ?, ?, ?, ?, ?)
	bind => [42, 123456, BIS, test.teacher@stuba.sk, UIMM, Meno testovacieho uciteľa, $2a$13$0ZzsI.qEU.GUQfIWMfyideF5PBGrkyU7z89KKUSQGO6ObzG.i37Au]
com.fasterxml.jackson.databind.ObjectMapper@24dc7285
[EL Fine]: sql: 2023-05-18 11:04:55.587--ServerSession(764358458)--Connection(399149970)--Thread(Thread[grizzly-http-server-20,5,main])--SELECT ID, AISID, EMAIL, NAME, PASSWORD, SEMESTER, STUDYPROGRAM, STUDYYEAR FROM STUDENT WHERE (EMAIL = ?)
	bind => [ucitel.test@stuba.sk]
[EL Fine]: sql: 2023-05-18 11:04:55.588--ServerSession(764358458)--Connection(399149970)--Thread(Thread[grizzly-http-server-20,5,main])--SELECT ID, AISID, DEPARTMENT, EMAIL, INSTITUTE, NAME, PASSWORD FROM TEACHER WHERE (EMAIL = ?)
	bind => [ucitel.test@stuba.sk]
]]></system-out>
  </testcase>
</testsuite></testsuites>