<?xml version="1.0" encoding="UTF-8"?><testsuites>
<testsuite xmlns:xsi="http://www.w3.org/2001/XMLSchema-instance" xsi:noNamespaceSchemaLocation="https://maven.apache.org/surefire/maven-surefire-plugin/xsd/surefire-test-report.xsd" name="sk.stuba.fei.uim.vsa.pr2.StudentResourceTest" time="9.18" tests="10" errors="0" skipped="0" failures="6">
  <properties>
[...]
</properties>
  <testcase name="shouldGetNotFoundForNonExistingStudent" classname="sk.stuba.fei.uim.vsa.pr2.StudentResourceTest" time="1.546">
    <failure message="expected: &lt;true&gt; but was: &lt;false&gt;" type="org.opentest4j.AssertionFailedError"><![CDATA[org.opentest4j.AssertionFailedError: expected: <true> but was: <false>
	at sk.stuba.fei.uim.vsa.pr2.StudentResourceTest.shouldGetNotFoundForNonExistingStudent(StudentResourceTest.java:168)
]]></failure>
    <system-out><![CDATA[2023-05-27 11:51:33.875  INFO --- [           main] s.s.fei.uim.vsa.pr2.utils.ResourceTest   : Starting HTTP server for testing
2023-05-27 11:51:33.876  INFO --- [           main] s.s.fei.uim.vsa.pr2.Project2Application  : Starting Grizzly2 HTTP server...
2023-05-27 11:51:33.876  INFO --- [           main] s.s.fei.uim.vsa.pr2.Project2Application  : Server listening on http://docker-desktop:8080/api
2023-05-27 11:51:33.906  INFO --- [           main] org.reflections.Reflections              : Reflections took 16 ms to scan 2 urls, producing 19 keys and 43 values
2023-05-27 11:51:33.907  INFO --- [           main] .s.f.u.v.p.JAXRSApplicationConfiguration : Registered resource classes: [class sk.stuba.fei.uim.vsa.pr2.api.resources.TeacherResource, class sk.stuba.fei.uim.vsa.pr2.api.resources.StudentResource, class sk.stuba.fei.uim.vsa.pr2.api.resources.SearchResource, class sk.stuba.fei.uim.vsa.pr2.api.resources.ThesisResource]
2023-05-27 11:51:33.907  INFO --- [           main] .s.f.u.v.p.JAXRSApplicationConfiguration : Registered feature providers: [class sk.stuba.fei.uim.vsa.pr2.auth.AuthFilter]
[EL Fine]: moxy: 2023-05-27 11:51:33.964--Thread(Thread[main,5,main])--SAXParserFactory instance: com.sun.org.apache.xerces.internal.jaxp.SAXParserFactoryImpl@58ff8d79
2023-05-27 11:51:33.993  INFO --- [           main] s.s.fei.uim.vsa.pr2.utils.ResourceTest   : Creating client for HTTP server
2023-05-27 11:51:33.994  INFO --- [           main] s.s.fei.uim.vsa.pr2.utils.ResourceTest   : Client created JerseyWebTarget { http://docker-desktop:8080/api }
[EL Fine]: moxy: 2023-05-27 11:51:34.027--Thread(Thread[main,5,main])--SAXParserFactory instance: com.sun.org.apache.xerces.internal.jaxp.SAXParserFactoryImpl@767a014e
[EL Fine]: sql: 2023-05-27 11:51:35.03--ServerSession(1657125852)--Connection(1773336805)--Thread(Thread[grizzly-http-server-0,5,main])--SELECT ID, AISID, EMAIL, NAME, PASSWORD, SEMESTER, STUDYPROGRAM, STUDYYEAR FROM STUDENT WHERE (AISID = ?)
	bind => [70127]
[EL Fine]: sql: 2023-05-27 11:51:35.034--ServerSession(1657125852)--Connection(1773336805)--Thread(Thread[grizzly-http-server-0,5,main])--SELECT ID, AISID, EMAIL, NAME, PASSWORD, SEMESTER, STUDYPROGRAM, STUDYYEAR FROM STUDENT WHERE (EMAIL = ?)
	bind => [xstudent@stuba.sk]
[EL Fine]: sql: 2023-05-27 11:51:35.035--ServerSession(1657125852)--Connection(1773336805)--Thread(Thread[grizzly-http-server-0,5,main])--SELECT ID, AISID, EMAIL, NAME, PASSWORD, SEMESTER, STUDYPROGRAM, STUDYYEAR FROM STUDENT WHERE (AISID = ?)
	bind => [70127]
[EL Fine]: sql: 2023-05-27 11:51:35.037--ClientSession(1075191676)--Connection(1773336805)--Thread(Thread[grizzly-http-server-0,5,main])--UPDATE SEQUENCE SET SEQ_COUNT = SEQ_COUNT + ? WHERE SEQ_NAME = ?
	bind => [50, SEQ_GEN]
[EL Fine]: sql: 2023-05-27 11:51:35.038--ClientSession(1075191676)--Connection(1773336805)--Thread(Thread[grizzly-http-server-0,5,main])--SELECT SEQ_COUNT FROM SEQUENCE WHERE SEQ_NAME = ?
	bind => [SEQ_GEN]
[EL Fine]: sql: 2023-05-27 11:51:35.05--ClientSession(1075191676)--Connection(1773336805)--Thread(Thread[grizzly-http-server-0,5,main])--INSERT INTO STUDENT (ID, AISID, EMAIL, NAME, PASSWORD, SEMESTER, STUDYPROGRAM, STUDYYEAR) VALUES (?, ?, ?, ?, ?, ?, ?, ?)
	bind => [1, 70127, xstudent@stuba.sk, Test Student, $2a$13$gqZZKinD5FYfXpySLBpkLuWgjhNkkCpwmSsCUWfARyiedbXSlj6Lq, 18, API, 8]
2023-05-27 11:51:35.072  INFO --- [           main] s.s.fei.uim.vsa.pr2.utils.ResourceTest   : Parsing response: {"id":1,"aisId":70127,"name":"Test Student","email":"xstudent@stuba.sk","year":8,"term":18,"programme":"API","thesis":null}
com.fasterxml.jackson.databind.ObjectMapper@585b9b04
[EL Fine]: sql: 2023-05-27 11:51:35.088--ServerSession(1657125852)--Connection(1773336805)--Thread(Thread[grizzly-http-server-1,5,main])--SELECT ID, AISID, EMAIL, NAME, PASSWORD, SEMESTER, STUDYPROGRAM, STUDYYEAR FROM STUDENT WHERE (EMAIL = ?)
	bind => [xstudent@stuba.sk]
[EL Fine]: sql: 2023-05-27 11:51:35.09--ServerSession(1657125852)--Connection(1773336805)--Thread(Thread[grizzly-http-server-1,5,main])--SELECT ID, AISID, DEPARTMENT, EMAIL, INSTITUTE, NAME, PASSWORD FROM TEACHER WHERE (EMAIL = ?)
	bind => [xstudent@stuba.sk]
]]></system-out>
    <system-err><![CDATA[May 27, 2023 11:51:33 AM org.glassfish.grizzly.http.server.NetworkListener start
INFO: Started listener bound to [docker-desktop:8080]
May 27, 2023 11:51:33 AM org.glassfish.grizzly.http.server.HttpServer start
INFO: [HttpServer-1] Started.
]]></system-err>
  </testcase>
  <testcase name="shouldCreateStudent" classname="sk.stuba.fei.uim.vsa.pr2.StudentResourceTest" time="0.559"/>
  <testcase name="shouldReturnUnauthorized" classname="sk.stuba.fei.uim.vsa.pr2.StudentResourceTest" time="0.106"/>
  <testcase name="shouldReturnForbiddenToDeleteWithWrongStudent" classname="sk.stuba.fei.uim.vsa.pr2.StudentResourceTest" time="1.502">
    <failure message="expected: &lt;true&gt; but was: &lt;false&gt;" type="org.opentest4j.AssertionFailedError"><![CDATA[org.opentest4j.AssertionFailedError: expected: <true> but was: <false>
	at sk.stuba.fei.uim.vsa.pr2.StudentResourceTest.shouldReturnForbiddenToDeleteWithWrongStudent(StudentResourceTest.java:215)
]]></failure>
    <system-out><![CDATA[[EL Fine]: sql: 2023-05-27 11:51:36.797--ServerSession(1657125852)--Connection(1773336805)--Thread(Thread[grizzly-http-server-4,5,main])--SELECT ID, AISID, EMAIL, NAME, PASSWORD, SEMESTER, STUDYPROGRAM, STUDYYEAR FROM STUDENT WHERE (AISID = ?)
	bind => [70127]
[EL Fine]: sql: 2023-05-27 11:51:36.798--ServerSession(1657125852)--Connection(1773336805)--Thread(Thread[grizzly-http-server-4,5,main])--SELECT ID, AISID, EMAIL, NAME, PASSWORD, SEMESTER, STUDYPROGRAM, STUDYYEAR FROM STUDENT WHERE (EMAIL = ?)
	bind => [xstudent@stuba.sk]
[EL Fine]: sql: 2023-05-27 11:51:36.799--ServerSession(1657125852)--Connection(1773336805)--Thread(Thread[grizzly-http-server-4,5,main])--SELECT ID, AISID, EMAIL, NAME, PASSWORD, SEMESTER, STUDYPROGRAM, STUDYYEAR FROM STUDENT WHERE (AISID = ?)
	bind => [70127]
[EL Fine]: sql: 2023-05-27 11:51:36.8--ClientSession(525753718)--Connection(1773336805)--Thread(Thread[grizzly-http-server-4,5,main])--INSERT INTO STUDENT (ID, AISID, EMAIL, NAME, PASSWORD, SEMESTER, STUDYPROGRAM, STUDYYEAR) VALUES (?, ?, ?, ?, ?, ?, ?, ?)
	bind => [3, 70127, xstudent@stuba.sk, Test Student, $2a$13$ywaO4xk.nc6R9fYeEK0wPOKqu0Km.ohzbDpGB7XM07D2BxYaTib3C, 18, API, 8]
2023-05-27 11:51:36.810  INFO --- [           main] s.s.fei.uim.vsa.pr2.utils.ResourceTest   : Parsing response: {"id":3,"aisId":70127,"name":"Test Student","email":"xstudent@stuba.sk","year":8,"term":18,"programme":"API","thesis":null}
[EL Fine]: sql: 2023-05-27 11:51:37.29--ServerSession(1657125852)--Connection(1773336805)--Thread(Thread[grizzly-http-server-5,5,main])--SELECT ID, AISID, EMAIL, NAME, PASSWORD, SEMESTER, STUDYPROGRAM, STUDYYEAR FROM STUDENT WHERE (AISID = ?)
	bind => [81230]
[EL Fine]: sql: 2023-05-27 11:51:37.291--ServerSession(1657125852)--Connection(1773336805)--Thread(Thread[grizzly-http-server-5,5,main])--SELECT ID, AISID, EMAIL, NAME, PASSWORD, SEMESTER, STUDYPROGRAM, STUDYYEAR FROM STUDENT WHERE (EMAIL = ?)
	bind => [xstu@stuba.sk]
[EL Fine]: sql: 2023-05-27 11:51:37.291--ServerSession(1657125852)--Connection(1773336805)--Thread(Thread[grizzly-http-server-5,5,main])--SELECT ID, AISID, EMAIL, NAME, PASSWORD, SEMESTER, STUDYPROGRAM, STUDYYEAR FROM STUDENT WHERE (AISID = ?)
	bind => [81230]
[EL Fine]: sql: 2023-05-27 11:51:37.292--ClientSession(497591130)--Connection(1773336805)--Thread(Thread[grizzly-http-server-5,5,main])--INSERT INTO STUDENT (ID, AISID, EMAIL, NAME, PASSWORD, SEMESTER, STUDYPROGRAM, STUDYYEAR) VALUES (?, ?, ?, ?, ?, ?, ?, ?)
	bind => [4, 81230, xstu@stuba.sk, Testovaci Studenttt, $2a$13$FD8SP8yCCLyRJOO0ylOv5e/yeukEcRNHoxWoSDfVJpLlfhpBsJzY., 6, B-API, 3]
2023-05-27 11:51:37.302  INFO --- [           main] s.s.fei.uim.vsa.pr2.utils.ResourceTest   : Parsing response: {"id":4,"aisId":81230,"name":"Testovaci Studenttt","email":"xstu@stuba.sk","year":3,"term":6,"programme":"B-API","thesis":null}
com.fasterxml.jackson.databind.ObjectMapper@585b9b04
[EL Fine]: sql: 2023-05-27 11:51:37.306--ServerSession(1657125852)--Connection(1773336805)--Thread(Thread[grizzly-http-server-6,5,main])--SELECT ID, AISID, EMAIL, NAME, PASSWORD, SEMESTER, STUDYPROGRAM, STUDYYEAR FROM STUDENT WHERE (EMAIL = ?)
	bind => [xstu@stuba.sk]
[EL Fine]: sql: 2023-05-27 11:51:37.307--ServerSession(1657125852)--Connection(1773336805)--Thread(Thread[grizzly-http-server-6,5,main])--SELECT ID, AISID, DEPARTMENT, EMAIL, INSTITUTE, NAME, PASSWORD FROM TEACHER WHERE (EMAIL = ?)
	bind => [xstu@stuba.sk]
]]></system-out>
  </testcase>
  <testcase name="shouldGetAllStudents" classname="sk.stuba.fei.uim.vsa.pr2.StudentResourceTest" time="1.538">
    <failure message="expected: &lt;200&gt; but was: &lt;401&gt;" type="org.opentest4j.AssertionFailedError"><![CDATA[org.opentest4j.AssertionFailedError: expected: <200> but was: <401>
	at sk.stuba.fei.uim.vsa.pr2.StudentResourceTest.shouldGetAllStudents(StudentResourceTest.java:95)
]]></failure>
    <system-out><![CDATA[[EL Fine]: sql: 2023-05-27 11:51:38.322--ServerSession(1657125852)--Connection(1773336805)--Thread(Thread[grizzly-http-server-7,5,main])--SELECT ID, AISID, EMAIL, NAME, PASSWORD, SEMESTER, STUDYPROGRAM, STUDYYEAR FROM STUDENT WHERE (AISID = ?)
	bind => [70127]
[EL Fine]: sql: 2023-05-27 11:51:38.323--ServerSession(1657125852)--Connection(1773336805)--Thread(Thread[grizzly-http-server-7,5,main])--SELECT ID, AISID, EMAIL, NAME, PASSWORD, SEMESTER, STUDYPROGRAM, STUDYYEAR FROM STUDENT WHERE (EMAIL = ?)
	bind => [xstudent@stuba.sk]
[EL Fine]: sql: 2023-05-27 11:51:38.323--ServerSession(1657125852)--Connection(1773336805)--Thread(Thread[grizzly-http-server-7,5,main])--SELECT ID, AISID, EMAIL, NAME, PASSWORD, SEMESTER, STUDYPROGRAM, STUDYYEAR FROM STUDENT WHERE (AISID = ?)
	bind => [70127]
[EL Fine]: sql: 2023-05-27 11:51:38.325--ClientSession(1495595761)--Connection(1773336805)--Thread(Thread[grizzly-http-server-7,5,main])--INSERT INTO STUDENT (ID, AISID, EMAIL, NAME, PASSWORD, SEMESTER, STUDYPROGRAM, STUDYYEAR) VALUES (?, ?, ?, ?, ?, ?, ?, ?)
	bind => [5, 70127, xstudent@stuba.sk, Test Student, $2a$13$ftBWtVMBoGhcSwQu4tQTeOD9Nv1r/Wz90WGcrG.oqwJ3qrdjnwLg6, 18, API, 8]
2023-05-27 11:51:38.334  INFO --- [           main] s.s.fei.uim.vsa.pr2.utils.ResourceTest   : Parsing response: {"id":5,"aisId":70127,"name":"Test Student","email":"xstudent@stuba.sk","year":8,"term":18,"programme":"API","thesis":null}
[EL Fine]: sql: 2023-05-27 11:51:38.821--ServerSession(1657125852)--Connection(1773336805)--Thread(Thread[grizzly-http-server-8,5,main])--SELECT ID, AISID, EMAIL, NAME, PASSWORD, SEMESTER, STUDYPROGRAM, STUDYYEAR FROM STUDENT WHERE (AISID = ?)
	bind => [81230]
[EL Fine]: sql: 2023-05-27 11:51:38.822--ServerSession(1657125852)--Connection(1773336805)--Thread(Thread[grizzly-http-server-8,5,main])--SELECT ID, AISID, EMAIL, NAME, PASSWORD, SEMESTER, STUDYPROGRAM, STUDYYEAR FROM STUDENT WHERE (EMAIL = ?)
	bind => [xstu@stuba.sk]
[EL Fine]: sql: 2023-05-27 11:51:38.823--ServerSession(1657125852)--Connection(1773336805)--Thread(Thread[grizzly-http-server-8,5,main])--SELECT ID, AISID, EMAIL, NAME, PASSWORD, SEMESTER, STUDYPROGRAM, STUDYYEAR FROM STUDENT WHERE (AISID = ?)
	bind => [81230]
[EL Fine]: sql: 2023-05-27 11:51:38.823--ClientSession(785929353)--Connection(1773336805)--Thread(Thread[grizzly-http-server-8,5,main])--INSERT INTO STUDENT (ID, AISID, EMAIL, NAME, PASSWORD, SEMESTER, STUDYPROGRAM, STUDYYEAR) VALUES (?, ?, ?, ?, ?, ?, ?, ?)
	bind => [6, 81230, xstu@stuba.sk, Testovaci Studenttt, $2a$13$EeJoBaU0rYC6Li3W3H4BH.BO6FBRq4LKUdabqoR4lUfAWQ.yfcC6a, 6, B-API, 3]
2023-05-27 11:51:38.834  INFO --- [           main] s.s.fei.uim.vsa.pr2.utils.ResourceTest   : Parsing response: {"id":6,"aisId":81230,"name":"Testovaci Studenttt","email":"xstu@stuba.sk","year":3,"term":6,"programme":"B-API","thesis":null}
com.fasterxml.jackson.databind.ObjectMapper@585b9b04
[EL Fine]: sql: 2023-05-27 11:51:38.837--ServerSession(1657125852)--Connection(1773336805)--Thread(Thread[grizzly-http-server-9,5,main])--SELECT ID, AISID, EMAIL, NAME, PASSWORD, SEMESTER, STUDYPROGRAM, STUDYYEAR FROM STUDENT WHERE (EMAIL = ?)
	bind => [xstudent@stuba.sk]
[EL Fine]: sql: 2023-05-27 11:51:38.839--ServerSession(1657125852)--Connection(1773336805)--Thread(Thread[grizzly-http-server-9,5,main])--SELECT ID, AISID, DEPARTMENT, EMAIL, INSTITUTE, NAME, PASSWORD FROM TEACHER WHERE (EMAIL = ?)
	bind => [xstudent@stuba.sk]
]]></system-out>
  </testcase>
  <testcase name="shouldCreateStudentWithOnlyRequiredProperties" classname="sk.stuba.fei.uim.vsa.pr2.StudentResourceTest" time="0.553"/>
  <testcase name="shouldGetEmptyList" classname="sk.stuba.fei.uim.vsa.pr2.StudentResourceTest" time="1.03">
    <failure message="expected: &lt;200&gt; but was: &lt;401&gt;" type="org.opentest4j.AssertionFailedError"><![CDATA[org.opentest4j.AssertionFailedError: expected: <200> but was: <401>
	at sk.stuba.fei.uim.vsa.pr2.StudentResourceTest.shouldGetEmptyList(StudentResourceTest.java:127)
]]></failure>
    <system-out><![CDATA[[EL Fine]: sql: 2023-05-27 11:51:40.407--ServerSession(1657125852)--Connection(1773336805)--Thread(Thread[grizzly-http-server-11,5,main])--SELECT ID, AISID, DEPARTMENT, EMAIL, INSTITUTE, NAME, PASSWORD FROM TEACHER WHERE (AISID = ?)
	bind => [45678]
[EL Fine]: sql: 2023-05-27 11:51:40.408--ServerSession(1657125852)--Connection(1773336805)--Thread(Thread[grizzly-http-server-11,5,main])--SELECT ID, AISID, DEPARTMENT, EMAIL, INSTITUTE, NAME, PASSWORD FROM TEACHER WHERE (EMAIL = ?)
	bind => [ucitel.test@stuba.sk]
[EL Fine]: sql: 2023-05-27 11:51:40.409--ServerSession(1657125852)--Connection(1773336805)--Thread(Thread[grizzly-http-server-11,5,main])--SELECT ID, AISID, DEPARTMENT, EMAIL, INSTITUTE, NAME, PASSWORD FROM TEACHER WHERE (AISID = ?)
	bind => [45678]
[EL Fine]: sql: 2023-05-27 11:51:40.409--ClientSession(1537307730)--Connection(1773336805)--Thread(Thread[grizzly-http-server-11,5,main])--INSERT INTO TEACHER (ID, AISID, DEPARTMENT, EMAIL, INSTITUTE, NAME, PASSWORD) VALUES (?, ?, ?, ?, ?, ?, ?)
	bind => [8, 45678, SI, ucitel.test@stuba.sk, UIM, Testovaci ucitel, $2a$13$ZKI3SE8KnpXQQ1m2owMaOONoB4M8NhZ6sj06uz3Ctih.XsnlLj0kO]
2023-05-27 11:51:40.418  INFO --- [           main] s.s.fei.uim.vsa.pr2.utils.ResourceTest   : Parsing response: {"id":8,"aisId":45678,"name":"Testovaci ucitel","email":"ucitel.test@stuba.sk","institute":"UIM","department":"SI","theses":[]}
com.fasterxml.jackson.databind.ObjectMapper@585b9b04
[EL Fine]: sql: 2023-05-27 11:51:40.425--ServerSession(1657125852)--Connection(1773336805)--Thread(Thread[grizzly-http-server-12,5,main])--SELECT ID, AISID, EMAIL, NAME, PASSWORD, SEMESTER, STUDYPROGRAM, STUDYYEAR FROM STUDENT WHERE (EMAIL = ?)
	bind => [ucitel.test@stuba.sk]
[EL Fine]: sql: 2023-05-27 11:51:40.426--ServerSession(1657125852)--Connection(1773336805)--Thread(Thread[grizzly-http-server-12,5,main])--SELECT ID, AISID, DEPARTMENT, EMAIL, INSTITUTE, NAME, PASSWORD FROM TEACHER WHERE (EMAIL = ?)
	bind => [ucitel.test@stuba.sk]
]]></system-out>
  </testcase>
  <testcase name="shouldCallWithoutBodyAndReturnError" classname="sk.stuba.fei.uim.vsa.pr2.StudentResourceTest" time="0.076"/>
  <testcase name="shouldDeleteStudent" classname="sk.stuba.fei.uim.vsa.pr2.StudentResourceTest" time="1.044">
    <failure message="expected: &lt;200&gt; but was: &lt;401&gt;" type="org.opentest4j.AssertionFailedError"><![CDATA[org.opentest4j.AssertionFailedError: expected: <200> but was: <401>
	at sk.stuba.fei.uim.vsa.pr2.StudentResourceTest.shouldDeleteStudent(StudentResourceTest.java:183)
]]></failure>
    <system-out><![CDATA[[EL Fine]: sql: 2023-05-27 11:51:41.527--ServerSession(1657125852)--Connection(1773336805)--Thread(Thread[grizzly-http-server-14,5,main])--SELECT ID, AISID, EMAIL, NAME, PASSWORD, SEMESTER, STUDYPROGRAM, STUDYYEAR FROM STUDENT WHERE (AISID = ?)
	bind => [70127]
[EL Fine]: sql: 2023-05-27 11:51:41.528--ServerSession(1657125852)--Connection(1773336805)--Thread(Thread[grizzly-http-server-14,5,main])--SELECT ID, AISID, EMAIL, NAME, PASSWORD, SEMESTER, STUDYPROGRAM, STUDYYEAR FROM STUDENT WHERE (EMAIL = ?)
	bind => [xstudent@stuba.sk]
[EL Fine]: sql: 2023-05-27 11:51:41.529--ServerSession(1657125852)--Connection(1773336805)--Thread(Thread[grizzly-http-server-14,5,main])--SELECT ID, AISID, EMAIL, NAME, PASSWORD, SEMESTER, STUDYPROGRAM, STUDYYEAR FROM STUDENT WHERE (AISID = ?)
	bind => [70127]
[EL Fine]: sql: 2023-05-27 11:51:41.53--ClientSession(67605647)--Connection(1773336805)--Thread(Thread[grizzly-http-server-14,5,main])--INSERT INTO STUDENT (ID, AISID, EMAIL, NAME, PASSWORD, SEMESTER, STUDYPROGRAM, STUDYYEAR) VALUES (?, ?, ?, ?, ?, ?, ?, ?)
	bind => [9, 70127, xstudent@stuba.sk, Test Student, $2a$13$UUitLx3INjEGuUgrRJUTu.OQdLpy/cwBRAHdyXU4Vd.gW1TH/D.Ni, 18, API, 8]
2023-05-27 11:51:41.539  INFO --- [           main] s.s.fei.uim.vsa.pr2.utils.ResourceTest   : Parsing response: {"id":9,"aisId":70127,"name":"Test Student","email":"xstudent@stuba.sk","year":8,"term":18,"programme":"API","thesis":null}
com.fasterxml.jackson.databind.ObjectMapper@585b9b04
[EL Fine]: sql: 2023-05-27 11:51:41.544--ServerSession(1657125852)--Connection(1773336805)--Thread(Thread[grizzly-http-server-15,5,main])--SELECT ID, AISID, EMAIL, NAME, PASSWORD, SEMESTER, STUDYPROGRAM, STUDYYEAR FROM STUDENT WHERE (EMAIL = ?)
	bind => [xstudent@stuba.sk]
[EL Fine]: sql: 2023-05-27 11:51:41.545--ServerSession(1657125852)--Connection(1773336805)--Thread(Thread[grizzly-http-server-15,5,main])--SELECT ID, AISID, DEPARTMENT, EMAIL, INSTITUTE, NAME, PASSWORD FROM TEACHER WHERE (EMAIL = ?)
	bind => [xstudent@stuba.sk]
]]></system-out>
  </testcase>
  <testcase name="shouldGetStudent" classname="sk.stuba.fei.uim.vsa.pr2.StudentResourceTest" time="1.048">
    <failure message="expected: &lt;200&gt; but was: &lt;401&gt;" type="org.opentest4j.AssertionFailedError"><![CDATA[org.opentest4j.AssertionFailedError: expected: <200> but was: <401>
	at sk.stuba.fei.uim.vsa.pr2.StudentResourceTest.shouldGetStudent(StudentResourceTest.java:146)
]]></failure>
    <system-out><![CDATA[[EL Fine]: sql: 2023-05-27 11:51:42.573--ServerSession(1657125852)--Connection(1773336805)--Thread(Thread[grizzly-http-server-16,5,main])--SELECT ID, AISID, EMAIL, NAME, PASSWORD, SEMESTER, STUDYPROGRAM, STUDYYEAR FROM STUDENT WHERE (AISID = ?)
	bind => [70127]
[EL Fine]: sql: 2023-05-27 11:51:42.574--ServerSession(1657125852)--Connection(1773336805)--Thread(Thread[grizzly-http-server-16,5,main])--SELECT ID, AISID, EMAIL, NAME, PASSWORD, SEMESTER, STUDYPROGRAM, STUDYYEAR FROM STUDENT WHERE (EMAIL = ?)
	bind => [xstudent@stuba.sk]
[EL Fine]: sql: 2023-05-27 11:51:42.575--ServerSession(1657125852)--Connection(1773336805)--Thread(Thread[grizzly-http-server-16,5,main])--SELECT ID, AISID, EMAIL, NAME, PASSWORD, SEMESTER, STUDYPROGRAM, STUDYYEAR FROM STUDENT WHERE (AISID = ?)
	bind => [70127]
[EL Fine]: sql: 2023-05-27 11:51:42.576--ClientSession(1778514874)--Connection(1773336805)--Thread(Thread[grizzly-http-server-16,5,main])--INSERT INTO STUDENT (ID, AISID, EMAIL, NAME, PASSWORD, SEMESTER, STUDYPROGRAM, STUDYYEAR) VALUES (?, ?, ?, ?, ?, ?, ?, ?)
	bind => [10, 70127, xstudent@stuba.sk, Test Student, $2a$13$K3Ks4l0wtMq6iK0MdANnX.XOMw3v8gjbEpEXtGgnJwoyGyifm3euW, 18, API, 8]
2023-05-27 11:51:42.587  INFO --- [           main] s.s.fei.uim.vsa.pr2.utils.ResourceTest   : Parsing response: {"id":10,"aisId":70127,"name":"Test Student","email":"xstudent@stuba.sk","year":8,"term":18,"programme":"API","thesis":null}
com.fasterxml.jackson.databind.ObjectMapper@585b9b04
[EL Fine]: sql: 2023-05-27 11:51:42.593--ServerSession(1657125852)--Connection(1773336805)--Thread(Thread[grizzly-http-server-17,5,main])--SELECT ID, AISID, EMAIL, NAME, PASSWORD, SEMESTER, STUDYPROGRAM, STUDYYEAR FROM STUDENT WHERE (EMAIL = ?)
	bind => [xstudent@stuba.sk]
[EL Fine]: sql: 2023-05-27 11:51:42.593--ServerSession(1657125852)--Connection(1773336805)--Thread(Thread[grizzly-http-server-17,5,main])--SELECT ID, AISID, DEPARTMENT, EMAIL, INSTITUTE, NAME, PASSWORD FROM TEACHER WHERE (EMAIL = ?)
	bind => [xstudent@stuba.sk]
]]></system-out>
  </testcase>
</testsuite>
<testsuite xmlns:xsi="http://www.w3.org/2001/XMLSchema-instance" xsi:noNamespaceSchemaLocation="https://maven.apache.org/surefire/maven-surefire-plugin/xsd/surefire-test-report.xsd" name="sk.stuba.fei.uim.vsa.pr2.ThesisResourceTest" time="21.311" tests="21" errors="0" skipped="0" failures="20">
  <properties>
[...]
</properties>
  <testcase name="shouldCallCreateThesisWithLoggedStudent" classname="sk.stuba.fei.uim.vsa.pr2.ThesisResourceTest" time="1.144">
    <failure message="expected: &lt;true&gt; but was: &lt;false&gt;" type="org.opentest4j.AssertionFailedError"><![CDATA[org.opentest4j.AssertionFailedError: expected: <true> but was: <false>
	at sk.stuba.fei.uim.vsa.pr2.ThesisResourceTest.shouldCallCreateThesisWithLoggedStudent(ThesisResourceTest.java:130)
]]></failure>
    <system-out><![CDATA[2023-05-27 11:51:43.073  INFO --- [           main] s.s.fei.uim.vsa.pr2.utils.ResourceTest   : Starting HTTP server for testing
2023-05-27 11:51:43.073  INFO --- [           main] s.s.fei.uim.vsa.pr2.Project2Application  : Starting Grizzly2 HTTP server...
2023-05-27 11:51:43.073  INFO --- [           main] s.s.fei.uim.vsa.pr2.Project2Application  : Server listening on http://docker-desktop:8080/api
2023-05-27 11:51:43.090  INFO --- [           main] org.reflections.Reflections              : Reflections took 9 ms to scan 2 urls, producing 19 keys and 43 values
2023-05-27 11:51:43.091  INFO --- [           main] .s.f.u.v.p.JAXRSApplicationConfiguration : Registered resource classes: [class sk.stuba.fei.uim.vsa.pr2.api.resources.TeacherResource, class sk.stuba.fei.uim.vsa.pr2.api.resources.StudentResource, class sk.stuba.fei.uim.vsa.pr2.api.resources.SearchResource, class sk.stuba.fei.uim.vsa.pr2.api.resources.ThesisResource]
2023-05-27 11:51:43.091  INFO --- [           main] .s.f.u.v.p.JAXRSApplicationConfiguration : Registered feature providers: [class sk.stuba.fei.uim.vsa.pr2.auth.AuthFilter]
2023-05-27 11:51:43.148  INFO --- [           main] s.s.fei.uim.vsa.pr2.utils.ResourceTest   : Creating client for HTTP server
2023-05-27 11:51:43.149  INFO --- [           main] s.s.fei.uim.vsa.pr2.utils.ResourceTest   : Client created JerseyWebTarget { http://docker-desktop:8080/api }
[EL Fine]: sql: 2023-05-27 11:51:43.812--ServerSession(1657125852)--Connection(1773336805)--Thread(Thread[grizzly-http-server-0,5,main])--SELECT ID, AISID, EMAIL, NAME, PASSWORD, SEMESTER, STUDYPROGRAM, STUDYYEAR FROM STUDENT WHERE (AISID = ?)
	bind => [70127]
[EL Fine]: sql: 2023-05-27 11:51:43.813--ServerSession(1657125852)--Connection(1773336805)--Thread(Thread[grizzly-http-server-0,5,main])--SELECT ID, AISID, EMAIL, NAME, PASSWORD, SEMESTER, STUDYPROGRAM, STUDYYEAR FROM STUDENT WHERE (EMAIL = ?)
	bind => [xstudent@stuba.sk]
[EL Fine]: sql: 2023-05-27 11:51:43.814--ServerSession(1657125852)--Connection(1773336805)--Thread(Thread[grizzly-http-server-0,5,main])--SELECT ID, AISID, EMAIL, NAME, PASSWORD, SEMESTER, STUDYPROGRAM, STUDYYEAR FROM STUDENT WHERE (AISID = ?)
	bind => [70127]
[EL Fine]: sql: 2023-05-27 11:51:43.814--ClientSession(861931378)--Connection(1773336805)--Thread(Thread[grizzly-http-server-0,5,main])--INSERT INTO STUDENT (ID, AISID, EMAIL, NAME, PASSWORD, SEMESTER, STUDYPROGRAM, STUDYYEAR) VALUES (?, ?, ?, ?, ?, ?, ?, ?)
	bind => [11, 70127, xstudent@stuba.sk, Test Student, $2a$13$h8CJnSGQGzYVfC17YvhBJuPhTiSTvLwVepefKmR0LAEcilPj5bNpu, 18, API, 8]
2023-05-27 11:51:43.824  INFO --- [           main] s.s.fei.uim.vsa.pr2.utils.ResourceTest   : Parsing response: {"id":11,"aisId":70127,"name":"Test Student","email":"xstudent@stuba.sk","year":8,"term":18,"programme":"API","thesis":null}
com.fasterxml.jackson.databind.ObjectMapper@287413e2
[EL Fine]: sql: 2023-05-27 11:51:43.834--ServerSession(1657125852)--Connection(1773336805)--Thread(Thread[grizzly-http-server-1,5,main])--SELECT ID, AISID, EMAIL, NAME, PASSWORD, SEMESTER, STUDYPROGRAM, STUDYYEAR FROM STUDENT WHERE (EMAIL = ?)
	bind => [xstudent@stuba.sk]
[EL Fine]: sql: 2023-05-27 11:51:43.834--ServerSession(1657125852)--Connection(1773336805)--Thread(Thread[grizzly-http-server-1,5,main])--SELECT ID, AISID, DEPARTMENT, EMAIL, INSTITUTE, NAME, PASSWORD FROM TEACHER WHERE (EMAIL = ?)
	bind => [xstudent@stuba.sk]
]]></system-out>
    <system-err><![CDATA[May 27, 2023 11:51:43 AM org.glassfish.grizzly.http.server.NetworkListener start
INFO: Started listener bound to [docker-desktop:8080]
May 27, 2023 11:51:43 AM org.glassfish.grizzly.http.server.HttpServer start
INFO: [HttpServer-2] Started.
]]></system-err>
  </testcase>
  <testcase name="shouldGetNotFoundForNonExistingThesis" classname="sk.stuba.fei.uim.vsa.pr2.ThesisResourceTest" time="1.038">
    <failure message="expected: &lt;201&gt; but was: &lt;401&gt;" type="org.opentest4j.AssertionFailedError"><![CDATA[org.opentest4j.AssertionFailedError: expected: <201> but was: <401>
	at sk.stuba.fei.uim.vsa.pr2.ThesisResourceTest.createThesis(ThesisResourceTest.java:642)
	at sk.stuba.fei.uim.vsa.pr2.ThesisResourceTest.shouldGetNotFoundForNonExistingThesis(ThesisResourceTest.java:226)
]]></failure>
    <system-out><![CDATA[[EL Fine]: sql: 2023-05-27 11:51:44.868--ServerSession(1657125852)--Connection(1773336805)--Thread(Thread[grizzly-http-server-2,5,main])--SELECT ID, AISID, DEPARTMENT, EMAIL, INSTITUTE, NAME, PASSWORD FROM TEACHER WHERE (AISID = ?)
	bind => [45678]
[EL Fine]: sql: 2023-05-27 11:51:44.869--ServerSession(1657125852)--Connection(1773336805)--Thread(Thread[grizzly-http-server-2,5,main])--SELECT ID, AISID, DEPARTMENT, EMAIL, INSTITUTE, NAME, PASSWORD FROM TEACHER WHERE (EMAIL = ?)
	bind => [ucitel.test@stuba.sk]
[EL Fine]: sql: 2023-05-27 11:51:44.87--ServerSession(1657125852)--Connection(1773336805)--Thread(Thread[grizzly-http-server-2,5,main])--SELECT ID, AISID, DEPARTMENT, EMAIL, INSTITUTE, NAME, PASSWORD FROM TEACHER WHERE (AISID = ?)
	bind => [45678]
[EL Fine]: sql: 2023-05-27 11:51:44.871--ClientSession(756799581)--Connection(1773336805)--Thread(Thread[grizzly-http-server-2,5,main])--INSERT INTO TEACHER (ID, AISID, DEPARTMENT, EMAIL, INSTITUTE, NAME, PASSWORD) VALUES (?, ?, ?, ?, ?, ?, ?)
	bind => [12, 45678, SI, ucitel.test@stuba.sk, UIM, Testovaci ucitel, $2a$13$EH4fJ/Zy.UJPm4KdeAFGcuxuPGT9mafBlgcRIn.1iOeVxwPxYT4Nu]
com.fasterxml.jackson.databind.ObjectMapper@287413e2
[EL Fine]: sql: 2023-05-27 11:51:44.886--ServerSession(1657125852)--Connection(1773336805)--Thread(Thread[grizzly-http-server-3,5,main])--SELECT ID, AISID, EMAIL, NAME, PASSWORD, SEMESTER, STUDYPROGRAM, STUDYYEAR FROM STUDENT WHERE (EMAIL = ?)
	bind => [ucitel.test@stuba.sk]
[EL Fine]: sql: 2023-05-27 11:51:44.886--ServerSession(1657125852)--Connection(1773336805)--Thread(Thread[grizzly-http-server-3,5,main])--SELECT ID, AISID, DEPARTMENT, EMAIL, INSTITUTE, NAME, PASSWORD FROM TEACHER WHERE (EMAIL = ?)
	bind => [ucitel.test@stuba.sk]
]]></system-out>
  </testcase>
  <testcase name="shouldFindThesisByStudent" classname="sk.stuba.fei.uim.vsa.pr2.ThesisResourceTest" time="1.081">
    <failure message="expected: &lt;201&gt; but was: &lt;401&gt;" type="org.opentest4j.AssertionFailedError"><![CDATA[org.opentest4j.AssertionFailedError: expected: <201> but was: <401>
	at sk.stuba.fei.uim.vsa.pr2.ThesisResourceTest.createThesis(ThesisResourceTest.java:642)
	at sk.stuba.fei.uim.vsa.pr2.ThesisResourceTest.shouldFindThesisByStudent(ThesisResourceTest.java:525)
]]></failure>
    <system-out><![CDATA[[EL Fine]: sql: 2023-05-27 11:51:45.946--ServerSession(1657125852)--Connection(1773336805)--Thread(Thread[grizzly-http-server-5,5,main])--SELECT ID, AISID, DEPARTMENT, EMAIL, INSTITUTE, NAME, PASSWORD FROM TEACHER WHERE (AISID = ?)
	bind => [45678]
[EL Fine]: sql: 2023-05-27 11:51:45.947--ServerSession(1657125852)--Connection(1773336805)--Thread(Thread[grizzly-http-server-5,5,main])--SELECT ID, AISID, DEPARTMENT, EMAIL, INSTITUTE, NAME, PASSWORD FROM TEACHER WHERE (EMAIL = ?)
	bind => [ucitel.test@stuba.sk]
[EL Fine]: sql: 2023-05-27 11:51:45.948--ServerSession(1657125852)--Connection(1773336805)--Thread(Thread[grizzly-http-server-5,5,main])--SELECT ID, AISID, DEPARTMENT, EMAIL, INSTITUTE, NAME, PASSWORD FROM TEACHER WHERE (AISID = ?)
	bind => [45678]
[EL Fine]: sql: 2023-05-27 11:51:45.948--ClientSession(243644717)--Connection(1773336805)--Thread(Thread[grizzly-http-server-5,5,main])--INSERT INTO TEACHER (ID, AISID, DEPARTMENT, EMAIL, INSTITUTE, NAME, PASSWORD) VALUES (?, ?, ?, ?, ?, ?, ?)
	bind => [13, 45678, SI, ucitel.test@stuba.sk, UIM, Testovaci ucitel, $2a$13$PafvygvhR50X/5d1D.wmcumXpU6wninYf3R31kvrKL2EwvcLNTkfC]
com.fasterxml.jackson.databind.ObjectMapper@287413e2
[EL Fine]: sql: 2023-05-27 11:51:45.961--ServerSession(1657125852)--Connection(1773336805)--Thread(Thread[grizzly-http-server-6,5,main])--SELECT ID, AISID, EMAIL, NAME, PASSWORD, SEMESTER, STUDYPROGRAM, STUDYYEAR FROM STUDENT WHERE (EMAIL = ?)
	bind => [ucitel.test@stuba.sk]
[EL Fine]: sql: 2023-05-27 11:51:45.961--ServerSession(1657125852)--Connection(1773336805)--Thread(Thread[grizzly-http-server-6,5,main])--SELECT ID, AISID, DEPARTMENT, EMAIL, INSTITUTE, NAME, PASSWORD FROM TEACHER WHERE (EMAIL = ?)
	bind => [ucitel.test@stuba.sk]
]]></system-out>
  </testcase>
  <testcase name="shouldCreateThesis" classname="sk.stuba.fei.uim.vsa.pr2.ThesisResourceTest" time="1.036">
    <failure message="expected: &lt;201&gt; but was: &lt;401&gt;" type="org.opentest4j.AssertionFailedError"><![CDATA[org.opentest4j.AssertionFailedError: expected: <201> but was: <401>
	at sk.stuba.fei.uim.vsa.pr2.ThesisResourceTest.createThesis(ThesisResourceTest.java:642)
	at sk.stuba.fei.uim.vsa.pr2.ThesisResourceTest.shouldCreateThesis(ThesisResourceTest.java:35)
]]></failure>
    <system-out><![CDATA[[EL Fine]: sql: 2023-05-27 11:51:46.982--ServerSession(1657125852)--Connection(1773336805)--Thread(Thread[grizzly-http-server-7,5,main])--SELECT ID, AISID, DEPARTMENT, EMAIL, INSTITUTE, NAME, PASSWORD FROM TEACHER WHERE (AISID = ?)
	bind => [45678]
[EL Fine]: sql: 2023-05-27 11:51:46.983--ServerSession(1657125852)--Connection(1773336805)--Thread(Thread[grizzly-http-server-7,5,main])--SELECT ID, AISID, DEPARTMENT, EMAIL, INSTITUTE, NAME, PASSWORD FROM TEACHER WHERE (EMAIL = ?)
	bind => [ucitel.test@stuba.sk]
[EL Fine]: sql: 2023-05-27 11:51:46.983--ServerSession(1657125852)--Connection(1773336805)--Thread(Thread[grizzly-http-server-7,5,main])--SELECT ID, AISID, DEPARTMENT, EMAIL, INSTITUTE, NAME, PASSWORD FROM TEACHER WHERE (AISID = ?)
	bind => [45678]
[EL Fine]: sql: 2023-05-27 11:51:46.984--ClientSession(904738715)--Connection(1773336805)--Thread(Thread[grizzly-http-server-7,5,main])--INSERT INTO TEACHER (ID, AISID, DEPARTMENT, EMAIL, INSTITUTE, NAME, PASSWORD) VALUES (?, ?, ?, ?, ?, ?, ?)
	bind => [14, 45678, SI, ucitel.test@stuba.sk, UIM, Testovaci ucitel, $2a$13$80O9dGFEDomS9wX99EwFT.II9JGCM.Sij77kccb2hJnFz88o0l242]
com.fasterxml.jackson.databind.ObjectMapper@287413e2
[EL Fine]: sql: 2023-05-27 11:51:46.997--ServerSession(1657125852)--Connection(1773336805)--Thread(Thread[grizzly-http-server-8,5,main])--SELECT ID, AISID, EMAIL, NAME, PASSWORD, SEMESTER, STUDYPROGRAM, STUDYYEAR FROM STUDENT WHERE (EMAIL = ?)
	bind => [ucitel.test@stuba.sk]
[EL Fine]: sql: 2023-05-27 11:51:46.998--ServerSession(1657125852)--Connection(1773336805)--Thread(Thread[grizzly-http-server-8,5,main])--SELECT ID, AISID, DEPARTMENT, EMAIL, INSTITUTE, NAME, PASSWORD FROM TEACHER WHERE (EMAIL = ?)
	bind => [ucitel.test@stuba.sk]
]]></system-out>
  </testcase>
  <testcase name="shouldReturnUnauthorized" classname="sk.stuba.fei.uim.vsa.pr2.ThesisResourceTest" time="0.075"/>
  <testcase name="shouldFindThesisByTeacher" classname="sk.stuba.fei.uim.vsa.pr2.ThesisResourceTest" time="1.051">
    <failure message="expected: &lt;201&gt; but was: &lt;401&gt;" type="org.opentest4j.AssertionFailedError"><![CDATA[org.opentest4j.AssertionFailedError: expected: <201> but was: <401>
	at sk.stuba.fei.uim.vsa.pr2.ThesisResourceTest.createThesis(ThesisResourceTest.java:642)
	at sk.stuba.fei.uim.vsa.pr2.ThesisResourceTest.shouldFindThesisByTeacher(ThesisResourceTest.java:483)
]]></failure>
    <system-out><![CDATA[[EL Fine]: sql: 2023-05-27 11:51:48.103--ServerSession(1657125852)--Connection(1773336805)--Thread(Thread[grizzly-http-server-11,5,main])--SELECT ID, AISID, DEPARTMENT, EMAIL, INSTITUTE, NAME, PASSWORD FROM TEACHER WHERE (AISID = ?)
	bind => [45678]
[EL Fine]: sql: 2023-05-27 11:51:48.104--ServerSession(1657125852)--Connection(1773336805)--Thread(Thread[grizzly-http-server-11,5,main])--SELECT ID, AISID, DEPARTMENT, EMAIL, INSTITUTE, NAME, PASSWORD FROM TEACHER WHERE (EMAIL = ?)
	bind => [ucitel.test@stuba.sk]
[EL Fine]: sql: 2023-05-27 11:51:48.104--ServerSession(1657125852)--Connection(1773336805)--Thread(Thread[grizzly-http-server-11,5,main])--SELECT ID, AISID, DEPARTMENT, EMAIL, INSTITUTE, NAME, PASSWORD FROM TEACHER WHERE (AISID = ?)
	bind => [45678]
[EL Fine]: sql: 2023-05-27 11:51:48.105--ClientSession(1928085453)--Connection(1773336805)--Thread(Thread[grizzly-http-server-11,5,main])--INSERT INTO TEACHER (ID, AISID, DEPARTMENT, EMAIL, INSTITUTE, NAME, PASSWORD) VALUES (?, ?, ?, ?, ?, ?, ?)
	bind => [15, 45678, SI, ucitel.test@stuba.sk, UIM, Testovaci ucitel, $2a$13$agWEHzaCKGaxt3dcSpnshu6E3jHuFc5B8E1ZgV/FqlhyMShHLna8q]
com.fasterxml.jackson.databind.ObjectMapper@287413e2
[EL Fine]: sql: 2023-05-27 11:51:48.118--ServerSession(1657125852)--Connection(1773336805)--Thread(Thread[grizzly-http-server-12,5,main])--SELECT ID, AISID, EMAIL, NAME, PASSWORD, SEMESTER, STUDYPROGRAM, STUDYYEAR FROM STUDENT WHERE (EMAIL = ?)
	bind => [ucitel.test@stuba.sk]
[EL Fine]: sql: 2023-05-27 11:51:48.118--ServerSession(1657125852)--Connection(1773336805)--Thread(Thread[grizzly-http-server-12,5,main])--SELECT ID, AISID, DEPARTMENT, EMAIL, INSTITUTE, NAME, PASSWORD FROM TEACHER WHERE (EMAIL = ?)
	bind => [ucitel.test@stuba.sk]
]]></system-out>
  </testcase>
  <testcase name="shouldAssignThesisWithStudent" classname="sk.stuba.fei.uim.vsa.pr2.ThesisResourceTest" time="1.051">
    <failure message="expected: &lt;201&gt; but was: &lt;401&gt;" type="org.opentest4j.AssertionFailedError"><![CDATA[org.opentest4j.AssertionFailedError: expected: <201> but was: <401>
	at sk.stuba.fei.uim.vsa.pr2.ThesisResourceTest.createThesis(ThesisResourceTest.java:642)
	at sk.stuba.fei.uim.vsa.pr2.ThesisResourceTest.shouldAssignThesisWithStudent(ThesisResourceTest.java:323)
]]></failure>
    <system-out><![CDATA[[EL Fine]: sql: 2023-05-27 11:51:49.149--ServerSession(1657125852)--Connection(1773336805)--Thread(Thread[grizzly-http-server-13,5,main])--SELECT ID, AISID, DEPARTMENT, EMAIL, INSTITUTE, NAME, PASSWORD FROM TEACHER WHERE (AISID = ?)
	bind => [45678]
[EL Fine]: sql: 2023-05-27 11:51:49.15--ServerSession(1657125852)--Connection(1773336805)--Thread(Thread[grizzly-http-server-13,5,main])--SELECT ID, AISID, DEPARTMENT, EMAIL, INSTITUTE, NAME, PASSWORD FROM TEACHER WHERE (EMAIL = ?)
	bind => [ucitel.test@stuba.sk]
[EL Fine]: sql: 2023-05-27 11:51:49.15--ServerSession(1657125852)--Connection(1773336805)--Thread(Thread[grizzly-http-server-13,5,main])--SELECT ID, AISID, DEPARTMENT, EMAIL, INSTITUTE, NAME, PASSWORD FROM TEACHER WHERE (AISID = ?)
	bind => [45678]
[EL Fine]: sql: 2023-05-27 11:51:49.151--ClientSession(1544795217)--Connection(1773336805)--Thread(Thread[grizzly-http-server-13,5,main])--INSERT INTO TEACHER (ID, AISID, DEPARTMENT, EMAIL, INSTITUTE, NAME, PASSWORD) VALUES (?, ?, ?, ?, ?, ?, ?)
	bind => [16, 45678, SI, ucitel.test@stuba.sk, UIM, Testovaci ucitel, $2a$13$BjGLDhKVZZTFP93JXIzqX.sz76a9fXi7hGcfYvXUZ.mCUelBlNKky]
com.fasterxml.jackson.databind.ObjectMapper@287413e2
[EL Fine]: sql: 2023-05-27 11:51:49.167--ServerSession(1657125852)--Connection(1773336805)--Thread(Thread[grizzly-http-server-14,5,main])--SELECT ID, AISID, EMAIL, NAME, PASSWORD, SEMESTER, STUDYPROGRAM, STUDYYEAR FROM STUDENT WHERE (EMAIL = ?)
	bind => [ucitel.test@stuba.sk]
[EL Fine]: sql: 2023-05-27 11:51:49.167--ServerSession(1657125852)--Connection(1773336805)--Thread(Thread[grizzly-http-server-14,5,main])--SELECT ID, AISID, DEPARTMENT, EMAIL, INSTITUTE, NAME, PASSWORD FROM TEACHER WHERE (EMAIL = ?)
	bind => [ucitel.test@stuba.sk]
]]></system-out>
  </testcase>
  <testcase name="shouldGetThesis" classname="sk.stuba.fei.uim.vsa.pr2.ThesisResourceTest" time="1.036">
    <failure message="expected: &lt;201&gt; but was: &lt;401&gt;" type="org.opentest4j.AssertionFailedError"><![CDATA[org.opentest4j.AssertionFailedError: expected: <201> but was: <401>
	at sk.stuba.fei.uim.vsa.pr2.ThesisResourceTest.createThesis(ThesisResourceTest.java:642)
	at sk.stuba.fei.uim.vsa.pr2.ThesisResourceTest.shouldGetThesis(ThesisResourceTest.java:194)
]]></failure>
    <system-out><![CDATA[[EL Fine]: sql: 2023-05-27 11:51:50.193--ServerSession(1657125852)--Connection(1773336805)--Thread(Thread[grizzly-http-server-15,5,main])--SELECT ID, AISID, DEPARTMENT, EMAIL, INSTITUTE, NAME, PASSWORD FROM TEACHER WHERE (AISID = ?)
	bind => [45678]
[EL Fine]: sql: 2023-05-27 11:51:50.194--ServerSession(1657125852)--Connection(1773336805)--Thread(Thread[grizzly-http-server-15,5,main])--SELECT ID, AISID, DEPARTMENT, EMAIL, INSTITUTE, NAME, PASSWORD FROM TEACHER WHERE (EMAIL = ?)
	bind => [ucitel.test@stuba.sk]
[EL Fine]: sql: 2023-05-27 11:51:50.194--ServerSession(1657125852)--Connection(1773336805)--Thread(Thread[grizzly-http-server-15,5,main])--SELECT ID, AISID, DEPARTMENT, EMAIL, INSTITUTE, NAME, PASSWORD FROM TEACHER WHERE (AISID = ?)
	bind => [45678]
[EL Fine]: sql: 2023-05-27 11:51:50.195--ClientSession(343756827)--Connection(1773336805)--Thread(Thread[grizzly-http-server-15,5,main])--INSERT INTO TEACHER (ID, AISID, DEPARTMENT, EMAIL, INSTITUTE, NAME, PASSWORD) VALUES (?, ?, ?, ?, ?, ?, ?)
	bind => [17, 45678, SI, ucitel.test@stuba.sk, UIM, Testovaci ucitel, $2a$13$bfZSftTkoyWLUvQwsTDxC.yjabI2ZDrTnwD36QlawICVh8habR3U6]
com.fasterxml.jackson.databind.ObjectMapper@287413e2
[EL Fine]: sql: 2023-05-27 11:51:50.209--ServerSession(1657125852)--Connection(1773336805)--Thread(Thread[grizzly-http-server-16,5,main])--SELECT ID, AISID, EMAIL, NAME, PASSWORD, SEMESTER, STUDYPROGRAM, STUDYYEAR FROM STUDENT WHERE (EMAIL = ?)
	bind => [ucitel.test@stuba.sk]
[EL Fine]: sql: 2023-05-27 11:51:50.21--ServerSession(1657125852)--Connection(1773336805)--Thread(Thread[grizzly-http-server-16,5,main])--SELECT ID, AISID, DEPARTMENT, EMAIL, INSTITUTE, NAME, PASSWORD FROM TEACHER WHERE (EMAIL = ?)
	bind => [ucitel.test@stuba.sk]
]]></system-out>
  </testcase>
  <testcase name="shouldAssignThesisWithTeacher" classname="sk.stuba.fei.uim.vsa.pr2.ThesisResourceTest" time="1.043">
    <failure message="expected: &lt;201&gt; but was: &lt;401&gt;" type="org.opentest4j.AssertionFailedError"><![CDATA[org.opentest4j.AssertionFailedError: expected: <201> but was: <401>
	at sk.stuba.fei.uim.vsa.pr2.ThesisResourceTest.createThesis(ThesisResourceTest.java:642)
	at sk.stuba.fei.uim.vsa.pr2.ThesisResourceTest.shouldAssignThesisWithTeacher(ThesisResourceTest.java:285)
]]></failure>
    <system-out><![CDATA[[EL Fine]: sql: 2023-05-27 11:51:51.235--ServerSession(1657125852)--Connection(1773336805)--Thread(Thread[grizzly-http-server-17,5,main])--SELECT ID, AISID, DEPARTMENT, EMAIL, INSTITUTE, NAME, PASSWORD FROM TEACHER WHERE (AISID = ?)
	bind => [45678]
[EL Fine]: sql: 2023-05-27 11:51:51.236--ServerSession(1657125852)--Connection(1773336805)--Thread(Thread[grizzly-http-server-17,5,main])--SELECT ID, AISID, DEPARTMENT, EMAIL, INSTITUTE, NAME, PASSWORD FROM TEACHER WHERE (EMAIL = ?)
	bind => [ucitel.test@stuba.sk]
[EL Fine]: sql: 2023-05-27 11:51:51.236--ServerSession(1657125852)--Connection(1773336805)--Thread(Thread[grizzly-http-server-17,5,main])--SELECT ID, AISID, DEPARTMENT, EMAIL, INSTITUTE, NAME, PASSWORD FROM TEACHER WHERE (AISID = ?)
	bind => [45678]
[EL Fine]: sql: 2023-05-27 11:51:51.237--ClientSession(1574436687)--Connection(1773336805)--Thread(Thread[grizzly-http-server-17,5,main])--INSERT INTO TEACHER (ID, AISID, DEPARTMENT, EMAIL, INSTITUTE, NAME, PASSWORD) VALUES (?, ?, ?, ?, ?, ?, ?)
	bind => [18, 45678, SI, ucitel.test@stuba.sk, UIM, Testovaci ucitel, $2a$13$0v7GmGQXa9rHK3f7teeiT.57.tZ3sN1KSqARyMkzz4S65blag/Uo2]
com.fasterxml.jackson.databind.ObjectMapper@287413e2
[EL Fine]: sql: 2023-05-27 11:51:51.252--ServerSession(1657125852)--Connection(1773336805)--Thread(Thread[grizzly-http-server-18,5,main])--SELECT ID, AISID, EMAIL, NAME, PASSWORD, SEMESTER, STUDYPROGRAM, STUDYYEAR FROM STUDENT WHERE (EMAIL = ?)
	bind => [ucitel.test@stuba.sk]
[EL Fine]: sql: 2023-05-27 11:51:51.252--ServerSession(1657125852)--Connection(1773336805)--Thread(Thread[grizzly-http-server-18,5,main])--SELECT ID, AISID, DEPARTMENT, EMAIL, INSTITUTE, NAME, PASSWORD FROM TEACHER WHERE (EMAIL = ?)
	bind => [ucitel.test@stuba.sk]
]]></system-out>
  </testcase>
  <testcase name="shouldCallDeleteThesisWithAnotherTeacher" classname="sk.stuba.fei.uim.vsa.pr2.ThesisResourceTest" time="1.041">
    <failure message="expected: &lt;201&gt; but was: &lt;401&gt;" type="org.opentest4j.AssertionFailedError"><![CDATA[org.opentest4j.AssertionFailedError: expected: <201> but was: <401>
	at sk.stuba.fei.uim.vsa.pr2.ThesisResourceTest.createThesis(ThesisResourceTest.java:642)
	at sk.stuba.fei.uim.vsa.pr2.ThesisResourceTest.shouldCallDeleteThesisWithAnotherTeacher(ThesisResourceTest.java:259)
]]></failure>
    <system-out><![CDATA[[EL Fine]: sql: 2023-05-27 11:51:52.272--ServerSession(1657125852)--Connection(1773336805)--Thread(Thread[grizzly-http-server-19,5,main])--SELECT ID, AISID, DEPARTMENT, EMAIL, INSTITUTE, NAME, PASSWORD FROM TEACHER WHERE (AISID = ?)
	bind => [45678]
[EL Fine]: sql: 2023-05-27 11:51:52.273--ServerSession(1657125852)--Connection(1773336805)--Thread(Thread[grizzly-http-server-19,5,main])--SELECT ID, AISID, DEPARTMENT, EMAIL, INSTITUTE, NAME, PASSWORD FROM TEACHER WHERE (EMAIL = ?)
	bind => [ucitel.test@stuba.sk]
[EL Fine]: sql: 2023-05-27 11:51:52.274--ServerSession(1657125852)--Connection(1773336805)--Thread(Thread[grizzly-http-server-19,5,main])--SELECT ID, AISID, DEPARTMENT, EMAIL, INSTITUTE, NAME, PASSWORD FROM TEACHER WHERE (AISID = ?)
	bind => [45678]
[EL Fine]: sql: 2023-05-27 11:51:52.274--ClientSession(674314122)--Connection(1773336805)--Thread(Thread[grizzly-http-server-19,5,main])--INSERT INTO TEACHER (ID, AISID, DEPARTMENT, EMAIL, INSTITUTE, NAME, PASSWORD) VALUES (?, ?, ?, ?, ?, ?, ?)
	bind => [19, 45678, SI, ucitel.test@stuba.sk, UIM, Testovaci ucitel, $2a$13$xjhXXOZEm9zGQjTM83VLge3vVatNLmDmNowKiR.VHaCk2PTK.ThTG]
com.fasterxml.jackson.databind.ObjectMapper@287413e2
[EL Fine]: sql: 2023-05-27 11:51:52.282--ServerSession(1657125852)--Connection(1773336805)--Thread(Thread[grizzly-http-server-20,5,main])--SELECT ID, AISID, EMAIL, NAME, PASSWORD, SEMESTER, STUDYPROGRAM, STUDYYEAR FROM STUDENT WHERE (EMAIL = ?)
	bind => [ucitel.test@stuba.sk]
[EL Fine]: sql: 2023-05-27 11:51:52.282--ServerSession(1657125852)--Connection(1773336805)--Thread(Thread[grizzly-http-server-20,5,main])--SELECT ID, AISID, DEPARTMENT, EMAIL, INSTITUTE, NAME, PASSWORD FROM TEACHER WHERE (EMAIL = ?)
	bind => [ucitel.test@stuba.sk]
]]></system-out>
  </testcase>
  <testcase name="shouldGetEmptyList" classname="sk.stuba.fei.uim.vsa.pr2.ThesisResourceTest" time="1.091">
    <failure message="expected: &lt;200&gt; but was: &lt;401&gt;" type="org.opentest4j.AssertionFailedError"><![CDATA[org.opentest4j.AssertionFailedError: expected: <200> but was: <401>
	at sk.stuba.fei.uim.vsa.pr2.ThesisResourceTest.shouldGetEmptyList(ThesisResourceTest.java:179)
]]></failure>
    <system-out><![CDATA[[EL Fine]: sql: 2023-05-27 11:51:53.321--ServerSession(1657125852)--Connection(1773336805)--Thread(Thread[grizzly-http-server-21,5,main])--SELECT ID, AISID, DEPARTMENT, EMAIL, INSTITUTE, NAME, PASSWORD FROM TEACHER WHERE (AISID = ?)
	bind => [45678]
[EL Fine]: sql: 2023-05-27 11:51:53.323--ServerSession(1657125852)--Connection(1773336805)--Thread(Thread[grizzly-http-server-21,5,main])--SELECT ID, AISID, DEPARTMENT, EMAIL, INSTITUTE, NAME, PASSWORD FROM TEACHER WHERE (EMAIL = ?)
	bind => [ucitel.test@stuba.sk]
[EL Fine]: sql: 2023-05-27 11:51:53.324--ServerSession(1657125852)--Connection(1773336805)--Thread(Thread[grizzly-http-server-21,5,main])--SELECT ID, AISID, DEPARTMENT, EMAIL, INSTITUTE, NAME, PASSWORD FROM TEACHER WHERE (AISID = ?)
	bind => [45678]
[EL Fine]: sql: 2023-05-27 11:51:53.325--ClientSession(1068356511)--Connection(1773336805)--Thread(Thread[grizzly-http-server-21,5,main])--INSERT INTO TEACHER (ID, AISID, DEPARTMENT, EMAIL, INSTITUTE, NAME, PASSWORD) VALUES (?, ?, ?, ?, ?, ?, ?)
	bind => [20, 45678, SI, ucitel.test@stuba.sk, UIM, Testovaci ucitel, $2a$13$8GJrluOEUraya1BBRssFcOdFdv/HMDDk/Er2qiaOkNqnY9EFILzUq]
2023-05-27 11:51:53.332  INFO --- [           main] s.s.fei.uim.vsa.pr2.utils.ResourceTest   : Parsing response: {"id":20,"aisId":45678,"name":"Testovaci ucitel","email":"ucitel.test@stuba.sk","institute":"UIM","department":"SI","theses":[]}
com.fasterxml.jackson.databind.ObjectMapper@287413e2
[EL Fine]: sql: 2023-05-27 11:51:53.337--ServerSession(1657125852)--Connection(1773336805)--Thread(Thread[grizzly-http-server-22,5,main])--SELECT ID, AISID, EMAIL, NAME, PASSWORD, SEMESTER, STUDYPROGRAM, STUDYYEAR FROM STUDENT WHERE (EMAIL = ?)
	bind => [ucitel.test@stuba.sk]
[EL Fine]: sql: 2023-05-27 11:51:53.338--ServerSession(1657125852)--Connection(1773336805)--Thread(Thread[grizzly-http-server-22,5,main])--SELECT ID, AISID, DEPARTMENT, EMAIL, INSTITUTE, NAME, PASSWORD FROM TEACHER WHERE (EMAIL = ?)
	bind => [ucitel.test@stuba.sk]
]]></system-out>
  </testcase>
  <testcase name="shouldCallFindThesesWithEmptyCriteria" classname="sk.stuba.fei.uim.vsa.pr2.ThesisResourceTest" time="1.053">
    <failure message="expected: &lt;201&gt; but was: &lt;401&gt;" type="org.opentest4j.AssertionFailedError"><![CDATA[org.opentest4j.AssertionFailedError: expected: <201> but was: <401>
	at sk.stuba.fei.uim.vsa.pr2.ThesisResourceTest.createThesis(ThesisResourceTest.java:642)
	at sk.stuba.fei.uim.vsa.pr2.ThesisResourceTest.shouldCallFindThesesWithEmptyCriteria(ThesisResourceTest.java:575)
]]></failure>
    <system-out><![CDATA[[EL Fine]: sql: 2023-05-27 11:51:54.412--ServerSession(1657125852)--Connection(1773336805)--Thread(Thread[grizzly-http-server-24,5,main])--SELECT ID, AISID, DEPARTMENT, EMAIL, INSTITUTE, NAME, PASSWORD FROM TEACHER WHERE (AISID = ?)
	bind => [45678]
[EL Fine]: sql: 2023-05-27 11:51:54.413--ServerSession(1657125852)--Connection(1773336805)--Thread(Thread[grizzly-http-server-24,5,main])--SELECT ID, AISID, DEPARTMENT, EMAIL, INSTITUTE, NAME, PASSWORD FROM TEACHER WHERE (EMAIL = ?)
	bind => [ucitel.test@stuba.sk]
[EL Fine]: sql: 2023-05-27 11:51:54.413--ServerSession(1657125852)--Connection(1773336805)--Thread(Thread[grizzly-http-server-24,5,main])--SELECT ID, AISID, DEPARTMENT, EMAIL, INSTITUTE, NAME, PASSWORD FROM TEACHER WHERE (AISID = ?)
	bind => [45678]
[EL Fine]: sql: 2023-05-27 11:51:54.414--ClientSession(932825715)--Connection(1773336805)--Thread(Thread[grizzly-http-server-24,5,main])--INSERT INTO TEACHER (ID, AISID, DEPARTMENT, EMAIL, INSTITUTE, NAME, PASSWORD) VALUES (?, ?, ?, ?, ?, ?, ?)
	bind => [21, 45678, SI, ucitel.test@stuba.sk, UIM, Testovaci ucitel, $2a$13$JB5Mg4PkAHZ7BTQtabjfc.nOCEcx4g1e0q9iknwZiEYaRyjz/Fc4C]
com.fasterxml.jackson.databind.ObjectMapper@287413e2
[EL Fine]: sql: 2023-05-27 11:51:54.427--ServerSession(1657125852)--Connection(1773336805)--Thread(Thread[grizzly-http-server-25,5,main])--SELECT ID, AISID, EMAIL, NAME, PASSWORD, SEMESTER, STUDYPROGRAM, STUDYYEAR FROM STUDENT WHERE (EMAIL = ?)
	bind => [ucitel.test@stuba.sk]
[EL Fine]: sql: 2023-05-27 11:51:54.428--ServerSession(1657125852)--Connection(1773336805)--Thread(Thread[grizzly-http-server-25,5,main])--SELECT ID, AISID, DEPARTMENT, EMAIL, INSTITUTE, NAME, PASSWORD FROM TEACHER WHERE (EMAIL = ?)
	bind => [ucitel.test@stuba.sk]
]]></system-out>
  </testcase>
  <testcase name="shouldCreateThesisWithOnlyRequiredProperties" classname="sk.stuba.fei.uim.vsa.pr2.ThesisResourceTest" time="1.04">
    <failure message="expected: &lt;201&gt; but was: &lt;401&gt;" type="org.opentest4j.AssertionFailedError"><![CDATA[org.opentest4j.AssertionFailedError: expected: <201> but was: <401>
	at sk.stuba.fei.uim.vsa.pr2.ThesisResourceTest.shouldCreateThesisWithOnlyRequiredProperties(ThesisResourceTest.java:68)
]]></failure>
    <system-out><![CDATA[[EL Fine]: sql: 2023-05-27 11:51:55.464--ServerSession(1657125852)--Connection(1773336805)--Thread(Thread[grizzly-http-server-26,5,main])--SELECT ID, AISID, DEPARTMENT, EMAIL, INSTITUTE, NAME, PASSWORD FROM TEACHER WHERE (AISID = ?)
	bind => [45678]
[EL Fine]: sql: 2023-05-27 11:51:55.465--ServerSession(1657125852)--Connection(1773336805)--Thread(Thread[grizzly-http-server-26,5,main])--SELECT ID, AISID, DEPARTMENT, EMAIL, INSTITUTE, NAME, PASSWORD FROM TEACHER WHERE (EMAIL = ?)
	bind => [ucitel.test@stuba.sk]
[EL Fine]: sql: 2023-05-27 11:51:55.466--ServerSession(1657125852)--Connection(1773336805)--Thread(Thread[grizzly-http-server-26,5,main])--SELECT ID, AISID, DEPARTMENT, EMAIL, INSTITUTE, NAME, PASSWORD FROM TEACHER WHERE (AISID = ?)
	bind => [45678]
[EL Fine]: sql: 2023-05-27 11:51:55.466--ClientSession(381054630)--Connection(1773336805)--Thread(Thread[grizzly-http-server-26,5,main])--INSERT INTO TEACHER (ID, AISID, DEPARTMENT, EMAIL, INSTITUTE, NAME, PASSWORD) VALUES (?, ?, ?, ?, ?, ?, ?)
	bind => [22, 45678, SI, ucitel.test@stuba.sk, UIM, Testovaci ucitel, $2a$13$5tAp8/KonkbJirTDrxhfDOddKH3EZR6lMDDeMaIBkRUpiRDNmrl1q]
com.fasterxml.jackson.databind.ObjectMapper@287413e2
[EL Fine]: sql: 2023-05-27 11:51:55.474--ServerSession(1657125852)--Connection(1773336805)--Thread(Thread[grizzly-http-server-27,5,main])--SELECT ID, AISID, EMAIL, NAME, PASSWORD, SEMESTER, STUDYPROGRAM, STUDYYEAR FROM STUDENT WHERE (EMAIL = ?)
	bind => [ucitel.test@stuba.sk]
[EL Fine]: sql: 2023-05-27 11:51:55.475--ServerSession(1657125852)--Connection(1773336805)--Thread(Thread[grizzly-http-server-27,5,main])--SELECT ID, AISID, DEPARTMENT, EMAIL, INSTITUTE, NAME, PASSWORD FROM TEACHER WHERE (EMAIL = ?)
	bind => [ucitel.test@stuba.sk]
]]></system-out>
  </testcase>
  <testcase name="shouldCallWithoutBodyAndReturnError" classname="sk.stuba.fei.uim.vsa.pr2.ThesisResourceTest" time="1.102">
    <failure message="expected: &lt;true&gt; but was: &lt;false&gt;" type="org.opentest4j.AssertionFailedError"><![CDATA[org.opentest4j.AssertionFailedError: expected: <true> but was: <false>
	at sk.stuba.fei.uim.vsa.pr2.ThesisResourceTest.shouldCallWithoutBodyAndReturnError(ThesisResourceTest.java:112)
]]></failure>
    <system-out><![CDATA[[EL Fine]: sql: 2023-05-27 11:51:56.555--ServerSession(1657125852)--Connection(1773336805)--Thread(Thread[grizzly-http-server-28,5,main])--SELECT ID, AISID, DEPARTMENT, EMAIL, INSTITUTE, NAME, PASSWORD FROM TEACHER WHERE (AISID = ?)
	bind => [45678]
[EL Fine]: sql: 2023-05-27 11:51:56.556--ServerSession(1657125852)--Connection(1773336805)--Thread(Thread[grizzly-http-server-28,5,main])--SELECT ID, AISID, DEPARTMENT, EMAIL, INSTITUTE, NAME, PASSWORD FROM TEACHER WHERE (EMAIL = ?)
	bind => [ucitel.test@stuba.sk]
[EL Fine]: sql: 2023-05-27 11:51:56.557--ServerSession(1657125852)--Connection(1773336805)--Thread(Thread[grizzly-http-server-28,5,main])--SELECT ID, AISID, DEPARTMENT, EMAIL, INSTITUTE, NAME, PASSWORD FROM TEACHER WHERE (AISID = ?)
	bind => [45678]
[EL Fine]: sql: 2023-05-27 11:51:56.558--ClientSession(1946848421)--Connection(1773336805)--Thread(Thread[grizzly-http-server-28,5,main])--INSERT INTO TEACHER (ID, AISID, DEPARTMENT, EMAIL, INSTITUTE, NAME, PASSWORD) VALUES (?, ?, ?, ?, ?, ?, ?)
	bind => [23, 45678, SI, ucitel.test@stuba.sk, UIM, Testovaci ucitel, $2a$13$K/72NfvFb5HjUv5nbr4pye5GROcd6Yfksdk1BmnvTR2za/Mzn6Ywm]
com.fasterxml.jackson.databind.ObjectMapper@287413e2
[EL Fine]: sql: 2023-05-27 11:51:56.571--ServerSession(1657125852)--Connection(1773336805)--Thread(Thread[grizzly-http-server-29,5,main])--SELECT ID, AISID, EMAIL, NAME, PASSWORD, SEMESTER, STUDYPROGRAM, STUDYYEAR FROM STUDENT WHERE (EMAIL = ?)
	bind => [ucitel.test@stuba.sk]
[EL Fine]: sql: 2023-05-27 11:51:56.572--ServerSession(1657125852)--Connection(1773336805)--Thread(Thread[grizzly-http-server-29,5,main])--SELECT ID, AISID, DEPARTMENT, EMAIL, INSTITUTE, NAME, PASSWORD FROM TEACHER WHERE (EMAIL = ?)
	bind => [ucitel.test@stuba.sk]
]]></system-out>
  </testcase>
  <testcase name="shouldSubmitThesisWithStudent" classname="sk.stuba.fei.uim.vsa.pr2.ThesisResourceTest" time="1.032">
    <failure message="expected: &lt;201&gt; but was: &lt;401&gt;" type="org.opentest4j.AssertionFailedError"><![CDATA[org.opentest4j.AssertionFailedError: expected: <201> but was: <401>
	at sk.stuba.fei.uim.vsa.pr2.ThesisResourceTest.createThesis(ThesisResourceTest.java:642)
	at sk.stuba.fei.uim.vsa.pr2.ThesisResourceTest.shouldSubmitThesisWithStudent(ThesisResourceTest.java:408)
]]></failure>
    <system-out><![CDATA[[EL Fine]: sql: 2023-05-27 11:51:57.592--ServerSession(1657125852)--Connection(1773336805)--Thread(Thread[grizzly-http-server-30,5,main])--SELECT ID, AISID, DEPARTMENT, EMAIL, INSTITUTE, NAME, PASSWORD FROM TEACHER WHERE (AISID = ?)
	bind => [45678]
[EL Fine]: sql: 2023-05-27 11:51:57.593--ServerSession(1657125852)--Connection(1773336805)--Thread(Thread[grizzly-http-server-30,5,main])--SELECT ID, AISID, DEPARTMENT, EMAIL, INSTITUTE, NAME, PASSWORD FROM TEACHER WHERE (EMAIL = ?)
	bind => [ucitel.test@stuba.sk]
[EL Fine]: sql: 2023-05-27 11:51:57.594--ServerSession(1657125852)--Connection(1773336805)--Thread(Thread[grizzly-http-server-30,5,main])--SELECT ID, AISID, DEPARTMENT, EMAIL, INSTITUTE, NAME, PASSWORD FROM TEACHER WHERE (AISID = ?)
	bind => [45678]
[EL Fine]: sql: 2023-05-27 11:51:57.594--ClientSession(1376479842)--Connection(1773336805)--Thread(Thread[grizzly-http-server-30,5,main])--INSERT INTO TEACHER (ID, AISID, DEPARTMENT, EMAIL, INSTITUTE, NAME, PASSWORD) VALUES (?, ?, ?, ?, ?, ?, ?)
	bind => [24, 45678, SI, ucitel.test@stuba.sk, UIM, Testovaci ucitel, $2a$13$77cfghLNftIKKH5F.QNiY.6FER9ipeTAPBHMSq4Fh74WmoT6JiJui]
com.fasterxml.jackson.databind.ObjectMapper@287413e2
[EL Fine]: sql: 2023-05-27 11:51:57.602--ServerSession(1657125852)--Connection(1773336805)--Thread(Thread[grizzly-http-server-31,5,main])--SELECT ID, AISID, EMAIL, NAME, PASSWORD, SEMESTER, STUDYPROGRAM, STUDYYEAR FROM STUDENT WHERE (EMAIL = ?)
	bind => [ucitel.test@stuba.sk]
[EL Fine]: sql: 2023-05-27 11:51:57.602--ServerSession(1657125852)--Connection(1773336805)--Thread(Thread[grizzly-http-server-31,5,main])--SELECT ID, AISID, DEPARTMENT, EMAIL, INSTITUTE, NAME, PASSWORD FROM TEACHER WHERE (EMAIL = ?)
	bind => [ucitel.test@stuba.sk]
]]></system-out>
  </testcase>
  <testcase name="shouldCallDeleteThesisWithStudent" classname="sk.stuba.fei.uim.vsa.pr2.ThesisResourceTest" time="1.054">
    <failure message="expected: &lt;201&gt; but was: &lt;401&gt;" type="org.opentest4j.AssertionFailedError"><![CDATA[org.opentest4j.AssertionFailedError: expected: <201> but was: <401>
	at sk.stuba.fei.uim.vsa.pr2.ThesisResourceTest.createThesis(ThesisResourceTest.java:642)
	at sk.stuba.fei.uim.vsa.pr2.ThesisResourceTest.shouldCallDeleteThesisWithStudent(ThesisResourceTest.java:272)
]]></failure>
    <system-out><![CDATA[[EL Fine]: sql: 2023-05-27 11:51:58.626--ServerSession(1657125852)--Connection(1773336805)--Thread(Thread[grizzly-http-server-32,5,main])--SELECT ID, AISID, DEPARTMENT, EMAIL, INSTITUTE, NAME, PASSWORD FROM TEACHER WHERE (AISID = ?)
	bind => [45678]
[EL Fine]: sql: 2023-05-27 11:51:58.627--ServerSession(1657125852)--Connection(1773336805)--Thread(Thread[grizzly-http-server-32,5,main])--SELECT ID, AISID, DEPARTMENT, EMAIL, INSTITUTE, NAME, PASSWORD FROM TEACHER WHERE (EMAIL = ?)
	bind => [ucitel.test@stuba.sk]
[EL Fine]: sql: 2023-05-27 11:51:58.628--ServerSession(1657125852)--Connection(1773336805)--Thread(Thread[grizzly-http-server-32,5,main])--SELECT ID, AISID, DEPARTMENT, EMAIL, INSTITUTE, NAME, PASSWORD FROM TEACHER WHERE (AISID = ?)
	bind => [45678]
[EL Fine]: sql: 2023-05-27 11:51:58.628--ClientSession(729262015)--Connection(1773336805)--Thread(Thread[grizzly-http-server-32,5,main])--INSERT INTO TEACHER (ID, AISID, DEPARTMENT, EMAIL, INSTITUTE, NAME, PASSWORD) VALUES (?, ?, ?, ?, ?, ?, ?)
	bind => [25, 45678, SI, ucitel.test@stuba.sk, UIM, Testovaci ucitel, $2a$13$X/PXSItH/PzUgAKRl0yqJuCWwf6OKoxxN5hCJbGBfv5/PH8RBlyn6]
com.fasterxml.jackson.databind.ObjectMapper@287413e2
[EL Fine]: sql: 2023-05-27 11:51:58.641--ServerSession(1657125852)--Connection(1773336805)--Thread(Thread[grizzly-http-server-33,5,main])--SELECT ID, AISID, EMAIL, NAME, PASSWORD, SEMESTER, STUDYPROGRAM, STUDYYEAR FROM STUDENT WHERE (EMAIL = ?)
	bind => [ucitel.test@stuba.sk]
[EL Fine]: sql: 2023-05-27 11:51:58.642--ServerSession(1657125852)--Connection(1773336805)--Thread(Thread[grizzly-http-server-33,5,main])--SELECT ID, AISID, DEPARTMENT, EMAIL, INSTITUTE, NAME, PASSWORD FROM TEACHER WHERE (EMAIL = ?)
	bind => [ucitel.test@stuba.sk]
]]></system-out>
  </testcase>
  <testcase name="shouldSubmitThesisWithTeacher" classname="sk.stuba.fei.uim.vsa.pr2.ThesisResourceTest" time="1.053">
    <failure message="expected: &lt;201&gt; but was: &lt;401&gt;" type="org.opentest4j.AssertionFailedError"><![CDATA[org.opentest4j.AssertionFailedError: expected: <201> but was: <401>
	at sk.stuba.fei.uim.vsa.pr2.ThesisResourceTest.createThesis(ThesisResourceTest.java:642)
	at sk.stuba.fei.uim.vsa.pr2.ThesisResourceTest.shouldSubmitThesisWithTeacher(ThesisResourceTest.java:363)
]]></failure>
    <system-out><![CDATA[[EL Fine]: sql: 2023-05-27 11:51:59.7--ServerSession(1657125852)--Connection(1773336805)--Thread(Thread[grizzly-http-server-34,5,main])--SELECT ID, AISID, DEPARTMENT, EMAIL, INSTITUTE, NAME, PASSWORD FROM TEACHER WHERE (AISID = ?)
	bind => [45678]
[EL Fine]: sql: 2023-05-27 11:51:59.701--ServerSession(1657125852)--Connection(1773336805)--Thread(Thread[grizzly-http-server-34,5,main])--SELECT ID, AISID, DEPARTMENT, EMAIL, INSTITUTE, NAME, PASSWORD FROM TEACHER WHERE (EMAIL = ?)
	bind => [ucitel.test@stuba.sk]
[EL Fine]: sql: 2023-05-27 11:51:59.703--ServerSession(1657125852)--Connection(1773336805)--Thread(Thread[grizzly-http-server-34,5,main])--SELECT ID, AISID, DEPARTMENT, EMAIL, INSTITUTE, NAME, PASSWORD FROM TEACHER WHERE (AISID = ?)
	bind => [45678]
[EL Fine]: sql: 2023-05-27 11:51:59.704--ClientSession(1899650575)--Connection(1773336805)--Thread(Thread[grizzly-http-server-34,5,main])--INSERT INTO TEACHER (ID, AISID, DEPARTMENT, EMAIL, INSTITUTE, NAME, PASSWORD) VALUES (?, ?, ?, ?, ?, ?, ?)
	bind => [26, 45678, SI, ucitel.test@stuba.sk, UIM, Testovaci ucitel, $2a$13$g6c/RILy62qL7D5a9xQP3uKk3t8.fS4zWRd0Cx9KQ.bs1ub89alcq]
com.fasterxml.jackson.databind.ObjectMapper@287413e2
[EL Fine]: sql: 2023-05-27 11:51:59.719--ServerSession(1657125852)--Connection(1773336805)--Thread(Thread[grizzly-http-server-35,5,main])--SELECT ID, AISID, EMAIL, NAME, PASSWORD, SEMESTER, STUDYPROGRAM, STUDYYEAR FROM STUDENT WHERE (EMAIL = ?)
	bind => [ucitel.test@stuba.sk]
[EL Fine]: sql: 2023-05-27 11:51:59.72--ServerSession(1657125852)--Connection(1773336805)--Thread(Thread[grizzly-http-server-35,5,main])--SELECT ID, AISID, DEPARTMENT, EMAIL, INSTITUTE, NAME, PASSWORD FROM TEACHER WHERE (EMAIL = ?)
	bind => [ucitel.test@stuba.sk]
]]></system-out>
  </testcase>
  <testcase name="shouldDeleteThesis" classname="sk.stuba.fei.uim.vsa.pr2.ThesisResourceTest" time="1.036">
    <failure message="expected: &lt;201&gt; but was: &lt;401&gt;" type="org.opentest4j.AssertionFailedError"><![CDATA[org.opentest4j.AssertionFailedError: expected: <201> but was: <401>
	at sk.stuba.fei.uim.vsa.pr2.ThesisResourceTest.createThesis(ThesisResourceTest.java:642)
	at sk.stuba.fei.uim.vsa.pr2.ThesisResourceTest.shouldDeleteThesis(ThesisResourceTest.java:238)
]]></failure>
    <system-out><![CDATA[[EL Fine]: sql: 2023-05-27 11:52:00.736--ServerSession(1657125852)--Connection(1773336805)--Thread(Thread[grizzly-http-server-36,5,main])--SELECT ID, AISID, DEPARTMENT, EMAIL, INSTITUTE, NAME, PASSWORD FROM TEACHER WHERE (AISID = ?)
	bind => [45678]
[EL Fine]: sql: 2023-05-27 11:52:00.737--ServerSession(1657125852)--Connection(1773336805)--Thread(Thread[grizzly-http-server-36,5,main])--SELECT ID, AISID, DEPARTMENT, EMAIL, INSTITUTE, NAME, PASSWORD FROM TEACHER WHERE (EMAIL = ?)
	bind => [ucitel.test@stuba.sk]
[EL Fine]: sql: 2023-05-27 11:52:00.737--ServerSession(1657125852)--Connection(1773336805)--Thread(Thread[grizzly-http-server-36,5,main])--SELECT ID, AISID, DEPARTMENT, EMAIL, INSTITUTE, NAME, PASSWORD FROM TEACHER WHERE (AISID = ?)
	bind => [45678]
[EL Fine]: sql: 2023-05-27 11:52:00.738--ClientSession(1258803848)--Connection(1773336805)--Thread(Thread[grizzly-http-server-36,5,main])--INSERT INTO TEACHER (ID, AISID, DEPARTMENT, EMAIL, INSTITUTE, NAME, PASSWORD) VALUES (?, ?, ?, ?, ?, ?, ?)
	bind => [27, 45678, SI, ucitel.test@stuba.sk, UIM, Testovaci ucitel, $2a$13$7U8hsz2u90XBhzqHdS6Pvuub.VuKIGnO0/Ntp4ffP6i7B7CyV1a6S]
com.fasterxml.jackson.databind.ObjectMapper@287413e2
[EL Fine]: sql: 2023-05-27 11:52:00.753--ServerSession(1657125852)--Connection(1773336805)--Thread(Thread[grizzly-http-server-37,5,main])--SELECT ID, AISID, EMAIL, NAME, PASSWORD, SEMESTER, STUDYPROGRAM, STUDYYEAR FROM STUDENT WHERE (EMAIL = ?)
	bind => [ucitel.test@stuba.sk]
[EL Fine]: sql: 2023-05-27 11:52:00.753--ServerSession(1657125852)--Connection(1773336805)--Thread(Thread[grizzly-http-server-37,5,main])--SELECT ID, AISID, DEPARTMENT, EMAIL, INSTITUTE, NAME, PASSWORD FROM TEACHER WHERE (EMAIL = ?)
	bind => [ucitel.test@stuba.sk]
]]></system-out>
  </testcase>
  <testcase name="shouldCallFindThesesWithWrongCriteria" classname="sk.stuba.fei.uim.vsa.pr2.ThesisResourceTest" time="1.042">
    <failure message="expected: &lt;201&gt; but was: &lt;401&gt;" type="org.opentest4j.AssertionFailedError"><![CDATA[org.opentest4j.AssertionFailedError: expected: <201> but was: <401>
	at sk.stuba.fei.uim.vsa.pr2.ThesisResourceTest.createThesis(ThesisResourceTest.java:642)
	at sk.stuba.fei.uim.vsa.pr2.ThesisResourceTest.shouldCallFindThesesWithWrongCriteria(ThesisResourceTest.java:619)
]]></failure>
    <system-out><![CDATA[[EL Fine]: sql: 2023-05-27 11:52:01.783--ServerSession(1657125852)--Connection(1773336805)--Thread(Thread[grizzly-http-server-39,5,main])--SELECT ID, AISID, DEPARTMENT, EMAIL, INSTITUTE, NAME, PASSWORD FROM TEACHER WHERE (AISID = ?)
	bind => [45678]
[EL Fine]: sql: 2023-05-27 11:52:01.784--ServerSession(1657125852)--Connection(1773336805)--Thread(Thread[grizzly-http-server-39,5,main])--SELECT ID, AISID, DEPARTMENT, EMAIL, INSTITUTE, NAME, PASSWORD FROM TEACHER WHERE (EMAIL = ?)
	bind => [ucitel.test@stuba.sk]
[EL Fine]: sql: 2023-05-27 11:52:01.785--ServerSession(1657125852)--Connection(1773336805)--Thread(Thread[grizzly-http-server-39,5,main])--SELECT ID, AISID, DEPARTMENT, EMAIL, INSTITUTE, NAME, PASSWORD FROM TEACHER WHERE (AISID = ?)
	bind => [45678]
[EL Fine]: sql: 2023-05-27 11:52:01.785--ClientSession(671577689)--Connection(1773336805)--Thread(Thread[grizzly-http-server-39,5,main])--INSERT INTO TEACHER (ID, AISID, DEPARTMENT, EMAIL, INSTITUTE, NAME, PASSWORD) VALUES (?, ?, ?, ?, ?, ?, ?)
	bind => [28, 45678, SI, ucitel.test@stuba.sk, UIM, Testovaci ucitel, $2a$13$PQNYE7sVdq8x35GqaYXj0uqxHQVX.1ebW3zCxI7po9F/2fuU.w59C]
com.fasterxml.jackson.databind.ObjectMapper@287413e2
[EL Fine]: sql: 2023-05-27 11:52:01.793--ServerSession(1657125852)--Connection(1773336805)--Thread(Thread[grizzly-http-server-0,5,main])--SELECT ID, AISID, EMAIL, NAME, PASSWORD, SEMESTER, STUDYPROGRAM, STUDYYEAR FROM STUDENT WHERE (EMAIL = ?)
	bind => [ucitel.test@stuba.sk]
[EL Fine]: sql: 2023-05-27 11:52:01.794--ServerSession(1657125852)--Connection(1773336805)--Thread(Thread[grizzly-http-server-0,5,main])--SELECT ID, AISID, DEPARTMENT, EMAIL, INSTITUTE, NAME, PASSWORD FROM TEACHER WHERE (EMAIL = ?)
	bind => [ucitel.test@stuba.sk]
]]></system-out>
  </testcase>
  <testcase name="shouldSubmitThesisWithTeacherAndWithWrongStudent" classname="sk.stuba.fei.uim.vsa.pr2.ThesisResourceTest" time="1.042">
    <failure message="expected: &lt;201&gt; but was: &lt;401&gt;" type="org.opentest4j.AssertionFailedError"><![CDATA[org.opentest4j.AssertionFailedError: expected: <201> but was: <401>
	at sk.stuba.fei.uim.vsa.pr2.ThesisResourceTest.createThesis(ThesisResourceTest.java:642)
	at sk.stuba.fei.uim.vsa.pr2.ThesisResourceTest.shouldSubmitThesisWithTeacherAndWithWrongStudent(ThesisResourceTest.java:455)
]]></failure>
    <system-out><![CDATA[[EL Fine]: sql: 2023-05-27 11:52:02.825--ServerSession(1657125852)--Connection(1773336805)--Thread(Thread[grizzly-http-server-1,5,main])--SELECT ID, AISID, DEPARTMENT, EMAIL, INSTITUTE, NAME, PASSWORD FROM TEACHER WHERE (AISID = ?)
	bind => [45678]
[EL Fine]: sql: 2023-05-27 11:52:02.826--ServerSession(1657125852)--Connection(1773336805)--Thread(Thread[grizzly-http-server-1,5,main])--SELECT ID, AISID, DEPARTMENT, EMAIL, INSTITUTE, NAME, PASSWORD FROM TEACHER WHERE (EMAIL = ?)
	bind => [ucitel.test@stuba.sk]
[EL Fine]: sql: 2023-05-27 11:52:02.826--ServerSession(1657125852)--Connection(1773336805)--Thread(Thread[grizzly-http-server-1,5,main])--SELECT ID, AISID, DEPARTMENT, EMAIL, INSTITUTE, NAME, PASSWORD FROM TEACHER WHERE (AISID = ?)
	bind => [45678]
[EL Fine]: sql: 2023-05-27 11:52:02.827--ClientSession(1541829866)--Connection(1773336805)--Thread(Thread[grizzly-http-server-1,5,main])--INSERT INTO TEACHER (ID, AISID, DEPARTMENT, EMAIL, INSTITUTE, NAME, PASSWORD) VALUES (?, ?, ?, ?, ?, ?, ?)
	bind => [29, 45678, SI, ucitel.test@stuba.sk, UIM, Testovaci ucitel, $2a$13$2dsUGO6oADjwFC3BABLWEeZ2SKdHGy7Twr6Hl5xm3tPLTTeF3vuPm]
com.fasterxml.jackson.databind.ObjectMapper@287413e2
[EL Fine]: sql: 2023-05-27 11:52:02.837--ServerSession(1657125852)--Connection(1773336805)--Thread(Thread[grizzly-http-server-2,5,main])--SELECT ID, AISID, EMAIL, NAME, PASSWORD, SEMESTER, STUDYPROGRAM, STUDYYEAR FROM STUDENT WHERE (EMAIL = ?)
	bind => [ucitel.test@stuba.sk]
[EL Fine]: sql: 2023-05-27 11:52:02.837--ServerSession(1657125852)--Connection(1773336805)--Thread(Thread[grizzly-http-server-2,5,main])--SELECT ID, AISID, DEPARTMENT, EMAIL, INSTITUTE, NAME, PASSWORD FROM TEACHER WHERE (EMAIL = ?)
	bind => [ucitel.test@stuba.sk]
]]></system-out>
  </testcase>
  <testcase name="shouldGetAllTheses" classname="sk.stuba.fei.uim.vsa.pr2.ThesisResourceTest" time="1.059">
    <failure message="expected: &lt;201&gt; but was: &lt;401&gt;" type="org.opentest4j.AssertionFailedError"><![CDATA[org.opentest4j.AssertionFailedError: expected: <201> but was: <401>
	at sk.stuba.fei.uim.vsa.pr2.ThesisResourceTest.createThesis(ThesisResourceTest.java:642)
	at sk.stuba.fei.uim.vsa.pr2.ThesisResourceTest.shouldGetAllTheses(ThesisResourceTest.java:140)
]]></failure>
    <system-out><![CDATA[[EL Fine]: sql: 2023-05-27 11:52:03.868--ServerSession(1657125852)--Connection(1773336805)--Thread(Thread[grizzly-http-server-3,5,main])--SELECT ID, AISID, DEPARTMENT, EMAIL, INSTITUTE, NAME, PASSWORD FROM TEACHER WHERE (AISID = ?)
	bind => [45678]
[EL Fine]: sql: 2023-05-27 11:52:03.87--ServerSession(1657125852)--Connection(1773336805)--Thread(Thread[grizzly-http-server-3,5,main])--SELECT ID, AISID, DEPARTMENT, EMAIL, INSTITUTE, NAME, PASSWORD FROM TEACHER WHERE (EMAIL = ?)
	bind => [ucitel.test@stuba.sk]
[EL Fine]: sql: 2023-05-27 11:52:03.871--ServerSession(1657125852)--Connection(1773336805)--Thread(Thread[grizzly-http-server-3,5,main])--SELECT ID, AISID, DEPARTMENT, EMAIL, INSTITUTE, NAME, PASSWORD FROM TEACHER WHERE (AISID = ?)
	bind => [45678]
[EL Fine]: sql: 2023-05-27 11:52:03.871--ClientSession(94888134)--Connection(1773336805)--Thread(Thread[grizzly-http-server-3,5,main])--INSERT INTO TEACHER (ID, AISID, DEPARTMENT, EMAIL, INSTITUTE, NAME, PASSWORD) VALUES (?, ?, ?, ?, ?, ?, ?)
	bind => [30, 45678, SI, ucitel.test@stuba.sk, UIM, Testovaci ucitel, $2a$13$FfyLb6QI0BAonsuf.x/yBOaHeKAfcBGNlKxY77AigLXubo1HNciHG]
com.fasterxml.jackson.databind.ObjectMapper@287413e2
[EL Fine]: sql: 2023-05-27 11:52:03.886--ServerSession(1657125852)--Connection(1773336805)--Thread(Thread[grizzly-http-server-4,5,main])--SELECT ID, AISID, EMAIL, NAME, PASSWORD, SEMESTER, STUDYPROGRAM, STUDYYEAR FROM STUDENT WHERE (EMAIL = ?)
	bind => [ucitel.test@stuba.sk]
[EL Fine]: sql: 2023-05-27 11:52:03.887--ServerSession(1657125852)--Connection(1773336805)--Thread(Thread[grizzly-http-server-4,5,main])--SELECT ID, AISID, DEPARTMENT, EMAIL, INSTITUTE, NAME, PASSWORD FROM TEACHER WHERE (EMAIL = ?)
	bind => [ucitel.test@stuba.sk]
]]></system-out>
  </testcase>
</testsuite>
<testsuite xmlns:xsi="http://www.w3.org/2001/XMLSchema-instance" xsi:noNamespaceSchemaLocation="https://maven.apache.org/surefire/maven-surefire-plugin/xsd/surefire-test-report.xsd" name="sk.stuba.fei.uim.vsa.pr2.SanityCheckTest" time="1.838" tests="3" errors="0" skipped="0" failures="0">
  <properties>
[...]
</properties>
  <testcase name="testValidityOfPOMFile" classname="sk.stuba.fei.uim.vsa.pr2.SanityCheckTest" time="0.012"/>
  <testcase name="testForResourcesAvailability" classname="sk.stuba.fei.uim.vsa.pr2.SanityCheckTest" time="0.183"/>
  <testcase name="testPersistentUnit" classname="sk.stuba.fei.uim.vsa.pr2.SanityCheckTest" time="0.001"/>
</testsuite>
<testsuite xmlns:xsi="http://www.w3.org/2001/XMLSchema-instance" xsi:noNamespaceSchemaLocation="https://maven.apache.org/surefire/maven-surefire-plugin/xsd/surefire-test-report.xsd" name="sk.stuba.fei.uim.vsa.pr2.TeacherResourceTest" time="10.371" tests="11" errors="0" skipped="0" failures="7">
  <properties>
[...]
</properties>
  <testcase name="shouldCreateTeacherWithOnlyRequiredProperties" classname="sk.stuba.fei.uim.vsa.pr2.TeacherResourceTest" time="0.602"/>
  <testcase name="shouldGetTeacher" classname="sk.stuba.fei.uim.vsa.pr2.TeacherResourceTest" time="1.068">
    <failure message="expected: &lt;200&gt; but was: &lt;401&gt;" type="org.opentest4j.AssertionFailedError"><![CDATA[org.opentest4j.AssertionFailedError: expected: <200> but was: <401>
	at sk.stuba.fei.uim.vsa.pr2.TeacherResourceTest.shouldGetTeacher(TeacherResourceTest.java:146)
]]></failure>
    <system-out><![CDATA[[EL Fine]: sql: 2023-05-27 11:52:05.612--ServerSession(1657125852)--Connection(1773336805)--Thread(Thread[grizzly-http-server-1,5,main])--SELECT ID, AISID, DEPARTMENT, EMAIL, INSTITUTE, NAME, PASSWORD FROM TEACHER WHERE (AISID = ?)
	bind => [45678]
[EL Fine]: sql: 2023-05-27 11:52:05.613--ServerSession(1657125852)--Connection(1773336805)--Thread(Thread[grizzly-http-server-1,5,main])--SELECT ID, AISID, DEPARTMENT, EMAIL, INSTITUTE, NAME, PASSWORD FROM TEACHER WHERE (EMAIL = ?)
	bind => [ucitel.test@stuba.sk]
[EL Fine]: sql: 2023-05-27 11:52:05.613--ServerSession(1657125852)--Connection(1773336805)--Thread(Thread[grizzly-http-server-1,5,main])--SELECT ID, AISID, DEPARTMENT, EMAIL, INSTITUTE, NAME, PASSWORD FROM TEACHER WHERE (AISID = ?)
	bind => [45678]
[EL Fine]: sql: 2023-05-27 11:52:05.615--ClientSession(422419193)--Connection(1773336805)--Thread(Thread[grizzly-http-server-1,5,main])--INSERT INTO TEACHER (ID, AISID, DEPARTMENT, EMAIL, INSTITUTE, NAME, PASSWORD) VALUES (?, ?, ?, ?, ?, ?, ?)
	bind => [32, 45678, SI, ucitel.test@stuba.sk, UIM, Testovaci ucitel, $2a$13$pXWBd63vMFHkeA2pmilmoeQZSow18t4vfYrXRcxYYJcyy1aq0HB72]
2023-05-27 11:52:05.625  INFO --- [           main] s.s.fei.uim.vsa.pr2.utils.ResourceTest   : Parsing response: {"id":32,"aisId":45678,"name":"Testovaci ucitel","email":"ucitel.test@stuba.sk","institute":"UIM","department":"SI","theses":[]}
com.fasterxml.jackson.databind.ObjectMapper@4e1e8ee2
[EL Fine]: sql: 2023-05-27 11:52:05.629--ServerSession(1657125852)--Connection(1773336805)--Thread(Thread[grizzly-http-server-2,5,main])--SELECT ID, AISID, EMAIL, NAME, PASSWORD, SEMESTER, STUDYPROGRAM, STUDYYEAR FROM STUDENT WHERE (EMAIL = ?)
	bind => [ucitel.test@stuba.sk]
[EL Fine]: sql: 2023-05-27 11:52:05.63--ServerSession(1657125852)--Connection(1773336805)--Thread(Thread[grizzly-http-server-2,5,main])--SELECT ID, AISID, DEPARTMENT, EMAIL, INSTITUTE, NAME, PASSWORD FROM TEACHER WHERE (EMAIL = ?)
	bind => [ucitel.test@stuba.sk]
]]></system-out>
  </testcase>
  <testcase name="deleteTeacher" classname="sk.stuba.fei.uim.vsa.pr2.TeacherResourceTest" time="1.058">
    <failure message="expected: &lt;200&gt; but was: &lt;401&gt;" type="org.opentest4j.AssertionFailedError"><![CDATA[org.opentest4j.AssertionFailedError: expected: <200> but was: <401>
	at sk.stuba.fei.uim.vsa.pr2.TeacherResourceTest.deleteTeacher(TeacherResourceTest.java:183)
]]></failure>
    <system-out><![CDATA[[EL Fine]: sql: 2023-05-27 11:52:06.699--ServerSession(1657125852)--Connection(1773336805)--Thread(Thread[grizzly-http-server-3,5,main])--SELECT ID, AISID, DEPARTMENT, EMAIL, INSTITUTE, NAME, PASSWORD FROM TEACHER WHERE (AISID = ?)
	bind => [45678]
[EL Fine]: sql: 2023-05-27 11:52:06.7--ServerSession(1657125852)--Connection(1773336805)--Thread(Thread[grizzly-http-server-3,5,main])--SELECT ID, AISID, DEPARTMENT, EMAIL, INSTITUTE, NAME, PASSWORD FROM TEACHER WHERE (EMAIL = ?)
	bind => [ucitel.test@stuba.sk]
[EL Fine]: sql: 2023-05-27 11:52:06.701--ServerSession(1657125852)--Connection(1773336805)--Thread(Thread[grizzly-http-server-3,5,main])--SELECT ID, AISID, DEPARTMENT, EMAIL, INSTITUTE, NAME, PASSWORD FROM TEACHER WHERE (AISID = ?)
	bind => [45678]
[EL Fine]: sql: 2023-05-27 11:52:06.702--ClientSession(229768006)--Connection(1773336805)--Thread(Thread[grizzly-http-server-3,5,main])--INSERT INTO TEACHER (ID, AISID, DEPARTMENT, EMAIL, INSTITUTE, NAME, PASSWORD) VALUES (?, ?, ?, ?, ?, ?, ?)
	bind => [33, 45678, SI, ucitel.test@stuba.sk, UIM, Testovaci ucitel, $2a$13$4fF.LLpiPZHNsCMzkp7KtOxmdWrjZ4yOudDVnmoyD8/Mk2.WOE0dm]
2023-05-27 11:52:06.709  INFO --- [           main] s.s.fei.uim.vsa.pr2.utils.ResourceTest   : Parsing response: {"id":33,"aisId":45678,"name":"Testovaci ucitel","email":"ucitel.test@stuba.sk","institute":"UIM","department":"SI","theses":[]}
com.fasterxml.jackson.databind.ObjectMapper@4e1e8ee2
[EL Fine]: sql: 2023-05-27 11:52:06.714--ServerSession(1657125852)--Connection(1773336805)--Thread(Thread[grizzly-http-server-4,5,main])--SELECT ID, AISID, EMAIL, NAME, PASSWORD, SEMESTER, STUDYPROGRAM, STUDYYEAR FROM STUDENT WHERE (EMAIL = ?)
	bind => [ucitel.test@stuba.sk]
[EL Fine]: sql: 2023-05-27 11:52:06.714--ServerSession(1657125852)--Connection(1773336805)--Thread(Thread[grizzly-http-server-4,5,main])--SELECT ID, AISID, DEPARTMENT, EMAIL, INSTITUTE, NAME, PASSWORD FROM TEACHER WHERE (EMAIL = ?)
	bind => [ucitel.test@stuba.sk]
]]></system-out>
  </testcase>
  <testcase name="shouldGetNotFoundForNonExistingTeacher" classname="sk.stuba.fei.uim.vsa.pr2.TeacherResourceTest" time="1.06">
    <failure message="expected: &lt;true&gt; but was: &lt;false&gt;" type="org.opentest4j.AssertionFailedError"><![CDATA[org.opentest4j.AssertionFailedError: expected: <true> but was: <false>
	at sk.stuba.fei.uim.vsa.pr2.TeacherResourceTest.shouldGetNotFoundForNonExistingTeacher(TeacherResourceTest.java:168)
]]></failure>
    <system-out><![CDATA[[EL Fine]: sql: 2023-05-27 11:52:07.753--ServerSession(1657125852)--Connection(1773336805)--Thread(Thread[grizzly-http-server-5,5,main])--SELECT ID, AISID, DEPARTMENT, EMAIL, INSTITUTE, NAME, PASSWORD FROM TEACHER WHERE (AISID = ?)
	bind => [45678]
[EL Fine]: sql: 2023-05-27 11:52:07.754--ServerSession(1657125852)--Connection(1773336805)--Thread(Thread[grizzly-http-server-5,5,main])--SELECT ID, AISID, DEPARTMENT, EMAIL, INSTITUTE, NAME, PASSWORD FROM TEACHER WHERE (EMAIL = ?)
	bind => [ucitel.test@stuba.sk]
[EL Fine]: sql: 2023-05-27 11:52:07.755--ServerSession(1657125852)--Connection(1773336805)--Thread(Thread[grizzly-http-server-5,5,main])--SELECT ID, AISID, DEPARTMENT, EMAIL, INSTITUTE, NAME, PASSWORD FROM TEACHER WHERE (AISID = ?)
	bind => [45678]
[EL Fine]: sql: 2023-05-27 11:52:07.755--ClientSession(972727873)--Connection(1773336805)--Thread(Thread[grizzly-http-server-5,5,main])--INSERT INTO TEACHER (ID, AISID, DEPARTMENT, EMAIL, INSTITUTE, NAME, PASSWORD) VALUES (?, ?, ?, ?, ?, ?, ?)
	bind => [34, 45678, SI, ucitel.test@stuba.sk, UIM, Testovaci ucitel, $2a$13$Knyc2et3uYWhH0aFgceWhuS4Q1Fg8syNRtmTpKj3plhF78QEYOwom]
2023-05-27 11:52:07.765  INFO --- [           main] s.s.fei.uim.vsa.pr2.utils.ResourceTest   : Parsing response: {"id":34,"aisId":45678,"name":"Testovaci ucitel","email":"ucitel.test@stuba.sk","institute":"UIM","department":"SI","theses":[]}
com.fasterxml.jackson.databind.ObjectMapper@4e1e8ee2
[EL Fine]: sql: 2023-05-27 11:52:07.769--ServerSession(1657125852)--Connection(1773336805)--Thread(Thread[grizzly-http-server-6,5,main])--SELECT ID, AISID, EMAIL, NAME, PASSWORD, SEMESTER, STUDYPROGRAM, STUDYYEAR FROM STUDENT WHERE (EMAIL = ?)
	bind => [ucitel.test@stuba.sk]
[EL Fine]: sql: 2023-05-27 11:52:07.769--ServerSession(1657125852)--Connection(1773336805)--Thread(Thread[grizzly-http-server-6,5,main])--SELECT ID, AISID, DEPARTMENT, EMAIL, INSTITUTE, NAME, PASSWORD FROM TEACHER WHERE (EMAIL = ?)
	bind => [ucitel.test@stuba.sk]
]]></system-out>
  </testcase>
  <testcase name="shouldReturnUnauthorized" classname="sk.stuba.fei.uim.vsa.pr2.TeacherResourceTest" time="0.085"/>
  <testcase name="shouldCreateTeacher" classname="sk.stuba.fei.uim.vsa.pr2.TeacherResourceTest" time="0.637"/>
  <testcase name="shouldReturnForbiddenToDeleteTeacherWithStudent" classname="sk.stuba.fei.uim.vsa.pr2.TeacherResourceTest" time="1.556">
    <failure message="expected: &lt;true&gt; but was: &lt;false&gt;" type="org.opentest4j.AssertionFailedError"><![CDATA[org.opentest4j.AssertionFailedError: expected: <true> but was: <false>
	at sk.stuba.fei.uim.vsa.pr2.TeacherResourceTest.shouldReturnForbiddenToDeleteTeacherWithStudent(TeacherResourceTest.java:229)
]]></failure>
    <system-out><![CDATA[[EL Fine]: sql: 2023-05-27 11:52:09.546--ServerSession(1657125852)--Connection(1773336805)--Thread(Thread[grizzly-http-server-9,5,main])--SELECT ID, AISID, DEPARTMENT, EMAIL, INSTITUTE, NAME, PASSWORD FROM TEACHER WHERE (AISID = ?)
	bind => [45678]
[EL Fine]: sql: 2023-05-27 11:52:09.547--ServerSession(1657125852)--Connection(1773336805)--Thread(Thread[grizzly-http-server-9,5,main])--SELECT ID, AISID, DEPARTMENT, EMAIL, INSTITUTE, NAME, PASSWORD FROM TEACHER WHERE (EMAIL = ?)
	bind => [ucitel.test@stuba.sk]
[EL Fine]: sql: 2023-05-27 11:52:09.547--ServerSession(1657125852)--Connection(1773336805)--Thread(Thread[grizzly-http-server-9,5,main])--SELECT ID, AISID, DEPARTMENT, EMAIL, INSTITUTE, NAME, PASSWORD FROM TEACHER WHERE (AISID = ?)
	bind => [45678]
[EL Fine]: sql: 2023-05-27 11:52:09.548--ClientSession(1620059653)--Connection(1773336805)--Thread(Thread[grizzly-http-server-9,5,main])--INSERT INTO TEACHER (ID, AISID, DEPARTMENT, EMAIL, INSTITUTE, NAME, PASSWORD) VALUES (?, ?, ?, ?, ?, ?, ?)
	bind => [36, 45678, SI, ucitel.test@stuba.sk, UIM, Testovaci ucitel, $2a$13$t7/c5lYbk68b1o9LWmmUyuobiSSjSTvmMrl6NXeym1h6KHWKxcS2m]
2023-05-27 11:52:09.558  INFO --- [           main] s.s.fei.uim.vsa.pr2.utils.ResourceTest   : Parsing response: {"id":36,"aisId":45678,"name":"Testovaci ucitel","email":"ucitel.test@stuba.sk","institute":"UIM","department":"SI","theses":[]}
[EL Fine]: sql: 2023-05-27 11:52:10.032--ServerSession(1657125852)--Connection(1773336805)--Thread(Thread[grizzly-http-server-10,5,main])--SELECT ID, AISID, EMAIL, NAME, PASSWORD, SEMESTER, STUDYPROGRAM, STUDYYEAR FROM STUDENT WHERE (AISID = ?)
	bind => [70127]
[EL Fine]: sql: 2023-05-27 11:52:10.033--ServerSession(1657125852)--Connection(1773336805)--Thread(Thread[grizzly-http-server-10,5,main])--SELECT ID, AISID, EMAIL, NAME, PASSWORD, SEMESTER, STUDYPROGRAM, STUDYYEAR FROM STUDENT WHERE (EMAIL = ?)
	bind => [xstudent@stuba.sk]
[EL Fine]: sql: 2023-05-27 11:52:10.033--ServerSession(1657125852)--Connection(1773336805)--Thread(Thread[grizzly-http-server-10,5,main])--SELECT ID, AISID, EMAIL, NAME, PASSWORD, SEMESTER, STUDYPROGRAM, STUDYYEAR FROM STUDENT WHERE (AISID = ?)
	bind => [70127]
[EL Fine]: sql: 2023-05-27 11:52:10.034--ClientSession(1262177980)--Connection(1773336805)--Thread(Thread[grizzly-http-server-10,5,main])--INSERT INTO STUDENT (ID, AISID, EMAIL, NAME, PASSWORD, SEMESTER, STUDYPROGRAM, STUDYYEAR) VALUES (?, ?, ?, ?, ?, ?, ?, ?)
	bind => [37, 70127, xstudent@stuba.sk, Test Student, $2a$13$qXDnGLyHqgI42kziPTKjBOXxnpGfqk9Uv3Pfnd1yr8icCH9tpbFH2, 18, API, 8]
2023-05-27 11:52:10.041  INFO --- [           main] s.s.fei.uim.vsa.pr2.utils.ResourceTest   : Parsing response: {"id":37,"aisId":70127,"name":"Test Student","email":"xstudent@stuba.sk","year":8,"term":18,"programme":"API","thesis":null}
com.fasterxml.jackson.databind.ObjectMapper@4e1e8ee2
[EL Fine]: sql: 2023-05-27 11:52:10.044--ServerSession(1657125852)--Connection(1773336805)--Thread(Thread[grizzly-http-server-11,5,main])--SELECT ID, AISID, EMAIL, NAME, PASSWORD, SEMESTER, STUDYPROGRAM, STUDYYEAR FROM STUDENT WHERE (EMAIL = ?)
	bind => [xstudent@stuba.sk]
[EL Fine]: sql: 2023-05-27 11:52:10.045--ServerSession(1657125852)--Connection(1773336805)--Thread(Thread[grizzly-http-server-11,5,main])--SELECT ID, AISID, DEPARTMENT, EMAIL, INSTITUTE, NAME, PASSWORD FROM TEACHER WHERE (EMAIL = ?)
	bind => [xstudent@stuba.sk]
]]></system-out>
  </testcase>
  <testcase name="shouldReturnForbiddenToDeleteWithWrongTeacher" classname="sk.stuba.fei.uim.vsa.pr2.TeacherResourceTest" time="1.526">
    <failure message="expected: &lt;true&gt; but was: &lt;false&gt;" type="org.opentest4j.AssertionFailedError"><![CDATA[org.opentest4j.AssertionFailedError: expected: <true> but was: <false>
	at sk.stuba.fei.uim.vsa.pr2.TeacherResourceTest.shouldReturnForbiddenToDeleteWithWrongTeacher(TeacherResourceTest.java:215)
]]></failure>
    <system-out><![CDATA[[EL Fine]: sql: 2023-05-27 11:52:11.085--ServerSession(1657125852)--Connection(1773336805)--Thread(Thread[grizzly-http-server-12,5,main])--SELECT ID, AISID, DEPARTMENT, EMAIL, INSTITUTE, NAME, PASSWORD FROM TEACHER WHERE (AISID = ?)
	bind => [45678]
[EL Fine]: sql: 2023-05-27 11:52:11.087--ServerSession(1657125852)--Connection(1773336805)--Thread(Thread[grizzly-http-server-12,5,main])--SELECT ID, AISID, DEPARTMENT, EMAIL, INSTITUTE, NAME, PASSWORD FROM TEACHER WHERE (EMAIL = ?)
	bind => [ucitel.test@stuba.sk]
[EL Fine]: sql: 2023-05-27 11:52:11.088--ServerSession(1657125852)--Connection(1773336805)--Thread(Thread[grizzly-http-server-12,5,main])--SELECT ID, AISID, DEPARTMENT, EMAIL, INSTITUTE, NAME, PASSWORD FROM TEACHER WHERE (AISID = ?)
	bind => [45678]
[EL Fine]: sql: 2023-05-27 11:52:11.089--ClientSession(398423975)--Connection(1773336805)--Thread(Thread[grizzly-http-server-12,5,main])--INSERT INTO TEACHER (ID, AISID, DEPARTMENT, EMAIL, INSTITUTE, NAME, PASSWORD) VALUES (?, ?, ?, ?, ?, ?, ?)
	bind => [38, 45678, SI, ucitel.test@stuba.sk, UIM, Testovaci ucitel, $2a$13$56cPH3tNZNgl8IaZTi9yz.kMK.6ouMvNKOeanKN9QaF4uheFNfYaa]
2023-05-27 11:52:11.098  INFO --- [           main] s.s.fei.uim.vsa.pr2.utils.ResourceTest   : Parsing response: {"id":38,"aisId":45678,"name":"Testovaci ucitel","email":"ucitel.test@stuba.sk","institute":"UIM","department":"SI","theses":[]}
[EL Fine]: sql: 2023-05-27 11:52:11.583--ServerSession(1657125852)--Connection(1773336805)--Thread(Thread[grizzly-http-server-13,5,main])--SELECT ID, AISID, DEPARTMENT, EMAIL, INSTITUTE, NAME, PASSWORD FROM TEACHER WHERE (AISID = ?)
	bind => [123456]
[EL Fine]: sql: 2023-05-27 11:52:11.584--ServerSession(1657125852)--Connection(1773336805)--Thread(Thread[grizzly-http-server-13,5,main])--SELECT ID, AISID, DEPARTMENT, EMAIL, INSTITUTE, NAME, PASSWORD FROM TEACHER WHERE (EMAIL = ?)
	bind => [test.teacher@stuba.sk]
[EL Fine]: sql: 2023-05-27 11:52:11.584--ServerSession(1657125852)--Connection(1773336805)--Thread(Thread[grizzly-http-server-13,5,main])--SELECT ID, AISID, DEPARTMENT, EMAIL, INSTITUTE, NAME, PASSWORD FROM TEACHER WHERE (AISID = ?)
	bind => [123456]
[EL Fine]: sql: 2023-05-27 11:52:11.585--ClientSession(1903393267)--Connection(1773336805)--Thread(Thread[grizzly-http-server-13,5,main])--INSERT INTO TEACHER (ID, AISID, DEPARTMENT, EMAIL, INSTITUTE, NAME, PASSWORD) VALUES (?, ?, ?, ?, ?, ?, ?)
	bind => [39, 123456, BIS, test.teacher@stuba.sk, UIMM, Meno testovacieho uciteľa, $2a$13$iqp/jgVv5wONkbbixspQf.BY/v/5ePhrLd8qbaDLfrw9b578N9KWm]
2023-05-27 11:52:11.595  INFO --- [           main] s.s.fei.uim.vsa.pr2.utils.ResourceTest   : Parsing response: {"id":39,"aisId":123456,"name":"Meno testovacieho uciteľa","email":"test.teacher@stuba.sk","institute":"UIMM","department":"BIS","theses":[]}
com.fasterxml.jackson.databind.ObjectMapper@4e1e8ee2
[EL Fine]: sql: 2023-05-27 11:52:11.598--ServerSession(1657125852)--Connection(1773336805)--Thread(Thread[grizzly-http-server-14,5,main])--SELECT ID, AISID, EMAIL, NAME, PASSWORD, SEMESTER, STUDYPROGRAM, STUDYYEAR FROM STUDENT WHERE (EMAIL = ?)
	bind => [test.teacher@stuba.sk]
[EL Fine]: sql: 2023-05-27 11:52:11.598--ServerSession(1657125852)--Connection(1773336805)--Thread(Thread[grizzly-http-server-14,5,main])--SELECT ID, AISID, DEPARTMENT, EMAIL, INSTITUTE, NAME, PASSWORD FROM TEACHER WHERE (EMAIL = ?)
	bind => [test.teacher@stuba.sk]
]]></system-out>
  </testcase>
  <testcase name="shouldGetEmptyList" classname="sk.stuba.fei.uim.vsa.pr2.TeacherResourceTest" time="1.043">
    <failure message="expected: &lt;200&gt; but was: &lt;401&gt;" type="org.opentest4j.AssertionFailedError"><![CDATA[org.opentest4j.AssertionFailedError: expected: <200> but was: <401>
	at sk.stuba.fei.uim.vsa.pr2.TeacherResourceTest.shouldGetEmptyList(TeacherResourceTest.java:127)
]]></failure>
    <system-out><![CDATA[[EL Fine]: sql: 2023-05-27 11:52:12.627--ServerSession(1657125852)--Connection(1773336805)--Thread(Thread[grizzly-http-server-15,5,main])--SELECT ID, AISID, EMAIL, NAME, PASSWORD, SEMESTER, STUDYPROGRAM, STUDYYEAR FROM STUDENT WHERE (AISID = ?)
	bind => [70127]
[EL Fine]: sql: 2023-05-27 11:52:12.628--ServerSession(1657125852)--Connection(1773336805)--Thread(Thread[grizzly-http-server-15,5,main])--SELECT ID, AISID, EMAIL, NAME, PASSWORD, SEMESTER, STUDYPROGRAM, STUDYYEAR FROM STUDENT WHERE (EMAIL = ?)
	bind => [xstudent@stuba.sk]
[EL Fine]: sql: 2023-05-27 11:52:12.628--ServerSession(1657125852)--Connection(1773336805)--Thread(Thread[grizzly-http-server-15,5,main])--SELECT ID, AISID, EMAIL, NAME, PASSWORD, SEMESTER, STUDYPROGRAM, STUDYYEAR FROM STUDENT WHERE (AISID = ?)
	bind => [70127]
[EL Fine]: sql: 2023-05-27 11:52:12.629--ClientSession(1585452935)--Connection(1773336805)--Thread(Thread[grizzly-http-server-15,5,main])--INSERT INTO STUDENT (ID, AISID, EMAIL, NAME, PASSWORD, SEMESTER, STUDYPROGRAM, STUDYYEAR) VALUES (?, ?, ?, ?, ?, ?, ?, ?)
	bind => [40, 70127, xstudent@stuba.sk, Test Student, $2a$13$kHLDggFbE9cX8/9T4zRR1ORUO2EJGfE4BaMk0y2YGUj2FHTVfPTyi, 18, API, 8]
2023-05-27 11:52:12.638  INFO --- [           main] s.s.fei.uim.vsa.pr2.utils.ResourceTest   : Parsing response: {"id":40,"aisId":70127,"name":"Test Student","email":"xstudent@stuba.sk","year":8,"term":18,"programme":"API","thesis":null}
com.fasterxml.jackson.databind.ObjectMapper@4e1e8ee2
[EL Fine]: sql: 2023-05-27 11:52:12.642--ServerSession(1657125852)--Connection(1773336805)--Thread(Thread[grizzly-http-server-16,5,main])--SELECT ID, AISID, EMAIL, NAME, PASSWORD, SEMESTER, STUDYPROGRAM, STUDYYEAR FROM STUDENT WHERE (EMAIL = ?)
	bind => [xstudent@stuba.sk]
[EL Fine]: sql: 2023-05-27 11:52:12.643--ServerSession(1657125852)--Connection(1773336805)--Thread(Thread[grizzly-http-server-16,5,main])--SELECT ID, AISID, DEPARTMENT, EMAIL, INSTITUTE, NAME, PASSWORD FROM TEACHER WHERE (EMAIL = ?)
	bind => [xstudent@stuba.sk]
]]></system-out>
  </testcase>
  <testcase name="shouldCallWithoutBodyAndReturnError" classname="sk.stuba.fei.uim.vsa.pr2.TeacherResourceTest" time="0.071"/>
  <testcase name="shouldGetAllTeachers" classname="sk.stuba.fei.uim.vsa.pr2.TeacherResourceTest" time="1.574">
    <failure message="expected: &lt;200&gt; but was: &lt;401&gt;" type="org.opentest4j.AssertionFailedError"><![CDATA[org.opentest4j.AssertionFailedError: expected: <200> but was: <401>
	at sk.stuba.fei.uim.vsa.pr2.TeacherResourceTest.shouldGetAllTeachers(TeacherResourceTest.java:95)
]]></failure>
    <system-out><![CDATA[[EL Fine]: sql: 2023-05-27 11:52:13.757--ServerSession(1657125852)--Connection(1773336805)--Thread(Thread[grizzly-http-server-18,5,main])--SELECT ID, AISID, DEPARTMENT, EMAIL, INSTITUTE, NAME, PASSWORD FROM TEACHER WHERE (AISID = ?)
	bind => [45678]
[EL Fine]: sql: 2023-05-27 11:52:13.758--ServerSession(1657125852)--Connection(1773336805)--Thread(Thread[grizzly-http-server-18,5,main])--SELECT ID, AISID, DEPARTMENT, EMAIL, INSTITUTE, NAME, PASSWORD FROM TEACHER WHERE (EMAIL = ?)
	bind => [ucitel.test@stuba.sk]
[EL Fine]: sql: 2023-05-27 11:52:13.758--ServerSession(1657125852)--Connection(1773336805)--Thread(Thread[grizzly-http-server-18,5,main])--SELECT ID, AISID, DEPARTMENT, EMAIL, INSTITUTE, NAME, PASSWORD FROM TEACHER WHERE (AISID = ?)
	bind => [45678]
[EL Fine]: sql: 2023-05-27 11:52:13.759--ClientSession(1589802232)--Connection(1773336805)--Thread(Thread[grizzly-http-server-18,5,main])--INSERT INTO TEACHER (ID, AISID, DEPARTMENT, EMAIL, INSTITUTE, NAME, PASSWORD) VALUES (?, ?, ?, ?, ?, ?, ?)
	bind => [41, 45678, SI, ucitel.test@stuba.sk, UIM, Testovaci ucitel, $2a$13$PjJq71BsenFx.i02qaxNGOkWReKYJYXRlno2J7wUQ.Cm.UpVTdgsq]
2023-05-27 11:52:13.769  INFO --- [           main] s.s.fei.uim.vsa.pr2.utils.ResourceTest   : Parsing response: {"id":41,"aisId":45678,"name":"Testovaci ucitel","email":"ucitel.test@stuba.sk","institute":"UIM","department":"SI","theses":[]}
[EL Fine]: sql: 2023-05-27 11:52:14.255--ServerSession(1657125852)--Connection(1773336805)--Thread(Thread[grizzly-http-server-19,5,main])--SELECT ID, AISID, DEPARTMENT, EMAIL, INSTITUTE, NAME, PASSWORD FROM TEACHER WHERE (AISID = ?)
	bind => [123456]
[EL Fine]: sql: 2023-05-27 11:52:14.256--ServerSession(1657125852)--Connection(1773336805)--Thread(Thread[grizzly-http-server-19,5,main])--SELECT ID, AISID, DEPARTMENT, EMAIL, INSTITUTE, NAME, PASSWORD FROM TEACHER WHERE (EMAIL = ?)
	bind => [test.teacher@stuba.sk]
[EL Fine]: sql: 2023-05-27 11:52:14.256--ServerSession(1657125852)--Connection(1773336805)--Thread(Thread[grizzly-http-server-19,5,main])--SELECT ID, AISID, DEPARTMENT, EMAIL, INSTITUTE, NAME, PASSWORD FROM TEACHER WHERE (AISID = ?)
	bind => [123456]
[EL Fine]: sql: 2023-05-27 11:52:14.257--ClientSession(909540364)--Connection(1773336805)--Thread(Thread[grizzly-http-server-19,5,main])--INSERT INTO TEACHER (ID, AISID, DEPARTMENT, EMAIL, INSTITUTE, NAME, PASSWORD) VALUES (?, ?, ?, ?, ?, ?, ?)
	bind => [42, 123456, BIS, test.teacher@stuba.sk, UIMM, Meno testovacieho uciteľa, $2a$13$LRrspz9GiS6IWztEJ5fabuU9CaBcjoeoacBCZynESwwcNmzdG0efC]
2023-05-27 11:52:14.267  INFO --- [           main] s.s.fei.uim.vsa.pr2.utils.ResourceTest   : Parsing response: {"id":42,"aisId":123456,"name":"Meno testovacieho uciteľa","email":"test.teacher@stuba.sk","institute":"UIMM","department":"BIS","theses":[]}
com.fasterxml.jackson.databind.ObjectMapper@4e1e8ee2
[EL Fine]: sql: 2023-05-27 11:52:14.269--ServerSession(1657125852)--Connection(1773336805)--Thread(Thread[grizzly-http-server-20,5,main])--SELECT ID, AISID, EMAIL, NAME, PASSWORD, SEMESTER, STUDYPROGRAM, STUDYYEAR FROM STUDENT WHERE (EMAIL = ?)
	bind => [ucitel.test@stuba.sk]
[EL Fine]: sql: 2023-05-27 11:52:14.27--ServerSession(1657125852)--Connection(1773336805)--Thread(Thread[grizzly-http-server-20,5,main])--SELECT ID, AISID, DEPARTMENT, EMAIL, INSTITUTE, NAME, PASSWORD FROM TEACHER WHERE (EMAIL = ?)
	bind => [ucitel.test@stuba.sk]
]]></system-out>
  </testcase>
</testsuite></testsuites>